[0.064s] DEBUG:colcon:Command line arguments: ['/usr/bin/colcon', 'list', '-p', '--base-paths', '/home/lordcruise/Documents/upwork/sniffi/official_work/sniffi']
[0.064s] DEBUG:colcon:Parsed command line arguments: Namespace(log_base=None, log_level=None, verb_name='list', build_base='build', ignore_user_meta=False, metas=['./colcon.meta'], base_paths=['/home/lordcruise/Documents/upwork/sniffi/official_work/sniffi'], packages_ignore=None, packages_ignore_regex=None, paths=None, packages_up_to=None, packages_up_to_regex=None, packages_above=None, packages_above_and_dependencies=None, packages_above_depth=None, packages_select_by_dep=None, packages_skip_by_dep=None, packages_skip_up_to=None, packages_select_build_failed=False, packages_skip_build_finished=False, packages_select_test_failures=False, packages_skip_test_passed=False, packages_select=None, packages_skip=None, packages_select_regex=None, packages_skip_regex=None, packages_start=None, packages_end=None, allow_overriding=[], topological_order=False, names_only=False, paths_only=True, topological_graph=False, topological_graph_dot=False, topological_graph_density=False, topological_graph_legend=False, topological_graph_dot_cluster=False, topological_graph_dot_include_skipped=False, verb_parser=<colcon_defaults.argument_parser.defaults.DefaultArgumentsDecorator object at 0x75705ad5f790>, verb_extension=<colcon_package_information.verb.list.ListVerb object at 0x75705aea89d0>, main=<bound method ListVerb.main of <colcon_package_information.verb.list.ListVerb object at 0x75705aea89d0>>)
[0.089s] Level 1:colcon.colcon_core.package_discovery:discover_packages(colcon_meta) check parameters
[0.089s] Level 1:colcon.colcon_core.package_discovery:discover_packages(recursive) check parameters
[0.089s] Level 1:colcon.colcon_core.package_discovery:discover_packages(ignore) check parameters
[0.089s] Level 1:colcon.colcon_core.package_discovery:discover_packages(path) check parameters
[0.089s] Level 1:colcon.colcon_core.package_discovery:discover_packages(recursive) discover
[0.089s] INFO:colcon.colcon_core.package_discovery:Crawling recursively for packages in '/home/lordcruise/Documents/upwork/sniffi/official_work/sniffi'
[0.089s] Level 1:colcon.colcon_core.package_identification:_identify(/home/lordcruise/Documents/upwork/sniffi/official_work/sniffi) by extensions ['ignore', 'ignore_ament_install']
[0.089s] Level 1:colcon.colcon_core.package_identification:_identify(/home/lordcruise/Documents/upwork/sniffi/official_work/sniffi) by extension 'ignore'
[0.089s] Level 1:colcon.colcon_core.package_identification:_identify(/home/lordcruise/Documents/upwork/sniffi/official_work/sniffi) by extension 'ignore_ament_install'
[0.089s] Level 1:colcon.colcon_core.package_identification:_identify(/home/lordcruise/Documents/upwork/sniffi/official_work/sniffi) by extensions ['colcon_pkg']
[0.089s] Level 1:colcon.colcon_core.package_identification:_identify(/home/lordcruise/Documents/upwork/sniffi/official_work/sniffi) by extension 'colcon_pkg'
[0.089s] Level 1:colcon.colcon_core.package_identification:_identify(/home/lordcruise/Documents/upwork/sniffi/official_work/sniffi) by extensions ['colcon_meta']
[0.089s] Level 1:colcon.colcon_core.package_identification:_identify(/home/lordcruise/Documents/upwork/sniffi/official_work/sniffi) by extension 'colcon_meta'
[0.089s] Level 1:colcon.colcon_core.package_identification:_identify(/home/lordcruise/Documents/upwork/sniffi/official_work/sniffi) by extensions ['ros']
[0.089s] Level 1:colcon.colcon_core.package_identification:_identify(/home/lordcruise/Documents/upwork/sniffi/official_work/sniffi) by extension 'ros'
[0.099s] Level 1:colcon.colcon_core.package_identification:_identify(/home/lordcruise/Documents/upwork/sniffi/official_work/sniffi) by extensions ['cmake', 'python']
[0.099s] Level 1:colcon.colcon_core.package_identification:_identify(/home/lordcruise/Documents/upwork/sniffi/official_work/sniffi) by extension 'cmake'
[0.099s] Level 1:colcon.colcon_core.package_identification:_identify(/home/lordcruise/Documents/upwork/sniffi/official_work/sniffi) by extension 'python'
[0.099s] Level 1:colcon.colcon_core.package_identification:_identify(/home/lordcruise/Documents/upwork/sniffi/official_work/sniffi) by extensions ['python_setup_py']
[0.099s] Level 1:colcon.colcon_core.package_identification:_identify(/home/lordcruise/Documents/upwork/sniffi/official_work/sniffi) by extension 'python_setup_py'
[0.099s] Level 1:colcon.colcon_core.package_identification:_identify(/home/lordcruise/Documents/upwork/sniffi/official_work/sniffi/docs) by extensions ['ignore', 'ignore_ament_install']
[0.099s] Level 1:colcon.colcon_core.package_identification:_identify(/home/lordcruise/Documents/upwork/sniffi/official_work/sniffi/docs) by extension 'ignore'
[0.099s] Level 1:colcon.colcon_core.package_identification:_identify(/home/lordcruise/Documents/upwork/sniffi/official_work/sniffi/docs) by extension 'ignore_ament_install'
[0.100s] Level 1:colcon.colcon_core.package_identification:_identify(/home/lordcruise/Documents/upwork/sniffi/official_work/sniffi/docs) by extensions ['colcon_pkg']
[0.100s] Level 1:colcon.colcon_core.package_identification:_identify(/home/lordcruise/Documents/upwork/sniffi/official_work/sniffi/docs) by extension 'colcon_pkg'
[0.100s] Level 1:colcon.colcon_core.package_identification:_identify(/home/lordcruise/Documents/upwork/sniffi/official_work/sniffi/docs) by extensions ['colcon_meta']
[0.100s] Level 1:colcon.colcon_core.package_identification:_identify(/home/lordcruise/Documents/upwork/sniffi/official_work/sniffi/docs) by extension 'colcon_meta'
[0.100s] Level 1:colcon.colcon_core.package_identification:_identify(/home/lordcruise/Documents/upwork/sniffi/official_work/sniffi/docs) by extensions ['ros']
[0.100s] Level 1:colcon.colcon_core.package_identification:_identify(/home/lordcruise/Documents/upwork/sniffi/official_work/sniffi/docs) by extension 'ros'
[0.100s] Level 1:colcon.colcon_core.package_identification:_identify(/home/lordcruise/Documents/upwork/sniffi/official_work/sniffi/docs) by extensions ['cmake', 'python']
[0.100s] Level 1:colcon.colcon_core.package_identification:_identify(/home/lordcruise/Documents/upwork/sniffi/official_work/sniffi/docs) by extension 'cmake'
[0.100s] Level 1:colcon.colcon_core.package_identification:_identify(/home/lordcruise/Documents/upwork/sniffi/official_work/sniffi/docs) by extension 'python'
[0.100s] Level 1:colcon.colcon_core.package_identification:_identify(/home/lordcruise/Documents/upwork/sniffi/official_work/sniffi/docs) by extensions ['python_setup_py']
[0.100s] Level 1:colcon.colcon_core.package_identification:_identify(/home/lordcruise/Documents/upwork/sniffi/official_work/sniffi/docs) by extension 'python_setup_py'
[0.100s] Level 1:colcon.colcon_core.package_identification:_identify(/home/lordcruise/Documents/upwork/sniffi/official_work/sniffi/log) by extensions ['ignore', 'ignore_ament_install']
[0.100s] Level 1:colcon.colcon_core.package_identification:_identify(/home/lordcruise/Documents/upwork/sniffi/official_work/sniffi/log) by extension 'ignore'
[0.100s] Level 1:colcon.colcon_core.package_identification:_identify(/home/lordcruise/Documents/upwork/sniffi/official_work/sniffi/log) ignored
[0.100s] Level 1:colcon.colcon_core.package_identification:_identify(/home/lordcruise/Documents/upwork/sniffi/official_work/sniffi/ref-src) by extensions ['ignore', 'ignore_ament_install']
[0.100s] Level 1:colcon.colcon_core.package_identification:_identify(/home/lordcruise/Documents/upwork/sniffi/official_work/sniffi/ref-src) by extension 'ignore'
[0.100s] Level 1:colcon.colcon_core.package_identification:_identify(/home/lordcruise/Documents/upwork/sniffi/official_work/sniffi/ref-src) by extension 'ignore_ament_install'
[0.100s] Level 1:colcon.colcon_core.package_identification:_identify(/home/lordcruise/Documents/upwork/sniffi/official_work/sniffi/ref-src) by extensions ['colcon_pkg']
[0.100s] Level 1:colcon.colcon_core.package_identification:_identify(/home/lordcruise/Documents/upwork/sniffi/official_work/sniffi/ref-src) by extension 'colcon_pkg'
[0.100s] Level 1:colcon.colcon_core.package_identification:_identify(/home/lordcruise/Documents/upwork/sniffi/official_work/sniffi/ref-src) by extensions ['colcon_meta']
[0.100s] Level 1:colcon.colcon_core.package_identification:_identify(/home/lordcruise/Documents/upwork/sniffi/official_work/sniffi/ref-src) by extension 'colcon_meta'
[0.100s] Level 1:colcon.colcon_core.package_identification:_identify(/home/lordcruise/Documents/upwork/sniffi/official_work/sniffi/ref-src) by extensions ['ros']
[0.100s] Level 1:colcon.colcon_core.package_identification:_identify(/home/lordcruise/Documents/upwork/sniffi/official_work/sniffi/ref-src) by extension 'ros'
[0.100s] Level 1:colcon.colcon_core.package_identification:_identify(/home/lordcruise/Documents/upwork/sniffi/official_work/sniffi/ref-src) by extensions ['cmake', 'python']
[0.100s] Level 1:colcon.colcon_core.package_identification:_identify(/home/lordcruise/Documents/upwork/sniffi/official_work/sniffi/ref-src) by extension 'cmake'
[0.100s] Level 1:colcon.colcon_core.package_identification:_identify(/home/lordcruise/Documents/upwork/sniffi/official_work/sniffi/ref-src) by extension 'python'
[0.100s] Level 1:colcon.colcon_core.package_identification:_identify(/home/lordcruise/Documents/upwork/sniffi/official_work/sniffi/ref-src) by extensions ['python_setup_py']
[0.100s] Level 1:colcon.colcon_core.package_identification:_identify(/home/lordcruise/Documents/upwork/sniffi/official_work/sniffi/ref-src) by extension 'python_setup_py'
[0.100s] Level 1:colcon.colcon_core.package_identification:_identify(/home/lordcruise/Documents/upwork/sniffi/official_work/sniffi/ref-src/src) by extensions ['ignore', 'ignore_ament_install']
[0.100s] Level 1:colcon.colcon_core.package_identification:_identify(/home/lordcruise/Documents/upwork/sniffi/official_work/sniffi/ref-src/src) by extension 'ignore'
[0.100s] Level 1:colcon.colcon_core.package_identification:_identify(/home/lordcruise/Documents/upwork/sniffi/official_work/sniffi/ref-src/src) by extension 'ignore_ament_install'
[0.100s] Level 1:colcon.colcon_core.package_identification:_identify(/home/lordcruise/Documents/upwork/sniffi/official_work/sniffi/ref-src/src) by extensions ['colcon_pkg']
[0.100s] Level 1:colcon.colcon_core.package_identification:_identify(/home/lordcruise/Documents/upwork/sniffi/official_work/sniffi/ref-src/src) by extension 'colcon_pkg'
[0.100s] Level 1:colcon.colcon_core.package_identification:_identify(/home/lordcruise/Documents/upwork/sniffi/official_work/sniffi/ref-src/src) by extensions ['colcon_meta']
[0.100s] Level 1:colcon.colcon_core.package_identification:_identify(/home/lordcruise/Documents/upwork/sniffi/official_work/sniffi/ref-src/src) by extension 'colcon_meta'
[0.100s] Level 1:colcon.colcon_core.package_identification:_identify(/home/lordcruise/Documents/upwork/sniffi/official_work/sniffi/ref-src/src) by extensions ['ros']
[0.100s] Level 1:colcon.colcon_core.package_identification:_identify(/home/lordcruise/Documents/upwork/sniffi/official_work/sniffi/ref-src/src) by extension 'ros'
[0.101s] Level 1:colcon.colcon_core.package_identification:_identify(/home/lordcruise/Documents/upwork/sniffi/official_work/sniffi/ref-src/src) by extensions ['cmake', 'python']
[0.101s] Level 1:colcon.colcon_core.package_identification:_identify(/home/lordcruise/Documents/upwork/sniffi/official_work/sniffi/ref-src/src) by extension 'cmake'
[0.101s] Level 1:colcon.colcon_core.package_identification:_identify(/home/lordcruise/Documents/upwork/sniffi/official_work/sniffi/ref-src/src) by extension 'python'
[0.101s] Level 1:colcon.colcon_core.package_identification:_identify(/home/lordcruise/Documents/upwork/sniffi/official_work/sniffi/ref-src/src) by extensions ['python_setup_py']
[0.101s] Level 1:colcon.colcon_core.package_identification:_identify(/home/lordcruise/Documents/upwork/sniffi/official_work/sniffi/ref-src/src) by extension 'python_setup_py'
[0.101s] Level 1:colcon.colcon_core.package_identification:_identify(/home/lordcruise/Documents/upwork/sniffi/official_work/sniffi/ref-src/src/lidar_gui) by extensions ['ignore', 'ignore_ament_install']
[0.101s] Level 1:colcon.colcon_core.package_identification:_identify(/home/lordcruise/Documents/upwork/sniffi/official_work/sniffi/ref-src/src/lidar_gui) by extension 'ignore'
[0.101s] Level 1:colcon.colcon_core.package_identification:_identify(/home/lordcruise/Documents/upwork/sniffi/official_work/sniffi/ref-src/src/lidar_gui) by extension 'ignore_ament_install'
[0.101s] Level 1:colcon.colcon_core.package_identification:_identify(/home/lordcruise/Documents/upwork/sniffi/official_work/sniffi/ref-src/src/lidar_gui) by extensions ['colcon_pkg']
[0.101s] Level 1:colcon.colcon_core.package_identification:_identify(/home/lordcruise/Documents/upwork/sniffi/official_work/sniffi/ref-src/src/lidar_gui) by extension 'colcon_pkg'
[0.101s] Level 1:colcon.colcon_core.package_identification:_identify(/home/lordcruise/Documents/upwork/sniffi/official_work/sniffi/ref-src/src/lidar_gui) by extensions ['colcon_meta']
[0.101s] Level 1:colcon.colcon_core.package_identification:_identify(/home/lordcruise/Documents/upwork/sniffi/official_work/sniffi/ref-src/src/lidar_gui) by extension 'colcon_meta'
[0.101s] Level 1:colcon.colcon_core.package_identification:_identify(/home/lordcruise/Documents/upwork/sniffi/official_work/sniffi/ref-src/src/lidar_gui) by extensions ['ros']
[0.101s] Level 1:colcon.colcon_core.package_identification:_identify(/home/lordcruise/Documents/upwork/sniffi/official_work/sniffi/ref-src/src/lidar_gui) by extension 'ros'
[0.103s] DEBUG:colcon.colcon_core.package_identification:Package '/home/lordcruise/Documents/upwork/sniffi/official_work/sniffi/ref-src/src/lidar_gui' with type 'ros.ament_python' and name 'lidar_gui'
[0.103s] Level 1:colcon.colcon_core.package_identification:_identify(/home/lordcruise/Documents/upwork/sniffi/official_work/sniffi/ref-src/src/motor_driver) by extensions ['ignore', 'ignore_ament_install']
[0.103s] Level 1:colcon.colcon_core.package_identification:_identify(/home/lordcruise/Documents/upwork/sniffi/official_work/sniffi/ref-src/src/motor_driver) by extension 'ignore'
[0.103s] Level 1:colcon.colcon_core.package_identification:_identify(/home/lordcruise/Documents/upwork/sniffi/official_work/sniffi/ref-src/src/motor_driver) by extension 'ignore_ament_install'
[0.103s] Level 1:colcon.colcon_core.package_identification:_identify(/home/lordcruise/Documents/upwork/sniffi/official_work/sniffi/ref-src/src/motor_driver) by extensions ['colcon_pkg']
[0.103s] Level 1:colcon.colcon_core.package_identification:_identify(/home/lordcruise/Documents/upwork/sniffi/official_work/sniffi/ref-src/src/motor_driver) by extension 'colcon_pkg'
[0.103s] Level 1:colcon.colcon_core.package_identification:_identify(/home/lordcruise/Documents/upwork/sniffi/official_work/sniffi/ref-src/src/motor_driver) by extensions ['colcon_meta']
[0.103s] Level 1:colcon.colcon_core.package_identification:_identify(/home/lordcruise/Documents/upwork/sniffi/official_work/sniffi/ref-src/src/motor_driver) by extension 'colcon_meta'
[0.103s] Level 1:colcon.colcon_core.package_identification:_identify(/home/lordcruise/Documents/upwork/sniffi/official_work/sniffi/ref-src/src/motor_driver) by extensions ['ros']
[0.103s] Level 1:colcon.colcon_core.package_identification:_identify(/home/lordcruise/Documents/upwork/sniffi/official_work/sniffi/ref-src/src/motor_driver) by extension 'ros'
[0.104s] DEBUG:colcon.colcon_core.package_identification:Package '/home/lordcruise/Documents/upwork/sniffi/official_work/sniffi/ref-src/src/motor_driver' with type 'ros.ament_python' and name 'motor_driver'
[0.104s] Level 1:colcon.colcon_core.package_identification:_identify(/home/lordcruise/Documents/upwork/sniffi/official_work/sniffi/ref-src/src/sllidar_ros2) by extensions ['ignore', 'ignore_ament_install']
[0.104s] Level 1:colcon.colcon_core.package_identification:_identify(/home/lordcruise/Documents/upwork/sniffi/official_work/sniffi/ref-src/src/sllidar_ros2) by extension 'ignore'
[0.104s] Level 1:colcon.colcon_core.package_identification:_identify(/home/lordcruise/Documents/upwork/sniffi/official_work/sniffi/ref-src/src/sllidar_ros2) by extension 'ignore_ament_install'
[0.104s] Level 1:colcon.colcon_core.package_identification:_identify(/home/lordcruise/Documents/upwork/sniffi/official_work/sniffi/ref-src/src/sllidar_ros2) by extensions ['colcon_pkg']
[0.104s] Level 1:colcon.colcon_core.package_identification:_identify(/home/lordcruise/Documents/upwork/sniffi/official_work/sniffi/ref-src/src/sllidar_ros2) by extension 'colcon_pkg'
[0.104s] Level 1:colcon.colcon_core.package_identification:_identify(/home/lordcruise/Documents/upwork/sniffi/official_work/sniffi/ref-src/src/sllidar_ros2) by extensions ['colcon_meta']
[0.104s] Level 1:colcon.colcon_core.package_identification:_identify(/home/lordcruise/Documents/upwork/sniffi/official_work/sniffi/ref-src/src/sllidar_ros2) by extension 'colcon_meta'
[0.104s] Level 1:colcon.colcon_core.package_identification:_identify(/home/lordcruise/Documents/upwork/sniffi/official_work/sniffi/ref-src/src/sllidar_ros2) by extensions ['ros']
[0.104s] Level 1:colcon.colcon_core.package_identification:_identify(/home/lordcruise/Documents/upwork/sniffi/official_work/sniffi/ref-src/src/sllidar_ros2) by extension 'ros'
[0.105s] DEBUG:colcon.colcon_core.package_identification:Package '/home/lordcruise/Documents/upwork/sniffi/official_work/sniffi/ref-src/src/sllidar_ros2' with type 'ros.ament_cmake' and name 'sllidar_ros2'
[0.105s] Level 1:colcon.colcon_core.package_identification:_identify(/home/lordcruise/Documents/upwork/sniffi/official_work/sniffi/src) by extensions ['ignore', 'ignore_ament_install']
[0.105s] Level 1:colcon.colcon_core.package_identification:_identify(/home/lordcruise/Documents/upwork/sniffi/official_work/sniffi/src) by extension 'ignore'
[0.105s] Level 1:colcon.colcon_core.package_identification:_identify(/home/lordcruise/Documents/upwork/sniffi/official_work/sniffi/src) by extension 'ignore_ament_install'
[0.105s] Level 1:colcon.colcon_core.package_identification:_identify(/home/lordcruise/Documents/upwork/sniffi/official_work/sniffi/src) by extensions ['colcon_pkg']
[0.105s] Level 1:colcon.colcon_core.package_identification:_identify(/home/lordcruise/Documents/upwork/sniffi/official_work/sniffi/src) by extension 'colcon_pkg'
[0.105s] Level 1:colcon.colcon_core.package_identification:_identify(/home/lordcruise/Documents/upwork/sniffi/official_work/sniffi/src) by extensions ['colcon_meta']
[0.105s] Level 1:colcon.colcon_core.package_identification:_identify(/home/lordcruise/Documents/upwork/sniffi/official_work/sniffi/src) by extension 'colcon_meta'
[0.105s] Level 1:colcon.colcon_core.package_identification:_identify(/home/lordcruise/Documents/upwork/sniffi/official_work/sniffi/src) by extensions ['ros']
[0.105s] Level 1:colcon.colcon_core.package_identification:_identify(/home/lordcruise/Documents/upwork/sniffi/official_work/sniffi/src) by extension 'ros'
[0.105s] Level 1:colcon.colcon_core.package_identification:_identify(/home/lordcruise/Documents/upwork/sniffi/official_work/sniffi/src) by extensions ['cmake', 'python']
[0.105s] Level 1:colcon.colcon_core.package_identification:_identify(/home/lordcruise/Documents/upwork/sniffi/official_work/sniffi/src) by extension 'cmake'
[0.105s] Level 1:colcon.colcon_core.package_identification:_identify(/home/lordcruise/Documents/upwork/sniffi/official_work/sniffi/src) by extension 'python'
[0.105s] Level 1:colcon.colcon_core.package_identification:_identify(/home/lordcruise/Documents/upwork/sniffi/official_work/sniffi/src) by extensions ['python_setup_py']
[0.105s] Level 1:colcon.colcon_core.package_identification:_identify(/home/lordcruise/Documents/upwork/sniffi/official_work/sniffi/src) by extension 'python_setup_py'
[0.105s] Level 1:colcon.colcon_core.package_identification:_identify(/home/lordcruise/Documents/upwork/sniffi/official_work/sniffi/src/lidar_gui) by extensions ['ignore', 'ignore_ament_install']
[0.105s] Level 1:colcon.colcon_core.package_identification:_identify(/home/lordcruise/Documents/upwork/sniffi/official_work/sniffi/src/lidar_gui) by extension 'ignore'
[0.105s] Level 1:colcon.colcon_core.package_identification:_identify(/home/lordcruise/Documents/upwork/sniffi/official_work/sniffi/src/lidar_gui) by extension 'ignore_ament_install'
[0.105s] Level 1:colcon.colcon_core.package_identification:_identify(/home/lordcruise/Documents/upwork/sniffi/official_work/sniffi/src/lidar_gui) by extensions ['colcon_pkg']
[0.105s] Level 1:colcon.colcon_core.package_identification:_identify(/home/lordcruise/Documents/upwork/sniffi/official_work/sniffi/src/lidar_gui) by extension 'colcon_pkg'
[0.106s] Level 1:colcon.colcon_core.package_identification:_identify(/home/lordcruise/Documents/upwork/sniffi/official_work/sniffi/src/lidar_gui) by extensions ['colcon_meta']
[0.106s] Level 1:colcon.colcon_core.package_identification:_identify(/home/lordcruise/Documents/upwork/sniffi/official_work/sniffi/src/lidar_gui) by extension 'colcon_meta'
[0.106s] Level 1:colcon.colcon_core.package_identification:_identify(/home/lordcruise/Documents/upwork/sniffi/official_work/sniffi/src/lidar_gui) by extensions ['ros']
[0.106s] Level 1:colcon.colcon_core.package_identification:_identify(/home/lordcruise/Documents/upwork/sniffi/official_work/sniffi/src/lidar_gui) by extension 'ros'
[0.106s] DEBUG:colcon.colcon_core.package_identification:Package '/home/lordcruise/Documents/upwork/sniffi/official_work/sniffi/src/lidar_gui' with type 'ros.ament_cmake' and name 'lidar_gui'
[0.106s] Level 1:colcon.colcon_core.package_identification:_identify(/home/lordcruise/Documents/upwork/sniffi/official_work/sniffi/src/motor_driver) by extensions ['ignore', 'ignore_ament_install']
[0.106s] Level 1:colcon.colcon_core.package_identification:_identify(/home/lordcruise/Documents/upwork/sniffi/official_work/sniffi/src/motor_driver) by extension 'ignore'
[0.106s] Level 1:colcon.colcon_core.package_identification:_identify(/home/lordcruise/Documents/upwork/sniffi/official_work/sniffi/src/motor_driver) by extension 'ignore_ament_install'
[0.106s] Level 1:colcon.colcon_core.package_identification:_identify(/home/lordcruise/Documents/upwork/sniffi/official_work/sniffi/src/motor_driver) by extensions ['colcon_pkg']
[0.106s] Level 1:colcon.colcon_core.package_identification:_identify(/home/lordcruise/Documents/upwork/sniffi/official_work/sniffi/src/motor_driver) by extension 'colcon_pkg'
[0.106s] Level 1:colcon.colcon_core.package_identification:_identify(/home/lordcruise/Documents/upwork/sniffi/official_work/sniffi/src/motor_driver) by extensions ['colcon_meta']
[0.106s] Level 1:colcon.colcon_core.package_identification:_identify(/home/lordcruise/Documents/upwork/sniffi/official_work/sniffi/src/motor_driver) by extension 'colcon_meta'
[0.107s] Level 1:colcon.colcon_core.package_identification:_identify(/home/lordcruise/Documents/upwork/sniffi/official_work/sniffi/src/motor_driver) by extensions ['ros']
[0.107s] Level 1:colcon.colcon_core.package_identification:_identify(/home/lordcruise/Documents/upwork/sniffi/official_work/sniffi/src/motor_driver) by extension 'ros'
[0.107s] DEBUG:colcon.colcon_core.package_identification:Package '/home/lordcruise/Documents/upwork/sniffi/official_work/sniffi/src/motor_driver' with type 'ros.ament_cmake' and name 'motor_driver'
[0.107s] Level 1:colcon.colcon_core.package_identification:_identify(/home/lordcruise/Documents/upwork/sniffi/official_work/sniffi/src/sniffi_bringup) by extensions ['ignore', 'ignore_ament_install']
[0.107s] Level 1:colcon.colcon_core.package_identification:_identify(/home/lordcruise/Documents/upwork/sniffi/official_work/sniffi/src/sniffi_bringup) by extension 'ignore'
[0.107s] Level 1:colcon.colcon_core.package_identification:_identify(/home/lordcruise/Documents/upwork/sniffi/official_work/sniffi/src/sniffi_bringup) by extension 'ignore_ament_install'
[0.107s] Level 1:colcon.colcon_core.package_identification:_identify(/home/lordcruise/Documents/upwork/sniffi/official_work/sniffi/src/sniffi_bringup) by extensions ['colcon_pkg']
[0.107s] Level 1:colcon.colcon_core.package_identification:_identify(/home/lordcruise/Documents/upwork/sniffi/official_work/sniffi/src/sniffi_bringup) by extension 'colcon_pkg'
[0.107s] Level 1:colcon.colcon_core.package_identification:_identify(/home/lordcruise/Documents/upwork/sniffi/official_work/sniffi/src/sniffi_bringup) by extensions ['colcon_meta']
[0.107s] Level 1:colcon.colcon_core.package_identification:_identify(/home/lordcruise/Documents/upwork/sniffi/official_work/sniffi/src/sniffi_bringup) by extension 'colcon_meta'
[0.107s] Level 1:colcon.colcon_core.package_identification:_identify(/home/lordcruise/Documents/upwork/sniffi/official_work/sniffi/src/sniffi_bringup) by extensions ['ros']
[0.107s] Level 1:colcon.colcon_core.package_identification:_identify(/home/lordcruise/Documents/upwork/sniffi/official_work/sniffi/src/sniffi_bringup) by extension 'ros'
[0.107s] DEBUG:colcon.colcon_core.package_identification:Package '/home/lordcruise/Documents/upwork/sniffi/official_work/sniffi/src/sniffi_bringup' with type 'ros.ament_cmake' and name 'sniffi_bringup'
[0.108s] Level 1:colcon.colcon_core.package_identification:_identify(/home/lordcruise/Documents/upwork/sniffi/official_work/sniffi/src/sniffi_description) by extensions ['ignore', 'ignore_ament_install']
[0.108s] Level 1:colcon.colcon_core.package_identification:_identify(/home/lordcruise/Documents/upwork/sniffi/official_work/sniffi/src/sniffi_description) by extension 'ignore'
[0.108s] Level 1:colcon.colcon_core.package_identification:_identify(/home/lordcruise/Documents/upwork/sniffi/official_work/sniffi/src/sniffi_description) by extension 'ignore_ament_install'
[0.108s] Level 1:colcon.colcon_core.package_identification:_identify(/home/lordcruise/Documents/upwork/sniffi/official_work/sniffi/src/sniffi_description) by extensions ['colcon_pkg']
[0.108s] Level 1:colcon.colcon_core.package_identification:_identify(/home/lordcruise/Documents/upwork/sniffi/official_work/sniffi/src/sniffi_description) by extension 'colcon_pkg'
[0.108s] Level 1:colcon.colcon_core.package_identification:_identify(/home/lordcruise/Documents/upwork/sniffi/official_work/sniffi/src/sniffi_description) by extensions ['colcon_meta']
[0.108s] Level 1:colcon.colcon_core.package_identification:_identify(/home/lordcruise/Documents/upwork/sniffi/official_work/sniffi/src/sniffi_description) by extension 'colcon_meta'
[0.108s] Level 1:colcon.colcon_core.package_identification:_identify(/home/lordcruise/Documents/upwork/sniffi/official_work/sniffi/src/sniffi_description) by extensions ['ros']
[0.108s] Level 1:colcon.colcon_core.package_identification:_identify(/home/lordcruise/Documents/upwork/sniffi/official_work/sniffi/src/sniffi_description) by extension 'ros'
[0.108s] DEBUG:colcon.colcon_core.package_identification:Package '/home/lordcruise/Documents/upwork/sniffi/official_work/sniffi/src/sniffi_description' with type 'ros.ament_cmake' and name 'sniffi_description'
[0.108s] Level 1:colcon.colcon_core.package_identification:_identify(/home/lordcruise/Documents/upwork/sniffi/official_work/sniffi/src/sniffi_msgs) by extensions ['ignore', 'ignore_ament_install']
[0.108s] Level 1:colcon.colcon_core.package_identification:_identify(/home/lordcruise/Documents/upwork/sniffi/official_work/sniffi/src/sniffi_msgs) by extension 'ignore'
[0.108s] Level 1:colcon.colcon_core.package_identification:_identify(/home/lordcruise/Documents/upwork/sniffi/official_work/sniffi/src/sniffi_msgs) by extension 'ignore_ament_install'
[0.108s] Level 1:colcon.colcon_core.package_identification:_identify(/home/lordcruise/Documents/upwork/sniffi/official_work/sniffi/src/sniffi_msgs) by extensions ['colcon_pkg']
[0.108s] Level 1:colcon.colcon_core.package_identification:_identify(/home/lordcruise/Documents/upwork/sniffi/official_work/sniffi/src/sniffi_msgs) by extension 'colcon_pkg'
[0.108s] Level 1:colcon.colcon_core.package_identification:_identify(/home/lordcruise/Documents/upwork/sniffi/official_work/sniffi/src/sniffi_msgs) by extensions ['colcon_meta']
[0.108s] Level 1:colcon.colcon_core.package_identification:_identify(/home/lordcruise/Documents/upwork/sniffi/official_work/sniffi/src/sniffi_msgs) by extension 'colcon_meta'
[0.108s] Level 1:colcon.colcon_core.package_identification:_identify(/home/lordcruise/Documents/upwork/sniffi/official_work/sniffi/src/sniffi_msgs) by extensions ['ros']
[0.108s] Level 1:colcon.colcon_core.package_identification:_identify(/home/lordcruise/Documents/upwork/sniffi/official_work/sniffi/src/sniffi_msgs) by extension 'ros'
[0.109s] DEBUG:colcon.colcon_core.package_identification:Package '/home/lordcruise/Documents/upwork/sniffi/official_work/sniffi/src/sniffi_msgs' with type 'ros.ament_cmake' and name 'sniffi_msgs'
[0.109s] Level 1:colcon.colcon_core.package_identification:_identify(/home/lordcruise/Documents/upwork/sniffi/official_work/sniffi/src/sniffi_power) by extensions ['ignore', 'ignore_ament_install']
[0.109s] Level 1:colcon.colcon_core.package_identification:_identify(/home/lordcruise/Documents/upwork/sniffi/official_work/sniffi/src/sniffi_power) by extension 'ignore'
[0.109s] Level 1:colcon.colcon_core.package_identification:_identify(/home/lordcruise/Documents/upwork/sniffi/official_work/sniffi/src/sniffi_power) by extension 'ignore_ament_install'
[0.109s] Level 1:colcon.colcon_core.package_identification:_identify(/home/lordcruise/Documents/upwork/sniffi/official_work/sniffi/src/sniffi_power) by extensions ['colcon_pkg']
[0.109s] Level 1:colcon.colcon_core.package_identification:_identify(/home/lordcruise/Documents/upwork/sniffi/official_work/sniffi/src/sniffi_power) by extension 'colcon_pkg'
[0.109s] Level 1:colcon.colcon_core.package_identification:_identify(/home/lordcruise/Documents/upwork/sniffi/official_work/sniffi/src/sniffi_power) by extensions ['colcon_meta']
[0.109s] Level 1:colcon.colcon_core.package_identification:_identify(/home/lordcruise/Documents/upwork/sniffi/official_work/sniffi/src/sniffi_power) by extension 'colcon_meta'
[0.109s] Level 1:colcon.colcon_core.package_identification:_identify(/home/lordcruise/Documents/upwork/sniffi/official_work/sniffi/src/sniffi_power) by extensions ['ros']
[0.109s] Level 1:colcon.colcon_core.package_identification:_identify(/home/lordcruise/Documents/upwork/sniffi/official_work/sniffi/src/sniffi_power) by extension 'ros'
[0.109s] DEBUG:colcon.colcon_core.package_identification:Package '/home/lordcruise/Documents/upwork/sniffi/official_work/sniffi/src/sniffi_power' with type 'ros.ament_cmake' and name 'sniffi_power'
[0.109s] Level 1:colcon.colcon_core.package_identification:_identify(/home/lordcruise/Documents/upwork/sniffi/official_work/sniffi/src/sniffi_safety) by extensions ['ignore', 'ignore_ament_install']
[0.109s] Level 1:colcon.colcon_core.package_identification:_identify(/home/lordcruise/Documents/upwork/sniffi/official_work/sniffi/src/sniffi_safety) by extension 'ignore'
[0.109s] Level 1:colcon.colcon_core.package_identification:_identify(/home/lordcruise/Documents/upwork/sniffi/official_work/sniffi/src/sniffi_safety) by extension 'ignore_ament_install'
[0.109s] Level 1:colcon.colcon_core.package_identification:_identify(/home/lordcruise/Documents/upwork/sniffi/official_work/sniffi/src/sniffi_safety) by extensions ['colcon_pkg']
[0.109s] Level 1:colcon.colcon_core.package_identification:_identify(/home/lordcruise/Documents/upwork/sniffi/official_work/sniffi/src/sniffi_safety) by extension 'colcon_pkg'
[0.109s] Level 1:colcon.colcon_core.package_identification:_identify(/home/lordcruise/Documents/upwork/sniffi/official_work/sniffi/src/sniffi_safety) by extensions ['colcon_meta']
[0.109s] Level 1:colcon.colcon_core.package_identification:_identify(/home/lordcruise/Documents/upwork/sniffi/official_work/sniffi/src/sniffi_safety) by extension 'colcon_meta'
[0.110s] Level 1:colcon.colcon_core.package_identification:_identify(/home/lordcruise/Documents/upwork/sniffi/official_work/sniffi/src/sniffi_safety) by extensions ['ros']
[0.110s] Level 1:colcon.colcon_core.package_identification:_identify(/home/lordcruise/Documents/upwork/sniffi/official_work/sniffi/src/sniffi_safety) by extension 'ros'
[0.110s] DEBUG:colcon.colcon_core.package_identification:Package '/home/lordcruise/Documents/upwork/sniffi/official_work/sniffi/src/sniffi_safety' with type 'ros.ament_cmake' and name 'sniffi_safety'
[0.110s] Level 1:colcon.colcon_core.package_identification:_identify(/home/lordcruise/Documents/upwork/sniffi/official_work/sniffi/src/sniffi_sim) by extensions ['ignore', 'ignore_ament_install']
[0.110s] Level 1:colcon.colcon_core.package_identification:_identify(/home/lordcruise/Documents/upwork/sniffi/official_work/sniffi/src/sniffi_sim) by extension 'ignore'
[0.110s] Level 1:colcon.colcon_core.package_identification:_identify(/home/lordcruise/Documents/upwork/sniffi/official_work/sniffi/src/sniffi_sim) by extension 'ignore_ament_install'
[0.110s] Level 1:colcon.colcon_core.package_identification:_identify(/home/lordcruise/Documents/upwork/sniffi/official_work/sniffi/src/sniffi_sim) by extensions ['colcon_pkg']
[0.110s] Level 1:colcon.colcon_core.package_identification:_identify(/home/lordcruise/Documents/upwork/sniffi/official_work/sniffi/src/sniffi_sim) by extension 'colcon_pkg'
[0.110s] Level 1:colcon.colcon_core.package_identification:_identify(/home/lordcruise/Documents/upwork/sniffi/official_work/sniffi/src/sniffi_sim) by extensions ['colcon_meta']
[0.110s] Level 1:colcon.colcon_core.package_identification:_identify(/home/lordcruise/Documents/upwork/sniffi/official_work/sniffi/src/sniffi_sim) by extension 'colcon_meta'
[0.110s] Level 1:colcon.colcon_core.package_identification:_identify(/home/lordcruise/Documents/upwork/sniffi/official_work/sniffi/src/sniffi_sim) by extensions ['ros']
[0.110s] Level 1:colcon.colcon_core.package_identification:_identify(/home/lordcruise/Documents/upwork/sniffi/official_work/sniffi/src/sniffi_sim) by extension 'ros'
[0.110s] Level 1:colcon.colcon_core.package_identification:_identify(/home/lordcruise/Documents/upwork/sniffi/official_work/sniffi/src/sniffi_sim) by extensions ['cmake', 'python']
[0.110s] Level 1:colcon.colcon_core.package_identification:_identify(/home/lordcruise/Documents/upwork/sniffi/official_work/sniffi/src/sniffi_sim) by extension 'cmake'
[0.110s] Level 1:colcon.colcon_core.package_identification:_identify(/home/lordcruise/Documents/upwork/sniffi/official_work/sniffi/src/sniffi_sim) by extension 'python'
[0.110s] Level 1:colcon.colcon_core.package_identification:_identify(/home/lordcruise/Documents/upwork/sniffi/official_work/sniffi/src/sniffi_sim) by extensions ['python_setup_py']
[0.110s] Level 1:colcon.colcon_core.package_identification:_identify(/home/lordcruise/Documents/upwork/sniffi/official_work/sniffi/src/sniffi_sim) by extension 'python_setup_py'
[0.110s] Level 1:colcon.colcon_core.package_discovery:discover_packages(recursive) using defaults
