[0.011s] Invoking command in '/home/lordcruise/Documents/upwork/sniffi/official_work/sniffi/build/lidar_gui': CMAKE_PREFIX_PATH=/opt/ros/humble /usr/bin/cmake /home/lordcruise/Documents/upwork/sniffi/official_work/sniffi/src/lidar_gui -DAMENT_CMAKE_SYMLINK_INSTALL=1 -DCMAKE_INSTALL_PREFIX=/home/lordcruise/Documents/upwork/sniffi/official_work/sniffi/install/lidar_gui
[0.097s] -- The C compiler identification is GNU 11.4.0
[0.156s] -- The CXX compiler identification is GNU 11.4.0
[0.168s] -- Detecting C compiler ABI info
[0.212s] -- Detecting C compiler ABI info - done
[0.216s] -- Check for working C compiler: /usr/lib/ccache/cc - skipped
[0.217s] -- Detecting C compile features
[0.218s] -- Detecting C compile features - done
[0.221s] -- Detecting CXX compiler ABI info
[0.271s] -- Detecting CXX compiler ABI info - done
[0.274s] -- Check for working CXX compiler: /usr/lib/ccache/c++ - skipped
[0.274s] -- Detecting CXX compile features
[0.274s] -- Detecting CXX compile features - done
[0.280s] -- Found ament_cmake: 1.3.11 (/opt/ros/humble/share/ament_cmake/cmake)
[0.514s] -- Found Python3: /usr/bin/python3 (found version "3.10.12") found components: Interpreter 
[0.558s] -- Override CMake install command with custom implementation using symlinks instead of copying resources
[0.582s] -- Found rclcpp: 16.0.12 (/opt/ros/humble/share/rclcpp/cmake)
[0.612s] -- Found rosidl_generator_c: 3.1.6 (/opt/ros/humble/share/rosidl_generator_c/cmake)
[0.616s] -- Found rosidl_adapter: 3.1.6 (/opt/ros/humble/share/rosidl_adapter/cmake)
[0.622s] -- Found rosidl_generator_cpp: 3.1.6 (/opt/ros/humble/share/rosidl_generator_cpp/cmake)
[0.635s] -- Using all available rosidl_typesupport_c: rosidl_typesupport_fastrtps_c;rosidl_typesupport_introspection_c
[0.652s] -- Using all available rosidl_typesupport_cpp: rosidl_typesupport_fastrtps_cpp;rosidl_typesupport_introspection_cpp
[0.689s] -- Found rmw_implementation_cmake: 6.1.2 (/opt/ros/humble/share/rmw_implementation_cmake/cmake)
[0.689s] -- Found rmw_fastrtps_cpp: 6.2.7 (/opt/ros/humble/share/rmw_fastrtps_cpp/cmake)
[0.770s] -- Found OpenSSL: /usr/lib/x86_64-linux-gnu/libcrypto.so (found version "3.0.2")  
[0.793s] -- Found FastRTPS: /opt/ros/humble/include  
[0.821s] -- Using RMW implementation 'rmw_fastrtps_cpp' as default
[0.829s] -- Looking for pthread.h
[0.893s] -- Looking for pthread.h - found
[0.893s] -- Performing Test CMAKE_HAVE_LIBC_PTHREAD
[0.958s] -- Performing Test CMAKE_HAVE_LIBC_PTHREAD - Success
[0.958s] -- Found Threads: TRUE  
[0.999s] -- Found sensor_msgs: 4.8.0 (/opt/ros/humble/share/sensor_msgs/cmake)
[1.029s] -- Found visualization_msgs: 4.8.0 (/opt/ros/humble/share/visualization_msgs/cmake)
[1.047s] -- Found ament_lint_auto: 0.12.12 (/opt/ros/humble/share/ament_lint_auto/cmake)
[1.092s] -- Added test 'lint_cmake' to check CMake code style
[1.093s] -- Added test 'xmllint' to check XML markup files
[1.094s] -- Configuring done
[1.096s] -- Generating done
[1.096s] -- Build files have been written to: /home/lordcruise/Documents/upwork/sniffi/official_work/sniffi/build/lidar_gui
[1.104s] Invoked command in '/home/lordcruise/Documents/upwork/sniffi/official_work/sniffi/build/lidar_gui' returned '0': CMAKE_PREFIX_PATH=/opt/ros/humble /usr/bin/cmake /home/lordcruise/Documents/upwork/sniffi/official_work/sniffi/src/lidar_gui -DAMENT_CMAKE_SYMLINK_INSTALL=1 -DCMAKE_INSTALL_PREFIX=/home/lordcruise/Documents/upwork/sniffi/official_work/sniffi/install/lidar_gui
[1.105s] Invoking command in '/home/lordcruise/Documents/upwork/sniffi/official_work/sniffi/build/lidar_gui': CMAKE_PREFIX_PATH=/opt/ros/humble /usr/bin/cmake --build /home/lordcruise/Documents/upwork/sniffi/official_work/sniffi/build/lidar_gui -- -j24 -l24
[1.130s] Invoked command in '/home/lordcruise/Documents/upwork/sniffi/official_work/sniffi/build/lidar_gui' returned '0': CMAKE_PREFIX_PATH=/opt/ros/humble /usr/bin/cmake --build /home/lordcruise/Documents/upwork/sniffi/official_work/sniffi/build/lidar_gui -- -j24 -l24
[1.130s] Invoking command in '/home/lordcruise/Documents/upwork/sniffi/official_work/sniffi/build/lidar_gui': CMAKE_PREFIX_PATH=/opt/ros/humble /usr/bin/cmake --install /home/lordcruise/Documents/upwork/sniffi/official_work/sniffi/build/lidar_gui
[1.136s] -- Install configuration: ""
[1.136s] -- Execute custom install script
[1.136s] -- Symlinking: /home/lordcruise/Documents/upwork/sniffi/official_work/sniffi/install/lidar_gui/share/ament_index/resource_index/package_run_dependencies/lidar_gui
[1.142s] -- Symlinking: /home/lordcruise/Documents/upwork/sniffi/official_work/sniffi/install/lidar_gui/share/ament_index/resource_index/parent_prefix_path/lidar_gui
[1.147s] -- Symlinking: /home/lordcruise/Documents/upwork/sniffi/official_work/sniffi/install/lidar_gui/share/lidar_gui/environment/ament_prefix_path.sh
[1.151s] -- Symlinking: /home/lordcruise/Documents/upwork/sniffi/official_work/sniffi/install/lidar_gui/share/lidar_gui/environment/ament_prefix_path.dsv
[1.156s] -- Symlinking: /home/lordcruise/Documents/upwork/sniffi/official_work/sniffi/install/lidar_gui/share/lidar_gui/environment/path.sh
[1.161s] -- Symlinking: /home/lordcruise/Documents/upwork/sniffi/official_work/sniffi/install/lidar_gui/share/lidar_gui/environment/path.dsv
[1.167s] -- Symlinking: /home/lordcruise/Documents/upwork/sniffi/official_work/sniffi/install/lidar_gui/share/lidar_gui/local_setup.bash
[1.172s] -- Symlinking: /home/lordcruise/Documents/upwork/sniffi/official_work/sniffi/install/lidar_gui/share/lidar_gui/local_setup.sh
[1.179s] -- Symlinking: /home/lordcruise/Documents/upwork/sniffi/official_work/sniffi/install/lidar_gui/share/lidar_gui/local_setup.zsh
[1.183s] -- Symlinking: /home/lordcruise/Documents/upwork/sniffi/official_work/sniffi/install/lidar_gui/share/lidar_gui/local_setup.dsv
[1.192s] -- Symlinking: /home/lordcruise/Documents/upwork/sniffi/official_work/sniffi/install/lidar_gui/share/lidar_gui/package.dsv
[1.198s] -- Symlinking: /home/lordcruise/Documents/upwork/sniffi/official_work/sniffi/install/lidar_gui/share/ament_index/resource_index/packages/lidar_gui
[1.205s] -- Symlinking: /home/lordcruise/Documents/upwork/sniffi/official_work/sniffi/install/lidar_gui/share/lidar_gui/cmake/lidar_guiConfig.cmake
[1.210s] -- Symlinking: /home/lordcruise/Documents/upwork/sniffi/official_work/sniffi/install/lidar_gui/share/lidar_gui/cmake/lidar_guiConfig-version.cmake
[1.215s] -- Symlinking: /home/lordcruise/Documents/upwork/sniffi/official_work/sniffi/install/lidar_gui/share/lidar_gui/package.xml
[1.223s] Invoked command in '/home/lordcruise/Documents/upwork/sniffi/official_work/sniffi/build/lidar_gui' returned '0': CMAKE_PREFIX_PATH=/opt/ros/humble /usr/bin/cmake --install /home/lordcruise/Documents/upwork/sniffi/official_work/sniffi/build/lidar_gui
