[0.009s] Invoking command in '/home/lordcruise/Documents/upwork/sniffi/official_work/sniffi/build/sniffi_power': CMAKE_PREFIX_PATH=/home/lordcruise/Documents/upwork/sniffi/official_work/sniffi/install/sniffi_msgs:/opt/ros/humble:/home/lordcruise/Documents/upwork/sniffi/official_work/sniffi/install/sniffi_sim:/home/lordcruise/Documents/upwork/sniffi/official_work/sniffi/install/sniffi_safety:/home/lordcruise/Documents/upwork/sniffi/official_work/sniffi/install/sniffi_power:/home/lordcruise/Documents/upwork/sniffi/official_work/sniffi/install/sniffi_description:/home/lordcruise/Documents/upwork/sniffi/official_work/sniffi/install/sniffi_bringup:/home/lordcruise/Documents/upwork/sniffi/official_work/sniffi/install/motor_driver:/home/lordcruise/Documents/upwork/sniffi/official_work/sniffi/install/lidar_gui /usr/bin/cmake --build /home/lordcruise/Documents/upwork/sniffi/official_work/sniffi/build/sniffi_power -- -j24 -l24
[0.036s] Invoked command in '/home/lordcruise/Documents/upwork/sniffi/official_work/sniffi/build/sniffi_power' returned '0': CMAKE_PREFIX_PATH=/home/lordcruise/Documents/upwork/sniffi/official_work/sniffi/install/sniffi_msgs:/opt/ros/humble:/home/lordcruise/Documents/upwork/sniffi/official_work/sniffi/install/sniffi_sim:/home/lordcruise/Documents/upwork/sniffi/official_work/sniffi/install/sniffi_safety:/home/lordcruise/Documents/upwork/sniffi/official_work/sniffi/install/sniffi_power:/home/lordcruise/Documents/upwork/sniffi/official_work/sniffi/install/sniffi_description:/home/lordcruise/Documents/upwork/sniffi/official_work/sniffi/install/sniffi_bringup:/home/lordcruise/Documents/upwork/sniffi/official_work/sniffi/install/motor_driver:/home/lordcruise/Documents/upwork/sniffi/official_work/sniffi/install/lidar_gui /usr/bin/cmake --build /home/lordcruise/Documents/upwork/sniffi/official_work/sniffi/build/sniffi_power -- -j24 -l24
[0.042s] Invoking command in '/home/lordcruise/Documents/upwork/sniffi/official_work/sniffi/build/sniffi_power': CMAKE_PREFIX_PATH=/home/lordcruise/Documents/upwork/sniffi/official_work/sniffi/install/sniffi_msgs:/opt/ros/humble:/home/lordcruise/Documents/upwork/sniffi/official_work/sniffi/install/sniffi_sim:/home/lordcruise/Documents/upwork/sniffi/official_work/sniffi/install/sniffi_safety:/home/lordcruise/Documents/upwork/sniffi/official_work/sniffi/install/sniffi_power:/home/lordcruise/Documents/upwork/sniffi/official_work/sniffi/install/sniffi_description:/home/lordcruise/Documents/upwork/sniffi/official_work/sniffi/install/sniffi_bringup:/home/lordcruise/Documents/upwork/sniffi/official_work/sniffi/install/motor_driver:/home/lordcruise/Documents/upwork/sniffi/official_work/sniffi/install/lidar_gui /usr/bin/cmake --install /home/lordcruise/Documents/upwork/sniffi/official_work/sniffi/build/sniffi_power
[0.047s] -- Install configuration: ""
[0.047s] -- Execute custom install script
[0.047s] -- Up-to-date symlink: /home/lordcruise/Documents/upwork/sniffi/official_work/sniffi/install/sniffi_power/share/ament_index/resource_index/package_run_dependencies/sniffi_power
[0.047s] -- Up-to-date symlink: /home/lordcruise/Documents/upwork/sniffi/official_work/sniffi/install/sniffi_power/share/ament_index/resource_index/parent_prefix_path/sniffi_power
[0.047s] -- Up-to-date symlink: /home/lordcruise/Documents/upwork/sniffi/official_work/sniffi/install/sniffi_power/share/sniffi_power/environment/ament_prefix_path.sh
[0.047s] -- Up-to-date symlink: /home/lordcruise/Documents/upwork/sniffi/official_work/sniffi/install/sniffi_power/share/sniffi_power/environment/ament_prefix_path.dsv
[0.047s] -- Up-to-date symlink: /home/lordcruise/Documents/upwork/sniffi/official_work/sniffi/install/sniffi_power/share/sniffi_power/environment/path.sh
[0.047s] -- Up-to-date symlink: /home/lordcruise/Documents/upwork/sniffi/official_work/sniffi/install/sniffi_power/share/sniffi_power/environment/path.dsv
[0.047s] -- Up-to-date symlink: /home/lordcruise/Documents/upwork/sniffi/official_work/sniffi/install/sniffi_power/share/sniffi_power/local_setup.bash
[0.047s] -- Up-to-date symlink: /home/lordcruise/Documents/upwork/sniffi/official_work/sniffi/install/sniffi_power/share/sniffi_power/local_setup.sh
[0.047s] -- Up-to-date symlink: /home/lordcruise/Documents/upwork/sniffi/official_work/sniffi/install/sniffi_power/share/sniffi_power/local_setup.zsh
[0.047s] -- Up-to-date symlink: /home/lordcruise/Documents/upwork/sniffi/official_work/sniffi/install/sniffi_power/share/sniffi_power/local_setup.dsv
[0.047s] -- Symlinking: /home/lordcruise/Documents/upwork/sniffi/official_work/sniffi/install/sniffi_power/share/sniffi_power/package.dsv
[0.053s] -- Up-to-date symlink: /home/lordcruise/Documents/upwork/sniffi/official_work/sniffi/install/sniffi_power/share/ament_index/resource_index/packages/sniffi_power
[0.053s] -- Up-to-date symlink: /home/lordcruise/Documents/upwork/sniffi/official_work/sniffi/install/sniffi_power/share/sniffi_power/cmake/sniffi_powerConfig.cmake
[0.053s] -- Up-to-date symlink: /home/lordcruise/Documents/upwork/sniffi/official_work/sniffi/install/sniffi_power/share/sniffi_power/cmake/sniffi_powerConfig-version.cmake
[0.053s] -- Up-to-date symlink: /home/lordcruise/Documents/upwork/sniffi/official_work/sniffi/install/sniffi_power/share/sniffi_power/package.xml
[0.056s] Invoked command in '/home/lordcruise/Documents/upwork/sniffi/official_work/sniffi/build/sniffi_power' returned '0': CMAKE_PREFIX_PATH=/home/lordcruise/Documents/upwork/sniffi/official_work/sniffi/install/sniffi_msgs:/opt/ros/humble:/home/lordcruise/Documents/upwork/sniffi/official_work/sniffi/install/sniffi_sim:/home/lordcruise/Documents/upwork/sniffi/official_work/sniffi/install/sniffi_safety:/home/lordcruise/Documents/upwork/sniffi/official_work/sniffi/install/sniffi_power:/home/lordcruise/Documents/upwork/sniffi/official_work/sniffi/install/sniffi_description:/home/lordcruise/Documents/upwork/sniffi/official_work/sniffi/install/sniffi_bringup:/home/lordcruise/Documents/upwork/sniffi/official_work/sniffi/install/motor_driver:/home/lordcruise/Documents/upwork/sniffi/official_work/sniffi/install/lidar_gui /usr/bin/cmake --install /home/lordcruise/Documents/upwork/sniffi/official_work/sniffi/build/sniffi_power
