[0.009s] Invoking command in '/home/lordcruise/Documents/upwork/sniffi/official_work/sniffi/build/sniffi_sim': CMAKE_PREFIX_PATH=/home/lordcruise/Documents/upwork/sniffi/official_work/sniffi/install/sniffi_safety:/home/lordcruise/Documents/upwork/sniffi/official_work/sniffi/install/sniffi_power:/home/lordcruise/Documents/upwork/sniffi/official_work/sniffi/install/sniffi_msgs:/home/lordcruise/Documents/upwork/sniffi/official_work/sniffi/install/sniffi_bringup:/home/lordcruise/Documents/upwork/sniffi/official_work/sniffi/install/sniffi_sim:/home/lordcruise/Documents/upwork/sniffi/official_work/sniffi/install/sniffi_description:/home/lordcruise/Documents/upwork/sniffi/official_work/sniffi/install/motor_driver:/home/lordcruise/Documents/upwork/sniffi/official_work/sniffi/install/lidar_gui /usr/bin/cmake /home/lordcruise/Documents/upwork/sniffi/official_work/sniffi/src/sniffi_sim -DCATKIN_INSTALL_INTO_PREFIX_ROOT=0 -DCATKIN_SYMLINK_INSTALL=ON -DCMAKE_INSTALL_PREFIX=/home/lordcruise/Documents/upwork/sniffi/official_work/sniffi/install/sniffi_sim
[0.020s] -- Found ament_cmake: 1.3.11 (/opt/ros/humble/share/ament_cmake/cmake)
[0.111s] -- Override CMake install command with custom implementation using symlinks instead of copying resources
[0.116s] -- Found ament_lint_auto: 0.12.12 (/opt/ros/humble/share/ament_lint_auto/cmake)
[0.163s] -- Configuring done
[0.164s] -- Generating done
[0.164s] [33mCMake Warning:
[0.164s]   Manually-specified variables were not used by the project:
[0.164s] 
[0.164s]     CATKIN_INSTALL_INTO_PREFIX_ROOT
[0.164s]     CATKIN_SYMLINK_INSTALL
[0.164s] 
[0.164s] [0m
[0.165s] -- Build files have been written to: /home/lordcruise/Documents/upwork/sniffi/official_work/sniffi/build/sniffi_sim
[0.168s] Invoked command in '/home/lordcruise/Documents/upwork/sniffi/official_work/sniffi/build/sniffi_sim' returned '0': CMAKE_PREFIX_PATH=/home/lordcruise/Documents/upwork/sniffi/official_work/sniffi/install/sniffi_safety:/home/lordcruise/Documents/upwork/sniffi/official_work/sniffi/install/sniffi_power:/home/lordcruise/Documents/upwork/sniffi/official_work/sniffi/install/sniffi_msgs:/home/lordcruise/Documents/upwork/sniffi/official_work/sniffi/install/sniffi_bringup:/home/lordcruise/Documents/upwork/sniffi/official_work/sniffi/install/sniffi_sim:/home/lordcruise/Documents/upwork/sniffi/official_work/sniffi/install/sniffi_description:/home/lordcruise/Documents/upwork/sniffi/official_work/sniffi/install/motor_driver:/home/lordcruise/Documents/upwork/sniffi/official_work/sniffi/install/lidar_gui /usr/bin/cmake /home/lordcruise/Documents/upwork/sniffi/official_work/sniffi/src/sniffi_sim -DCATKIN_INSTALL_INTO_PREFIX_ROOT=0 -DCATKIN_SYMLINK_INSTALL=ON -DCMAKE_INSTALL_PREFIX=/home/lordcruise/Documents/upwork/sniffi/official_work/sniffi/install/sniffi_sim
[0.168s] Invoking command in '/home/lordcruise/Documents/upwork/sniffi/official_work/sniffi/build/sniffi_sim': CMAKE_PREFIX_PATH=/home/lordcruise/Documents/upwork/sniffi/official_work/sniffi/install/sniffi_safety:/home/lordcruise/Documents/upwork/sniffi/official_work/sniffi/install/sniffi_power:/home/lordcruise/Documents/upwork/sniffi/official_work/sniffi/install/sniffi_msgs:/home/lordcruise/Documents/upwork/sniffi/official_work/sniffi/install/sniffi_bringup:/home/lordcruise/Documents/upwork/sniffi/official_work/sniffi/install/sniffi_sim:/home/lordcruise/Documents/upwork/sniffi/official_work/sniffi/install/sniffi_description:/home/lordcruise/Documents/upwork/sniffi/official_work/sniffi/install/motor_driver:/home/lordcruise/Documents/upwork/sniffi/official_work/sniffi/install/lidar_gui /usr/bin/cmake --build /home/lordcruise/Documents/upwork/sniffi/official_work/sniffi/build/sniffi_sim -- -j24 -l24
[0.202s] Invoked command in '/home/lordcruise/Documents/upwork/sniffi/official_work/sniffi/build/sniffi_sim' returned '0': CMAKE_PREFIX_PATH=/home/lordcruise/Documents/upwork/sniffi/official_work/sniffi/install/sniffi_safety:/home/lordcruise/Documents/upwork/sniffi/official_work/sniffi/install/sniffi_power:/home/lordcruise/Documents/upwork/sniffi/official_work/sniffi/install/sniffi_msgs:/home/lordcruise/Documents/upwork/sniffi/official_work/sniffi/install/sniffi_bringup:/home/lordcruise/Documents/upwork/sniffi/official_work/sniffi/install/sniffi_sim:/home/lordcruise/Documents/upwork/sniffi/official_work/sniffi/install/sniffi_description:/home/lordcruise/Documents/upwork/sniffi/official_work/sniffi/install/motor_driver:/home/lordcruise/Documents/upwork/sniffi/official_work/sniffi/install/lidar_gui /usr/bin/cmake --build /home/lordcruise/Documents/upwork/sniffi/official_work/sniffi/build/sniffi_sim -- -j24 -l24
[0.205s] Invoking command in '/home/lordcruise/Documents/upwork/sniffi/official_work/sniffi/build/sniffi_sim': CMAKE_PREFIX_PATH=/home/lordcruise/Documents/upwork/sniffi/official_work/sniffi/install/sniffi_safety:/home/lordcruise/Documents/upwork/sniffi/official_work/sniffi/install/sniffi_power:/home/lordcruise/Documents/upwork/sniffi/official_work/sniffi/install/sniffi_msgs:/home/lordcruise/Documents/upwork/sniffi/official_work/sniffi/install/sniffi_bringup:/home/lordcruise/Documents/upwork/sniffi/official_work/sniffi/install/sniffi_sim:/home/lordcruise/Documents/upwork/sniffi/official_work/sniffi/install/sniffi_description:/home/lordcruise/Documents/upwork/sniffi/official_work/sniffi/install/motor_driver:/home/lordcruise/Documents/upwork/sniffi/official_work/sniffi/install/lidar_gui /usr/bin/cmake --install /home/lordcruise/Documents/upwork/sniffi/official_work/sniffi/build/sniffi_sim
[0.211s] -- Install configuration: ""
[0.212s] -- Execute custom install script
[0.212s] -- Up-to-date symlink: /home/lordcruise/Documents/upwork/sniffi/official_work/sniffi/install/sniffi_sim/share/sniffi_sim/launch/sim_nav_demo.launch.py
[0.212s] -- Up-to-date symlink: /home/lordcruise/Documents/upwork/sniffi/official_work/sniffi/install/sniffi_sim/share/sniffi_sim/worlds/sniffi.world
[0.212s] -- Up-to-date symlink: /home/lordcruise/Documents/upwork/sniffi/official_work/sniffi/install/sniffi_sim/share/sniffi_sim/config/nav2_params.yaml
[0.212s] -- Up-to-date symlink: /home/lordcruise/Documents/upwork/sniffi/official_work/sniffi/install/sniffi_sim/share/sniffi_sim/config/rtabmap_params.yaml
[0.212s] -- Up-to-date symlink: /home/lordcruise/Documents/upwork/sniffi/official_work/sniffi/install/sniffi_sim/share/sniffi_sim/rviz/nav_demo.rviz
[0.212s] -- Up-to-date symlink: /home/lordcruise/Documents/upwork/sniffi/official_work/sniffi/install/sniffi_sim/share/ament_index/resource_index/package_run_dependencies/sniffi_sim
[0.212s] -- Up-to-date symlink: /home/lordcruise/Documents/upwork/sniffi/official_work/sniffi/install/sniffi_sim/share/ament_index/resource_index/parent_prefix_path/sniffi_sim
[0.212s] -- Up-to-date symlink: /home/lordcruise/Documents/upwork/sniffi/official_work/sniffi/install/sniffi_sim/share/sniffi_sim/environment/ament_prefix_path.sh
[0.212s] -- Up-to-date symlink: /home/lordcruise/Documents/upwork/sniffi/official_work/sniffi/install/sniffi_sim/share/sniffi_sim/environment/ament_prefix_path.dsv
[0.213s] -- Up-to-date symlink: /home/lordcruise/Documents/upwork/sniffi/official_work/sniffi/install/sniffi_sim/share/sniffi_sim/environment/path.sh
[0.213s] -- Up-to-date symlink: /home/lordcruise/Documents/upwork/sniffi/official_work/sniffi/install/sniffi_sim/share/sniffi_sim/environment/path.dsv
[0.213s] -- Up-to-date symlink: /home/lordcruise/Documents/upwork/sniffi/official_work/sniffi/install/sniffi_sim/share/sniffi_sim/local_setup.bash
[0.213s] -- Up-to-date symlink: /home/lordcruise/Documents/upwork/sniffi/official_work/sniffi/install/sniffi_sim/share/sniffi_sim/local_setup.sh
[0.213s] -- Up-to-date symlink: /home/lordcruise/Documents/upwork/sniffi/official_work/sniffi/install/sniffi_sim/share/sniffi_sim/local_setup.zsh
[0.213s] -- Up-to-date symlink: /home/lordcruise/Documents/upwork/sniffi/official_work/sniffi/install/sniffi_sim/share/sniffi_sim/local_setup.dsv
[0.213s] -- Symlinking: /home/lordcruise/Documents/upwork/sniffi/official_work/sniffi/install/sniffi_sim/share/sniffi_sim/package.dsv
[0.220s] -- Up-to-date symlink: /home/lordcruise/Documents/upwork/sniffi/official_work/sniffi/install/sniffi_sim/share/ament_index/resource_index/packages/sniffi_sim
[0.220s] -- Up-to-date symlink: /home/lordcruise/Documents/upwork/sniffi/official_work/sniffi/install/sniffi_sim/share/sniffi_sim/cmake/sniffi_simConfig.cmake
[0.220s] -- Up-to-date symlink: /home/lordcruise/Documents/upwork/sniffi/official_work/sniffi/install/sniffi_sim/share/sniffi_sim/cmake/sniffi_simConfig-version.cmake
[0.220s] -- Up-to-date symlink: /home/lordcruise/Documents/upwork/sniffi/official_work/sniffi/install/sniffi_sim/share/sniffi_sim/package.xml
[0.222s] Invoked command in '/home/lordcruise/Documents/upwork/sniffi/official_work/sniffi/build/sniffi_sim' returned '0': CMAKE_PREFIX_PATH=/home/lordcruise/Documents/upwork/sniffi/official_work/sniffi/install/sniffi_safety:/home/lordcruise/Documents/upwork/sniffi/official_work/sniffi/install/sniffi_power:/home/lordcruise/Documents/upwork/sniffi/official_work/sniffi/install/sniffi_msgs:/home/lordcruise/Documents/upwork/sniffi/official_work/sniffi/install/sniffi_bringup:/home/lordcruise/Documents/upwork/sniffi/official_work/sniffi/install/sniffi_sim:/home/lordcruise/Documents/upwork/sniffi/official_work/sniffi/install/sniffi_description:/home/lordcruise/Documents/upwork/sniffi/official_work/sniffi/install/motor_driver:/home/lordcruise/Documents/upwork/sniffi/official_work/sniffi/install/lidar_gui /usr/bin/cmake --install /home/lordcruise/Documents/upwork/sniffi/official_work/sniffi/build/sniffi_sim
