[0.053s] DEBUG:colcon:Command line arguments: ['/usr/bin/colcon', 'build', '--symlink-install']
[0.053s] DEBUG:colcon:Parsed command line arguments: Namespace(log_base=None, log_level=None, verb_name='build', build_base='build', install_base='install', merge_install=False, symlink_install=True, test_result_base=None, continue_on_error=False, executor='parallel', parallel_workers=24, event_handlers=None, ignore_user_meta=False, metas=['./colcon.meta'], base_paths=['.'], packages_ignore=None, packages_ignore_regex=None, paths=None, packages_up_to=None, packages_up_to_regex=None, packages_above=None, packages_above_and_dependencies=None, packages_above_depth=None, packages_select_by_dep=None, packages_skip_by_dep=None, packages_skip_up_to=None, packages_select_build_failed=False, packages_skip_build_finished=False, packages_select_test_failures=False, packages_skip_test_passed=False, packages_select=None, packages_skip=None, packages_select_regex=None, packages_skip_regex=None, packages_start=None, packages_end=None, allow_overriding=[], cmake_args=None, cmake_target=None, cmake_target_skip_unavailable=False, cmake_clean_cache=False, cmake_clean_first=False, cmake_force_configure=False, ament_cmake_args=None, catkin_cmake_args=None, catkin_skip_building_tests=False, verb_parser=<colcon_defaults.argument_parser.defaults.DefaultArgumentsDecorator object at 0x7c8d98062a40>, verb_extension=<colcon_core.verb.build.BuildVerb object at 0x7c8d980183a0>, main=<bound method BuildVerb.main of <colcon_core.verb.build.BuildVerb object at 0x7c8d980183a0>>)
[0.071s] Level 1:colcon.colcon_core.package_discovery:discover_packages(colcon_meta) check parameters
[0.071s] Level 1:colcon.colcon_core.package_discovery:discover_packages(recursive) check parameters
[0.071s] Level 1:colcon.colcon_core.package_discovery:discover_packages(ignore) check parameters
[0.071s] Level 1:colcon.colcon_core.package_discovery:discover_packages(path) check parameters
[0.071s] Level 1:colcon.colcon_core.package_discovery:discover_packages(colcon_meta) discover
[0.071s] Level 1:colcon.colcon_core.package_discovery:discover_packages(recursive) discover
[0.071s] INFO:colcon.colcon_core.package_discovery:Crawling recursively for packages in '/home/lordcruise/Documents/upwork/sniffi/official_work/sniffi'
[0.071s] Level 1:colcon.colcon_core.package_identification:_identify(.) by extensions ['ignore', 'ignore_ament_install']
[0.071s] Level 1:colcon.colcon_core.package_identification:_identify(.) by extension 'ignore'
[0.071s] Level 1:colcon.colcon_core.package_identification:_identify(.) by extension 'ignore_ament_install'
[0.071s] Level 1:colcon.colcon_core.package_identification:_identify(.) by extensions ['colcon_pkg']
[0.071s] Level 1:colcon.colcon_core.package_identification:_identify(.) by extension 'colcon_pkg'
[0.071s] Level 1:colcon.colcon_core.package_identification:_identify(.) by extensions ['colcon_meta']
[0.071s] Level 1:colcon.colcon_core.package_identification:_identify(.) by extension 'colcon_meta'
[0.071s] Level 1:colcon.colcon_core.package_identification:_identify(.) by extensions ['ros']
[0.071s] Level 1:colcon.colcon_core.package_identification:_identify(.) by extension 'ros'
[0.079s] Level 1:colcon.colcon_core.package_identification:_identify(.) by extensions ['cmake', 'python']
[0.079s] Level 1:colcon.colcon_core.package_identification:_identify(.) by extension 'cmake'
[0.079s] Level 1:colcon.colcon_core.package_identification:_identify(.) by extension 'python'
[0.079s] Level 1:colcon.colcon_core.package_identification:_identify(.) by extensions ['python_setup_py']
[0.079s] Level 1:colcon.colcon_core.package_identification:_identify(.) by extension 'python_setup_py'
[0.079s] Level 1:colcon.colcon_core.package_identification:_identify(build) by extensions ['ignore', 'ignore_ament_install']
[0.079s] Level 1:colcon.colcon_core.package_identification:_identify(build) by extension 'ignore'
[0.079s] Level 1:colcon.colcon_core.package_identification:_identify(build) ignored
[0.079s] Level 1:colcon.colcon_core.package_identification:_identify(docs) by extensions ['ignore', 'ignore_ament_install']
[0.079s] Level 1:colcon.colcon_core.package_identification:_identify(docs) by extension 'ignore'
[0.079s] Level 1:colcon.colcon_core.package_identification:_identify(docs) by extension 'ignore_ament_install'
[0.079s] Level 1:colcon.colcon_core.package_identification:_identify(docs) by extensions ['colcon_pkg']
[0.079s] Level 1:colcon.colcon_core.package_identification:_identify(docs) by extension 'colcon_pkg'
[0.079s] Level 1:colcon.colcon_core.package_identification:_identify(docs) by extensions ['colcon_meta']
[0.079s] Level 1:colcon.colcon_core.package_identification:_identify(docs) by extension 'colcon_meta'
[0.079s] Level 1:colcon.colcon_core.package_identification:_identify(docs) by extensions ['ros']
[0.079s] Level 1:colcon.colcon_core.package_identification:_identify(docs) by extension 'ros'
[0.079s] Level 1:colcon.colcon_core.package_identification:_identify(docs) by extensions ['cmake', 'python']
[0.079s] Level 1:colcon.colcon_core.package_identification:_identify(docs) by extension 'cmake'
[0.079s] Level 1:colcon.colcon_core.package_identification:_identify(docs) by extension 'python'
[0.079s] Level 1:colcon.colcon_core.package_identification:_identify(docs) by extensions ['python_setup_py']
[0.079s] Level 1:colcon.colcon_core.package_identification:_identify(docs) by extension 'python_setup_py'
[0.079s] Level 1:colcon.colcon_core.package_identification:_identify(install) by extensions ['ignore', 'ignore_ament_install']
[0.079s] Level 1:colcon.colcon_core.package_identification:_identify(install) by extension 'ignore'
[0.079s] Level 1:colcon.colcon_core.package_identification:_identify(install) ignored
[0.079s] Level 1:colcon.colcon_core.package_identification:_identify(log) by extensions ['ignore', 'ignore_ament_install']
[0.079s] Level 1:colcon.colcon_core.package_identification:_identify(log) by extension 'ignore'
[0.079s] Level 1:colcon.colcon_core.package_identification:_identify(log) ignored
[0.079s] Level 1:colcon.colcon_core.package_identification:_identify(ref-src) by extensions ['ignore', 'ignore_ament_install']
[0.080s] Level 1:colcon.colcon_core.package_identification:_identify(ref-src) by extension 'ignore'
[0.080s] Level 1:colcon.colcon_core.package_identification:_identify(ref-src) by extension 'ignore_ament_install'
[0.080s] Level 1:colcon.colcon_core.package_identification:_identify(ref-src) by extensions ['colcon_pkg']
[0.080s] Level 1:colcon.colcon_core.package_identification:_identify(ref-src) by extension 'colcon_pkg'
[0.080s] Level 1:colcon.colcon_core.package_identification:_identify(ref-src) by extensions ['colcon_meta']
[0.080s] Level 1:colcon.colcon_core.package_identification:_identify(ref-src) by extension 'colcon_meta'
[0.080s] Level 1:colcon.colcon_core.package_identification:_identify(ref-src) by extensions ['ros']
[0.080s] Level 1:colcon.colcon_core.package_identification:_identify(ref-src) by extension 'ros'
[0.080s] Level 1:colcon.colcon_core.package_identification:_identify(ref-src) by extensions ['cmake', 'python']
[0.080s] Level 1:colcon.colcon_core.package_identification:_identify(ref-src) by extension 'cmake'
[0.080s] Level 1:colcon.colcon_core.package_identification:_identify(ref-src) by extension 'python'
[0.080s] Level 1:colcon.colcon_core.package_identification:_identify(ref-src) by extensions ['python_setup_py']
[0.080s] Level 1:colcon.colcon_core.package_identification:_identify(ref-src) by extension 'python_setup_py'
[0.080s] Level 1:colcon.colcon_core.package_identification:_identify(ref-src/src) by extensions ['ignore', 'ignore_ament_install']
[0.080s] Level 1:colcon.colcon_core.package_identification:_identify(ref-src/src) by extension 'ignore'
[0.080s] Level 1:colcon.colcon_core.package_identification:_identify(ref-src/src) by extension 'ignore_ament_install'
[0.080s] Level 1:colcon.colcon_core.package_identification:_identify(ref-src/src) by extensions ['colcon_pkg']
[0.080s] Level 1:colcon.colcon_core.package_identification:_identify(ref-src/src) by extension 'colcon_pkg'
[0.080s] Level 1:colcon.colcon_core.package_identification:_identify(ref-src/src) by extensions ['colcon_meta']
[0.080s] Level 1:colcon.colcon_core.package_identification:_identify(ref-src/src) by extension 'colcon_meta'
[0.080s] Level 1:colcon.colcon_core.package_identification:_identify(ref-src/src) by extensions ['ros']
[0.080s] Level 1:colcon.colcon_core.package_identification:_identify(ref-src/src) by extension 'ros'
[0.080s] Level 1:colcon.colcon_core.package_identification:_identify(ref-src/src) by extensions ['cmake', 'python']
[0.080s] Level 1:colcon.colcon_core.package_identification:_identify(ref-src/src) by extension 'cmake'
[0.080s] Level 1:colcon.colcon_core.package_identification:_identify(ref-src/src) by extension 'python'
[0.080s] Level 1:colcon.colcon_core.package_identification:_identify(ref-src/src) by extensions ['python_setup_py']
[0.080s] Level 1:colcon.colcon_core.package_identification:_identify(ref-src/src) by extension 'python_setup_py'
[0.080s] Level 1:colcon.colcon_core.package_identification:_identify(ref-src/src/lidar_gui) by extensions ['ignore', 'ignore_ament_install']
[0.080s] Level 1:colcon.colcon_core.package_identification:_identify(ref-src/src/lidar_gui) by extension 'ignore'
[0.080s] Level 1:colcon.colcon_core.package_identification:_identify(ref-src/src/lidar_gui) by extension 'ignore_ament_install'
[0.080s] Level 1:colcon.colcon_core.package_identification:_identify(ref-src/src/lidar_gui) by extensions ['colcon_pkg']
[0.080s] Level 1:colcon.colcon_core.package_identification:_identify(ref-src/src/lidar_gui) by extension 'colcon_pkg'
[0.080s] Level 1:colcon.colcon_core.package_identification:_identify(ref-src/src/lidar_gui) by extensions ['colcon_meta']
[0.080s] Level 1:colcon.colcon_core.package_identification:_identify(ref-src/src/lidar_gui) by extension 'colcon_meta'
[0.080s] Level 1:colcon.colcon_core.package_identification:_identify(ref-src/src/lidar_gui) by extensions ['ros']
[0.080s] Level 1:colcon.colcon_core.package_identification:_identify(ref-src/src/lidar_gui) by extension 'ros'
[0.081s] DEBUG:colcon.colcon_core.package_identification:Package 'ref-src/src/lidar_gui' with type 'ros.ament_python' and name 'lidar_gui'
[0.081s] Level 1:colcon.colcon_core.package_identification:_identify(ref-src/src/motor_driver) by extensions ['ignore', 'ignore_ament_install']
[0.081s] Level 1:colcon.colcon_core.package_identification:_identify(ref-src/src/motor_driver) by extension 'ignore'
[0.081s] Level 1:colcon.colcon_core.package_identification:_identify(ref-src/src/motor_driver) by extension 'ignore_ament_install'
[0.081s] Level 1:colcon.colcon_core.package_identification:_identify(ref-src/src/motor_driver) by extensions ['colcon_pkg']
[0.082s] Level 1:colcon.colcon_core.package_identification:_identify(ref-src/src/motor_driver) by extension 'colcon_pkg'
[0.082s] Level 1:colcon.colcon_core.package_identification:_identify(ref-src/src/motor_driver) by extensions ['colcon_meta']
[0.082s] Level 1:colcon.colcon_core.package_identification:_identify(ref-src/src/motor_driver) by extension 'colcon_meta'
[0.082s] Level 1:colcon.colcon_core.package_identification:_identify(ref-src/src/motor_driver) by extensions ['ros']
[0.082s] Level 1:colcon.colcon_core.package_identification:_identify(ref-src/src/motor_driver) by extension 'ros'
[0.082s] DEBUG:colcon.colcon_core.package_identification:Package 'ref-src/src/motor_driver' with type 'ros.ament_python' and name 'motor_driver'
[0.082s] Level 1:colcon.colcon_core.package_identification:_identify(ref-src/src/sllidar_ros2) by extensions ['ignore', 'ignore_ament_install']
[0.082s] Level 1:colcon.colcon_core.package_identification:_identify(ref-src/src/sllidar_ros2) by extension 'ignore'
[0.082s] Level 1:colcon.colcon_core.package_identification:_identify(ref-src/src/sllidar_ros2) by extension 'ignore_ament_install'
[0.082s] Level 1:colcon.colcon_core.package_identification:_identify(ref-src/src/sllidar_ros2) by extensions ['colcon_pkg']
[0.082s] Level 1:colcon.colcon_core.package_identification:_identify(ref-src/src/sllidar_ros2) by extension 'colcon_pkg'
[0.082s] Level 1:colcon.colcon_core.package_identification:_identify(ref-src/src/sllidar_ros2) by extensions ['colcon_meta']
[0.082s] Level 1:colcon.colcon_core.package_identification:_identify(ref-src/src/sllidar_ros2) by extension 'colcon_meta'
[0.082s] Level 1:colcon.colcon_core.package_identification:_identify(ref-src/src/sllidar_ros2) by extensions ['ros']
[0.082s] Level 1:colcon.colcon_core.package_identification:_identify(ref-src/src/sllidar_ros2) by extension 'ros'
[0.082s] DEBUG:colcon.colcon_core.package_identification:Package 'ref-src/src/sllidar_ros2' with type 'ros.ament_cmake' and name 'sllidar_ros2'
[0.082s] Level 1:colcon.colcon_core.package_identification:_identify(src) by extensions ['ignore', 'ignore_ament_install']
[0.082s] Level 1:colcon.colcon_core.package_identification:_identify(src) by extension 'ignore'
[0.082s] Level 1:colcon.colcon_core.package_identification:_identify(src) by extension 'ignore_ament_install'
[0.082s] Level 1:colcon.colcon_core.package_identification:_identify(src) by extensions ['colcon_pkg']
[0.082s] Level 1:colcon.colcon_core.package_identification:_identify(src) by extension 'colcon_pkg'
[0.082s] Level 1:colcon.colcon_core.package_identification:_identify(src) by extensions ['colcon_meta']
[0.082s] Level 1:colcon.colcon_core.package_identification:_identify(src) by extension 'colcon_meta'
[0.082s] Level 1:colcon.colcon_core.package_identification:_identify(src) by extensions ['ros']
[0.082s] Level 1:colcon.colcon_core.package_identification:_identify(src) by extension 'ros'
[0.083s] Level 1:colcon.colcon_core.package_identification:_identify(src) by extensions ['cmake', 'python']
[0.083s] Level 1:colcon.colcon_core.package_identification:_identify(src) by extension 'cmake'
[0.083s] Level 1:colcon.colcon_core.package_identification:_identify(src) by extension 'python'
[0.083s] Level 1:colcon.colcon_core.package_identification:_identify(src) by extensions ['python_setup_py']
[0.083s] Level 1:colcon.colcon_core.package_identification:_identify(src) by extension 'python_setup_py'
[0.083s] Level 1:colcon.colcon_core.package_identification:_identify(src/lidar_gui) by extensions ['ignore', 'ignore_ament_install']
[0.083s] Level 1:colcon.colcon_core.package_identification:_identify(src/lidar_gui) by extension 'ignore'
[0.083s] Level 1:colcon.colcon_core.package_identification:_identify(src/lidar_gui) by extension 'ignore_ament_install'
[0.083s] Level 1:colcon.colcon_core.package_identification:_identify(src/lidar_gui) by extensions ['colcon_pkg']
[0.083s] Level 1:colcon.colcon_core.package_identification:_identify(src/lidar_gui) by extension 'colcon_pkg'
[0.083s] Level 1:colcon.colcon_core.package_identification:_identify(src/lidar_gui) by extensions ['colcon_meta']
[0.083s] Level 1:colcon.colcon_core.package_identification:_identify(src/lidar_gui) by extension 'colcon_meta'
[0.083s] Level 1:colcon.colcon_core.package_identification:_identify(src/lidar_gui) by extensions ['ros']
[0.083s] Level 1:colcon.colcon_core.package_identification:_identify(src/lidar_gui) by extension 'ros'
[0.083s] DEBUG:colcon.colcon_core.package_identification:Package 'src/lidar_gui' with type 'ros.ament_cmake' and name 'lidar_gui'
[0.083s] Level 1:colcon.colcon_core.package_identification:_identify(src/motor_driver) by extensions ['ignore', 'ignore_ament_install']
[0.083s] Level 1:colcon.colcon_core.package_identification:_identify(src/motor_driver) by extension 'ignore'
[0.083s] Level 1:colcon.colcon_core.package_identification:_identify(src/motor_driver) by extension 'ignore_ament_install'
[0.083s] Level 1:colcon.colcon_core.package_identification:_identify(src/motor_driver) by extensions ['colcon_pkg']
[0.083s] Level 1:colcon.colcon_core.package_identification:_identify(src/motor_driver) by extension 'colcon_pkg'
[0.083s] Level 1:colcon.colcon_core.package_identification:_identify(src/motor_driver) by extensions ['colcon_meta']
[0.083s] Level 1:colcon.colcon_core.package_identification:_identify(src/motor_driver) by extension 'colcon_meta'
[0.083s] Level 1:colcon.colcon_core.package_identification:_identify(src/motor_driver) by extensions ['ros']
[0.083s] Level 1:colcon.colcon_core.package_identification:_identify(src/motor_driver) by extension 'ros'
[0.083s] DEBUG:colcon.colcon_core.package_identification:Package 'src/motor_driver' with type 'ros.ament_cmake' and name 'motor_driver'
[0.083s] Level 1:colcon.colcon_core.package_identification:_identify(src/sniffi_bringup) by extensions ['ignore', 'ignore_ament_install']
[0.084s] Level 1:colcon.colcon_core.package_identification:_identify(src/sniffi_bringup) by extension 'ignore'
[0.084s] Level 1:colcon.colcon_core.package_identification:_identify(src/sniffi_bringup) by extension 'ignore_ament_install'
[0.084s] Level 1:colcon.colcon_core.package_identification:_identify(src/sniffi_bringup) by extensions ['colcon_pkg']
[0.084s] Level 1:colcon.colcon_core.package_identification:_identify(src/sniffi_bringup) by extension 'colcon_pkg'
[0.084s] Level 1:colcon.colcon_core.package_identification:_identify(src/sniffi_bringup) by extensions ['colcon_meta']
[0.084s] Level 1:colcon.colcon_core.package_identification:_identify(src/sniffi_bringup) by extension 'colcon_meta'
[0.084s] Level 1:colcon.colcon_core.package_identification:_identify(src/sniffi_bringup) by extensions ['ros']
[0.084s] Level 1:colcon.colcon_core.package_identification:_identify(src/sniffi_bringup) by extension 'ros'
[0.084s] DEBUG:colcon.colcon_core.package_identification:Package 'src/sniffi_bringup' with type 'ros.ament_cmake' and name 'sniffi_bringup'
[0.084s] Level 1:colcon.colcon_core.package_identification:_identify(src/sniffi_description) by extensions ['ignore', 'ignore_ament_install']
[0.084s] Level 1:colcon.colcon_core.package_identification:_identify(src/sniffi_description) by extension 'ignore'
[0.084s] Level 1:colcon.colcon_core.package_identification:_identify(src/sniffi_description) by extension 'ignore_ament_install'
[0.084s] Level 1:colcon.colcon_core.package_identification:_identify(src/sniffi_description) by extensions ['colcon_pkg']
[0.084s] Level 1:colcon.colcon_core.package_identification:_identify(src/sniffi_description) by extension 'colcon_pkg'
[0.084s] Level 1:colcon.colcon_core.package_identification:_identify(src/sniffi_description) by extensions ['colcon_meta']
[0.084s] Level 1:colcon.colcon_core.package_identification:_identify(src/sniffi_description) by extension 'colcon_meta'
[0.084s] Level 1:colcon.colcon_core.package_identification:_identify(src/sniffi_description) by extensions ['ros']
[0.084s] Level 1:colcon.colcon_core.package_identification:_identify(src/sniffi_description) by extension 'ros'
[0.084s] DEBUG:colcon.colcon_core.package_identification:Package 'src/sniffi_description' with type 'ros.ament_cmake' and name 'sniffi_description'
[0.084s] Level 1:colcon.colcon_core.package_identification:_identify(src/sniffi_msgs) by extensions ['ignore', 'ignore_ament_install']
[0.084s] Level 1:colcon.colcon_core.package_identification:_identify(src/sniffi_msgs) by extension 'ignore'
[0.084s] Level 1:colcon.colcon_core.package_identification:_identify(src/sniffi_msgs) by extension 'ignore_ament_install'
[0.084s] Level 1:colcon.colcon_core.package_identification:_identify(src/sniffi_msgs) by extensions ['colcon_pkg']
[0.084s] Level 1:colcon.colcon_core.package_identification:_identify(src/sniffi_msgs) by extension 'colcon_pkg'
[0.084s] Level 1:colcon.colcon_core.package_identification:_identify(src/sniffi_msgs) by extensions ['colcon_meta']
[0.084s] Level 1:colcon.colcon_core.package_identification:_identify(src/sniffi_msgs) by extension 'colcon_meta'
[0.084s] Level 1:colcon.colcon_core.package_identification:_identify(src/sniffi_msgs) by extensions ['ros']
[0.084s] Level 1:colcon.colcon_core.package_identification:_identify(src/sniffi_msgs) by extension 'ros'
[0.085s] DEBUG:colcon.colcon_core.package_identification:Package 'src/sniffi_msgs' with type 'ros.ament_cmake' and name 'sniffi_msgs'
[0.085s] Level 1:colcon.colcon_core.package_identification:_identify(src/sniffi_power) by extensions ['ignore', 'ignore_ament_install']
[0.085s] Level 1:colcon.colcon_core.package_identification:_identify(src/sniffi_power) by extension 'ignore'
[0.085s] Level 1:colcon.colcon_core.package_identification:_identify(src/sniffi_power) by extension 'ignore_ament_install'
[0.085s] Level 1:colcon.colcon_core.package_identification:_identify(src/sniffi_power) by extensions ['colcon_pkg']
[0.085s] Level 1:colcon.colcon_core.package_identification:_identify(src/sniffi_power) by extension 'colcon_pkg'
[0.085s] Level 1:colcon.colcon_core.package_identification:_identify(src/sniffi_power) by extensions ['colcon_meta']
[0.085s] Level 1:colcon.colcon_core.package_identification:_identify(src/sniffi_power) by extension 'colcon_meta'
[0.085s] Level 1:colcon.colcon_core.package_identification:_identify(src/sniffi_power) by extensions ['ros']
[0.085s] Level 1:colcon.colcon_core.package_identification:_identify(src/sniffi_power) by extension 'ros'
[0.085s] DEBUG:colcon.colcon_core.package_identification:Package 'src/sniffi_power' with type 'ros.ament_cmake' and name 'sniffi_power'
[0.085s] Level 1:colcon.colcon_core.package_identification:_identify(src/sniffi_safety) by extensions ['ignore', 'ignore_ament_install']
[0.085s] Level 1:colcon.colcon_core.package_identification:_identify(src/sniffi_safety) by extension 'ignore'
[0.085s] Level 1:colcon.colcon_core.package_identification:_identify(src/sniffi_safety) by extension 'ignore_ament_install'
[0.085s] Level 1:colcon.colcon_core.package_identification:_identify(src/sniffi_safety) by extensions ['colcon_pkg']
[0.085s] Level 1:colcon.colcon_core.package_identification:_identify(src/sniffi_safety) by extension 'colcon_pkg'
[0.085s] Level 1:colcon.colcon_core.package_identification:_identify(src/sniffi_safety) by extensions ['colcon_meta']
[0.085s] Level 1:colcon.colcon_core.package_identification:_identify(src/sniffi_safety) by extension 'colcon_meta'
[0.085s] Level 1:colcon.colcon_core.package_identification:_identify(src/sniffi_safety) by extensions ['ros']
[0.085s] Level 1:colcon.colcon_core.package_identification:_identify(src/sniffi_safety) by extension 'ros'
[0.085s] DEBUG:colcon.colcon_core.package_identification:Package 'src/sniffi_safety' with type 'ros.ament_cmake' and name 'sniffi_safety'
[0.086s] Level 1:colcon.colcon_core.package_identification:_identify(src/sniffi_sim) by extensions ['ignore', 'ignore_ament_install']
[0.086s] Level 1:colcon.colcon_core.package_identification:_identify(src/sniffi_sim) by extension 'ignore'
[0.086s] Level 1:colcon.colcon_core.package_identification:_identify(src/sniffi_sim) by extension 'ignore_ament_install'
[0.086s] Level 1:colcon.colcon_core.package_identification:_identify(src/sniffi_sim) by extensions ['colcon_pkg']
[0.086s] Level 1:colcon.colcon_core.package_identification:_identify(src/sniffi_sim) by extension 'colcon_pkg'
[0.086s] Level 1:colcon.colcon_core.package_identification:_identify(src/sniffi_sim) by extensions ['colcon_meta']
[0.086s] Level 1:colcon.colcon_core.package_identification:_identify(src/sniffi_sim) by extension 'colcon_meta'
[0.086s] Level 1:colcon.colcon_core.package_identification:_identify(src/sniffi_sim) by extensions ['ros']
[0.086s] Level 1:colcon.colcon_core.package_identification:_identify(src/sniffi_sim) by extension 'ros'
[0.086s] DEBUG:colcon.colcon_core.package_identification:Package 'src/sniffi_sim' with type 'ros.ament_cmake' and name 'sniffi_sim'
[0.086s] Level 1:colcon.colcon_core.package_discovery:discover_packages(recursive) using defaults
[0.086s] Level 1:colcon.colcon_core.package_discovery:discover_packages(ignore) discover
[0.086s] Level 1:colcon.colcon_core.package_discovery:discover_packages(ignore) using defaults
[0.086s] Level 1:colcon.colcon_core.package_discovery:discover_packages(path) discover
[0.086s] Level 1:colcon.colcon_core.package_discovery:discover_packages(path) using defaults
[0.099s] Level 1:colcon.colcon_core.package_discovery:discover_packages(prefix_path) check parameters
[0.099s] Level 1:colcon.colcon_core.package_discovery:discover_packages(prefix_path) discover
[0.101s] DEBUG:colcon.colcon_installed_package_information.package_discovery:Found 329 installed packages in /opt/ros/humble
[0.101s] Level 1:colcon.colcon_core.package_discovery:discover_packages(prefix_path) using defaults
[0.118s] ERROR:colcon:colcon build: Duplicate package names not supported:
- lidar_gui:
  - ref-src/src/lidar_gui
  - src/lidar_gui
- motor_driver:
  - ref-src/src/motor_driver
  - src/motor_driver
