[0.011s] Invoking command in '/home/lordcruise/Documents/upwork/sniffi/official_work/sniffi/build/sniffi_safety': CMAKE_PREFIX_PATH=/home/lordcruise/Documents/upwork/sniffi/official_work/sniffi/install/sniffi_msgs:/home/lordcruise/Documents/upwork/sniffi/official_work/sniffi/install/sniffi_sim:/home/lordcruise/Documents/upwork/sniffi/official_work/sniffi/install/sniffi_safety:/home/lordcruise/Documents/upwork/sniffi/official_work/sniffi/install/sniffi_power:/home/lordcruise/Documents/upwork/sniffi/official_work/sniffi/install/sniffi_description:/home/lordcruise/Documents/upwork/sniffi/official_work/sniffi/install/sniffi_bringup:/home/lordcruise/Documents/upwork/sniffi/official_work/sniffi/install/motor_driver:/home/lordcruise/Documents/upwork/sniffi/official_work/sniffi/install/lidar_gui:/opt/ros/humble /usr/bin/cmake /home/lordcruise/Documents/upwork/sniffi/official_work/sniffi/src/sniffi_safety -DAMENT_CMAKE_SYMLINK_INSTALL=1 -DCMAKE_INSTALL_PREFIX=/home/lordcruise/Documents/upwork/sniffi/official_work/sniffi/install/sniffi_safety
[0.110s] -- The C compiler identification is GNU 11.4.0
[0.188s] -- The CXX compiler identification is GNU 11.4.0
[0.203s] -- Detecting C compiler ABI info
[0.252s] -- Detecting C compiler ABI info - done
[0.257s] -- Check for working C compiler: /usr/lib/ccache/cc - skipped
[0.258s] -- Detecting C compile features
[0.260s] -- Detecting C compile features - done
[0.262s] -- Detecting CXX compiler ABI info
[0.315s] -- Detecting CXX compiler ABI info - done
[0.320s] -- Check for working CXX compiler: /usr/lib/ccache/c++ - skipped
[0.320s] -- Detecting CXX compile features
[0.320s] -- Detecting CXX compile features - done
[0.327s] -- Found ament_cmake: 1.3.11 (/opt/ros/humble/share/ament_cmake/cmake)
[0.608s] -- Found Python3: /usr/bin/python3 (found version "3.10.12") found components: Interpreter 
[0.670s] -- Override CMake install command with custom implementation using symlinks instead of copying resources
[0.713s] -- Found rclcpp: 16.0.12 (/opt/ros/humble/share/rclcpp/cmake)
[0.770s] -- Found rosidl_generator_c: 3.1.6 (/opt/ros/humble/share/rosidl_generator_c/cmake)
[0.775s] -- Found rosidl_adapter: 3.1.6 (/opt/ros/humble/share/rosidl_adapter/cmake)
[0.786s] -- Found rosidl_generator_cpp: 3.1.6 (/opt/ros/humble/share/rosidl_generator_cpp/cmake)
[0.801s] -- Using all available rosidl_typesupport_c: rosidl_typesupport_fastrtps_c;rosidl_typesupport_introspection_c
[0.818s] -- Using all available rosidl_typesupport_cpp: rosidl_typesupport_fastrtps_cpp;rosidl_typesupport_introspection_cpp
[0.870s] -- Found rmw_implementation_cmake: 6.1.2 (/opt/ros/humble/share/rmw_implementation_cmake/cmake)
[0.873s] -- Found rmw_fastrtps_cpp: 6.2.7 (/opt/ros/humble/share/rmw_fastrtps_cpp/cmake)
[0.966s] -- Found OpenSSL: /usr/lib/x86_64-linux-gnu/libcrypto.so (found version "3.0.2")  
[0.993s] -- Found FastRTPS: /opt/ros/humble/include  
[1.035s] -- Using RMW implementation 'rmw_fastrtps_cpp' as default
[1.049s] -- Looking for pthread.h
[1.098s] -- Looking for pthread.h - found
[1.098s] -- Performing Test CMAKE_HAVE_LIBC_PTHREAD
[1.140s] -- Performing Test CMAKE_HAVE_LIBC_PTHREAD - Success
[1.140s] -- Found Threads: TRUE  
[1.209s] -- Found geometry_msgs: 4.8.0 (/opt/ros/humble/share/geometry_msgs/cmake)
[1.223s] -- Found sniffi_msgs: 0.0.0 (/home/lordcruise/Documents/upwork/sniffi/official_work/sniffi/install/sniffi_msgs/share/sniffi_msgs/cmake)
[1.226s] -- Found ament_lint_auto: 0.12.12 (/opt/ros/humble/share/ament_lint_auto/cmake)
[1.302s] -- Added test 'cppcheck' to perform static code analysis on C / C++ code
[1.302s] -- Configured cppcheck include dirs: 
[1.302s] -- Configured cppcheck exclude dirs and/or files: 
[1.303s] -- Added test 'lint_cmake' to check CMake code style
[1.303s] -- Added test 'uncrustify' to check C / C++ code style
[1.303s] -- Configured uncrustify additional arguments: 
[1.304s] -- Added test 'xmllint' to check XML markup files
[1.305s] -- Configuring done
[1.308s] -- Generating done
[1.309s] -- Build files have been written to: /home/lordcruise/Documents/upwork/sniffi/official_work/sniffi/build/sniffi_safety
[1.318s] Invoked command in '/home/lordcruise/Documents/upwork/sniffi/official_work/sniffi/build/sniffi_safety' returned '0': CMAKE_PREFIX_PATH=/home/lordcruise/Documents/upwork/sniffi/official_work/sniffi/install/sniffi_msgs:/home/lordcruise/Documents/upwork/sniffi/official_work/sniffi/install/sniffi_sim:/home/lordcruise/Documents/upwork/sniffi/official_work/sniffi/install/sniffi_safety:/home/lordcruise/Documents/upwork/sniffi/official_work/sniffi/install/sniffi_power:/home/lordcruise/Documents/upwork/sniffi/official_work/sniffi/install/sniffi_description:/home/lordcruise/Documents/upwork/sniffi/official_work/sniffi/install/sniffi_bringup:/home/lordcruise/Documents/upwork/sniffi/official_work/sniffi/install/motor_driver:/home/lordcruise/Documents/upwork/sniffi/official_work/sniffi/install/lidar_gui:/opt/ros/humble /usr/bin/cmake /home/lordcruise/Documents/upwork/sniffi/official_work/sniffi/src/sniffi_safety -DAMENT_CMAKE_SYMLINK_INSTALL=1 -DCMAKE_INSTALL_PREFIX=/home/lordcruise/Documents/upwork/sniffi/official_work/sniffi/install/sniffi_safety
[1.318s] Invoking command in '/home/lordcruise/Documents/upwork/sniffi/official_work/sniffi/build/sniffi_safety': CMAKE_PREFIX_PATH=/home/lordcruise/Documents/upwork/sniffi/official_work/sniffi/install/sniffi_msgs:/home/lordcruise/Documents/upwork/sniffi/official_work/sniffi/install/sniffi_sim:/home/lordcruise/Documents/upwork/sniffi/official_work/sniffi/install/sniffi_safety:/home/lordcruise/Documents/upwork/sniffi/official_work/sniffi/install/sniffi_power:/home/lordcruise/Documents/upwork/sniffi/official_work/sniffi/install/sniffi_description:/home/lordcruise/Documents/upwork/sniffi/official_work/sniffi/install/sniffi_bringup:/home/lordcruise/Documents/upwork/sniffi/official_work/sniffi/install/motor_driver:/home/lordcruise/Documents/upwork/sniffi/official_work/sniffi/install/lidar_gui:/opt/ros/humble /usr/bin/cmake --build /home/lordcruise/Documents/upwork/sniffi/official_work/sniffi/build/sniffi_safety -- -j24 -l24
[1.351s] Invoked command in '/home/lordcruise/Documents/upwork/sniffi/official_work/sniffi/build/sniffi_safety' returned '0': CMAKE_PREFIX_PATH=/home/lordcruise/Documents/upwork/sniffi/official_work/sniffi/install/sniffi_msgs:/home/lordcruise/Documents/upwork/sniffi/official_work/sniffi/install/sniffi_sim:/home/lordcruise/Documents/upwork/sniffi/official_work/sniffi/install/sniffi_safety:/home/lordcruise/Documents/upwork/sniffi/official_work/sniffi/install/sniffi_power:/home/lordcruise/Documents/upwork/sniffi/official_work/sniffi/install/sniffi_description:/home/lordcruise/Documents/upwork/sniffi/official_work/sniffi/install/sniffi_bringup:/home/lordcruise/Documents/upwork/sniffi/official_work/sniffi/install/motor_driver:/home/lordcruise/Documents/upwork/sniffi/official_work/sniffi/install/lidar_gui:/opt/ros/humble /usr/bin/cmake --build /home/lordcruise/Documents/upwork/sniffi/official_work/sniffi/build/sniffi_safety -- -j24 -l24
[1.358s] Invoking command in '/home/lordcruise/Documents/upwork/sniffi/official_work/sniffi/build/sniffi_safety': CMAKE_PREFIX_PATH=/home/lordcruise/Documents/upwork/sniffi/official_work/sniffi/install/sniffi_msgs:/home/lordcruise/Documents/upwork/sniffi/official_work/sniffi/install/sniffi_sim:/home/lordcruise/Documents/upwork/sniffi/official_work/sniffi/install/sniffi_safety:/home/lordcruise/Documents/upwork/sniffi/official_work/sniffi/install/sniffi_power:/home/lordcruise/Documents/upwork/sniffi/official_work/sniffi/install/sniffi_description:/home/lordcruise/Documents/upwork/sniffi/official_work/sniffi/install/sniffi_bringup:/home/lordcruise/Documents/upwork/sniffi/official_work/sniffi/install/motor_driver:/home/lordcruise/Documents/upwork/sniffi/official_work/sniffi/install/lidar_gui:/opt/ros/humble /usr/bin/cmake --install /home/lordcruise/Documents/upwork/sniffi/official_work/sniffi/build/sniffi_safety
[1.362s] -- Install configuration: ""
[1.363s] -- Execute custom install script
[1.363s] -- Symlinking: /home/lordcruise/Documents/upwork/sniffi/official_work/sniffi/install/sniffi_safety/share/ament_index/resource_index/package_run_dependencies/sniffi_safety
[1.369s] -- Symlinking: /home/lordcruise/Documents/upwork/sniffi/official_work/sniffi/install/sniffi_safety/share/ament_index/resource_index/parent_prefix_path/sniffi_safety
[1.375s] -- Symlinking: /home/lordcruise/Documents/upwork/sniffi/official_work/sniffi/install/sniffi_safety/share/sniffi_safety/environment/ament_prefix_path.sh
[1.381s] -- Symlinking: /home/lordcruise/Documents/upwork/sniffi/official_work/sniffi/install/sniffi_safety/share/sniffi_safety/environment/ament_prefix_path.dsv
[1.387s] -- Symlinking: /home/lordcruise/Documents/upwork/sniffi/official_work/sniffi/install/sniffi_safety/share/sniffi_safety/environment/path.sh
[1.392s] -- Symlinking: /home/lordcruise/Documents/upwork/sniffi/official_work/sniffi/install/sniffi_safety/share/sniffi_safety/environment/path.dsv
[1.398s] -- Symlinking: /home/lordcruise/Documents/upwork/sniffi/official_work/sniffi/install/sniffi_safety/share/sniffi_safety/local_setup.bash
[1.404s] -- Symlinking: /home/lordcruise/Documents/upwork/sniffi/official_work/sniffi/install/sniffi_safety/share/sniffi_safety/local_setup.sh
[1.411s] -- Symlinking: /home/lordcruise/Documents/upwork/sniffi/official_work/sniffi/install/sniffi_safety/share/sniffi_safety/local_setup.zsh
[1.417s] -- Symlinking: /home/lordcruise/Documents/upwork/sniffi/official_work/sniffi/install/sniffi_safety/share/sniffi_safety/local_setup.dsv
[1.422s] -- Symlinking: /home/lordcruise/Documents/upwork/sniffi/official_work/sniffi/install/sniffi_safety/share/sniffi_safety/package.dsv
[1.428s] -- Symlinking: /home/lordcruise/Documents/upwork/sniffi/official_work/sniffi/install/sniffi_safety/share/ament_index/resource_index/packages/sniffi_safety
[1.433s] -- Symlinking: /home/lordcruise/Documents/upwork/sniffi/official_work/sniffi/install/sniffi_safety/share/sniffi_safety/cmake/sniffi_safetyConfig.cmake
[1.438s] -- Symlinking: /home/lordcruise/Documents/upwork/sniffi/official_work/sniffi/install/sniffi_safety/share/sniffi_safety/cmake/sniffi_safetyConfig-version.cmake
[1.444s] -- Symlinking: /home/lordcruise/Documents/upwork/sniffi/official_work/sniffi/install/sniffi_safety/share/sniffi_safety/package.xml
[1.450s] Invoked command in '/home/lordcruise/Documents/upwork/sniffi/official_work/sniffi/build/sniffi_safety' returned '0': CMAKE_PREFIX_PATH=/home/lordcruise/Documents/upwork/sniffi/official_work/sniffi/install/sniffi_msgs:/home/lordcruise/Documents/upwork/sniffi/official_work/sniffi/install/sniffi_sim:/home/lordcruise/Documents/upwork/sniffi/official_work/sniffi/install/sniffi_safety:/home/lordcruise/Documents/upwork/sniffi/official_work/sniffi/install/sniffi_power:/home/lordcruise/Documents/upwork/sniffi/official_work/sniffi/install/sniffi_description:/home/lordcruise/Documents/upwork/sniffi/official_work/sniffi/install/sniffi_bringup:/home/lordcruise/Documents/upwork/sniffi/official_work/sniffi/install/motor_driver:/home/lordcruise/Documents/upwork/sniffi/official_work/sniffi/install/lidar_gui:/opt/ros/humble /usr/bin/cmake --install /home/lordcruise/Documents/upwork/sniffi/official_work/sniffi/build/sniffi_safety
