-- The C compiler identification is GNU 11.4.0
-- The CXX compiler identification is GNU 11.4.0
-- Detecting C compiler ABI info
-- Detecting C compiler ABI info - done
-- Check for working C compiler: /usr/lib/ccache/cc - skipped
-- Detecting C compile features
-- Detecting C compile features - done
-- Detecting CXX compiler ABI info
-- Detecting CXX compiler ABI info - done
-- Check for working CXX compiler: /usr/lib/ccache/c++ - skipped
-- Detecting CXX compile features
-- Detecting CXX compile features - done
-- Found ament_cmake: 1.3.11 (/opt/ros/humble/share/ament_cmake/cmake)
-- Found Python3: /usr/bin/python3 (found version "3.10.12") found components: Interpreter 
-- Override CMake install command with custom implementation using symlinks instead of copying resources
-- Found builtin_interfaces: 1.2.1 (/opt/ros/humble/share/builtin_interfaces/cmake)
-- Found rosidl_generator_c: 3.1.6 (/opt/ros/humble/share/rosidl_generator_c/cmake)
-- Found rosidl_adapter: 3.1.6 (/opt/ros/humble/share/rosidl_adapter/cmake)
-- Found rosidl_generator_cpp: 3.1.6 (/opt/ros/humble/share/rosidl_generator_cpp/cmake)
-- Using all available rosidl_typesupport_c: rosidl_typesupport_fastrtps_c;rosidl_typesupport_introspection_c
-- Using all available rosidl_typesupport_cpp: rosidl_typesupport_fastrtps_cpp;rosidl_typesupport_introspection_cpp
-- Found std_msgs: 4.8.0 (/opt/ros/humble/share/std_msgs/cmake)
-- Found ament_lint_auto: 0.12.12 (/opt/ros/humble/share/ament_lint_auto/cmake)
-- Added test 'lint_cmake' to check CMake code style
-- Added test 'xmllint' to check XML markup files
-- Configuring done
-- Generating done
-- Build files have been written to: /home/lordcruise/Documents/upwork/sniffi/official_work/sniffi/build/sniffi_msgs
-- Install configuration: ""
-- Execute custom install script
-- Symlinking: /home/lordcruise/Documents/upwork/sniffi/official_work/sniffi/install/sniffi_msgs/share/ament_index/resource_index/package_run_dependencies/sniffi_msgs
-- Symlinking: /home/lordcruise/Documents/upwork/sniffi/official_work/sniffi/install/sniffi_msgs/share/ament_index/resource_index/parent_prefix_path/sniffi_msgs
-- Symlinking: /home/lordcruise/Documents/upwork/sniffi/official_work/sniffi/install/sniffi_msgs/share/sniffi_msgs/environment/ament_prefix_path.sh
-- Symlinking: /home/lordcruise/Documents/upwork/sniffi/official_work/sniffi/install/sniffi_msgs/share/sniffi_msgs/environment/ament_prefix_path.dsv
-- Symlinking: /home/lordcruise/Documents/upwork/sniffi/official_work/sniffi/install/sniffi_msgs/share/sniffi_msgs/environment/path.sh
-- Symlinking: /home/lordcruise/Documents/upwork/sniffi/official_work/sniffi/install/sniffi_msgs/share/sniffi_msgs/environment/path.dsv
-- Symlinking: /home/lordcruise/Documents/upwork/sniffi/official_work/sniffi/install/sniffi_msgs/share/sniffi_msgs/local_setup.bash
-- Symlinking: /home/lordcruise/Documents/upwork/sniffi/official_work/sniffi/install/sniffi_msgs/share/sniffi_msgs/local_setup.sh
-- Symlinking: /home/lordcruise/Documents/upwork/sniffi/official_work/sniffi/install/sniffi_msgs/share/sniffi_msgs/local_setup.zsh
-- Symlinking: /home/lordcruise/Documents/upwork/sniffi/official_work/sniffi/install/sniffi_msgs/share/sniffi_msgs/local_setup.dsv
-- Symlinking: /home/lordcruise/Documents/upwork/sniffi/official_work/sniffi/install/sniffi_msgs/share/sniffi_msgs/package.dsv
-- Symlinking: /home/lordcruise/Documents/upwork/sniffi/official_work/sniffi/install/sniffi_msgs/share/ament_index/resource_index/packages/sniffi_msgs
-- Symlinking: /home/lordcruise/Documents/upwork/sniffi/official_work/sniffi/install/sniffi_msgs/share/sniffi_msgs/cmake/sniffi_msgsConfig.cmake
-- Symlinking: /home/lordcruise/Documents/upwork/sniffi/official_work/sniffi/install/sniffi_msgs/share/sniffi_msgs/cmake/sniffi_msgsConfig-version.cmake
-- Symlinking: /home/lordcruise/Documents/upwork/sniffi/official_work/sniffi/install/sniffi_msgs/share/sniffi_msgs/package.xml
