[0.010s] Invoking command in '/home/lordcruise/Documents/upwork/sniffi/official_work/sniffi/build/sniffi_sim': CMAKE_PREFIX_PATH=/home/lordcruise/Documents/upwork/sniffi/official_work/sniffi/install/sniffi_power:/home/lordcruise/Documents/upwork/sniffi/official_work/sniffi/install/sniffi_safety:/home/lordcruise/Documents/upwork/sniffi/official_work/sniffi/install/sniffi_msgs:/home/lordcruise/Documents/upwork/sniffi/official_work/sniffi/install/sniffi_bringup:/home/lordcruise/Documents/upwork/sniffi/official_work/sniffi/install/sniffi_sim:/home/lordcruise/Documents/upwork/sniffi/official_work/sniffi/install/sniffi_description:/home/lordcruise/Documents/upwork/sniffi/official_work/sniffi/install/motor_driver:/home/lordcruise/Documents/upwork/sniffi/official_work/sniffi/install/lidar_gui /usr/bin/cmake --build /home/lordcruise/Documents/upwork/sniffi/official_work/sniffi/build/sniffi_sim -- -j24 -l24
[0.040s] Invoked command in '/home/lordcruise/Documents/upwork/sniffi/official_work/sniffi/build/sniffi_sim' returned '0': CMAKE_PREFIX_PATH=/home/lordcruise/Documents/upwork/sniffi/official_work/sniffi/install/sniffi_power:/home/lordcruise/Documents/upwork/sniffi/official_work/sniffi/install/sniffi_safety:/home/lordcruise/Documents/upwork/sniffi/official_work/sniffi/install/sniffi_msgs:/home/lordcruise/Documents/upwork/sniffi/official_work/sniffi/install/sniffi_bringup:/home/lordcruise/Documents/upwork/sniffi/official_work/sniffi/install/sniffi_sim:/home/lordcruise/Documents/upwork/sniffi/official_work/sniffi/install/sniffi_description:/home/lordcruise/Documents/upwork/sniffi/official_work/sniffi/install/motor_driver:/home/lordcruise/Documents/upwork/sniffi/official_work/sniffi/install/lidar_gui /usr/bin/cmake --build /home/lordcruise/Documents/upwork/sniffi/official_work/sniffi/build/sniffi_sim -- -j24 -l24
[0.041s] Invoking command in '/home/lordcruise/Documents/upwork/sniffi/official_work/sniffi/build/sniffi_sim': CMAKE_PREFIX_PATH=/home/lordcruise/Documents/upwork/sniffi/official_work/sniffi/install/sniffi_power:/home/lordcruise/Documents/upwork/sniffi/official_work/sniffi/install/sniffi_safety:/home/lordcruise/Documents/upwork/sniffi/official_work/sniffi/install/sniffi_msgs:/home/lordcruise/Documents/upwork/sniffi/official_work/sniffi/install/sniffi_bringup:/home/lordcruise/Documents/upwork/sniffi/official_work/sniffi/install/sniffi_sim:/home/lordcruise/Documents/upwork/sniffi/official_work/sniffi/install/sniffi_description:/home/lordcruise/Documents/upwork/sniffi/official_work/sniffi/install/motor_driver:/home/lordcruise/Documents/upwork/sniffi/official_work/sniffi/install/lidar_gui /usr/bin/cmake --install /home/lordcruise/Documents/upwork/sniffi/official_work/sniffi/build/sniffi_sim
[0.043s] -- Install configuration: ""
[0.044s] -- Execute custom install script
[0.044s] -- Up-to-date symlink: /home/lordcruise/Documents/upwork/sniffi/official_work/sniffi/install/sniffi_sim/share/sniffi_sim/launch/sim_nav_demo.launch.py
[0.044s] -- Up-to-date symlink: /home/lordcruise/Documents/upwork/sniffi/official_work/sniffi/install/sniffi_sim/share/sniffi_sim/worlds/sniffi.world
[0.044s] -- Up-to-date symlink: /home/lordcruise/Documents/upwork/sniffi/official_work/sniffi/install/sniffi_sim/share/sniffi_sim/config/nav2_params.yaml
[0.044s] -- Up-to-date symlink: /home/lordcruise/Documents/upwork/sniffi/official_work/sniffi/install/sniffi_sim/share/sniffi_sim/config/rtabmap_params.yaml
[0.044s] -- Up-to-date symlink: /home/lordcruise/Documents/upwork/sniffi/official_work/sniffi/install/sniffi_sim/share/sniffi_sim/rviz/nav_demo.rviz
[0.044s] -- Up-to-date symlink: /home/lordcruise/Documents/upwork/sniffi/official_work/sniffi/install/sniffi_sim/share/ament_index/resource_index/package_run_dependencies/sniffi_sim
[0.045s] -- Up-to-date symlink: /home/lordcruise/Documents/upwork/sniffi/official_work/sniffi/install/sniffi_sim/share/ament_index/resource_index/parent_prefix_path/sniffi_sim
[0.045s] -- Up-to-date symlink: /home/lordcruise/Documents/upwork/sniffi/official_work/sniffi/install/sniffi_sim/share/sniffi_sim/environment/ament_prefix_path.sh
[0.045s] -- Up-to-date symlink: /home/lordcruise/Documents/upwork/sniffi/official_work/sniffi/install/sniffi_sim/share/sniffi_sim/environment/ament_prefix_path.dsv
[0.045s] -- Up-to-date symlink: /home/lordcruise/Documents/upwork/sniffi/official_work/sniffi/install/sniffi_sim/share/sniffi_sim/environment/path.sh
[0.045s] -- Up-to-date symlink: /home/lordcruise/Documents/upwork/sniffi/official_work/sniffi/install/sniffi_sim/share/sniffi_sim/environment/path.dsv
[0.045s] -- Up-to-date symlink: /home/lordcruise/Documents/upwork/sniffi/official_work/sniffi/install/sniffi_sim/share/sniffi_sim/local_setup.bash
[0.045s] -- Up-to-date symlink: /home/lordcruise/Documents/upwork/sniffi/official_work/sniffi/install/sniffi_sim/share/sniffi_sim/local_setup.sh
[0.045s] -- Up-to-date symlink: /home/lordcruise/Documents/upwork/sniffi/official_work/sniffi/install/sniffi_sim/share/sniffi_sim/local_setup.zsh
[0.045s] -- Up-to-date symlink: /home/lordcruise/Documents/upwork/sniffi/official_work/sniffi/install/sniffi_sim/share/sniffi_sim/local_setup.dsv
[0.045s] -- Symlinking: /home/lordcruise/Documents/upwork/sniffi/official_work/sniffi/install/sniffi_sim/share/sniffi_sim/package.dsv
[0.052s] -- Up-to-date symlink: /home/lordcruise/Documents/upwork/sniffi/official_work/sniffi/install/sniffi_sim/share/ament_index/resource_index/packages/sniffi_sim
[0.052s] -- Up-to-date symlink: /home/lordcruise/Documents/upwork/sniffi/official_work/sniffi/install/sniffi_sim/share/sniffi_sim/cmake/sniffi_simConfig.cmake
[0.052s] -- Up-to-date symlink: /home/lordcruise/Documents/upwork/sniffi/official_work/sniffi/install/sniffi_sim/share/sniffi_sim/cmake/sniffi_simConfig-version.cmake
[0.052s] -- Up-to-date symlink: /home/lordcruise/Documents/upwork/sniffi/official_work/sniffi/install/sniffi_sim/share/sniffi_sim/package.xml
[0.053s] Invoked command in '/home/lordcruise/Documents/upwork/sniffi/official_work/sniffi/build/sniffi_sim' returned '0': CMAKE_PREFIX_PATH=/home/lordcruise/Documents/upwork/sniffi/official_work/sniffi/install/sniffi_power:/home/lordcruise/Documents/upwork/sniffi/official_work/sniffi/install/sniffi_safety:/home/lordcruise/Documents/upwork/sniffi/official_work/sniffi/install/sniffi_msgs:/home/lordcruise/Documents/upwork/sniffi/official_work/sniffi/install/sniffi_bringup:/home/lordcruise/Documents/upwork/sniffi/official_work/sniffi/install/sniffi_sim:/home/lordcruise/Documents/upwork/sniffi/official_work/sniffi/install/sniffi_description:/home/lordcruise/Documents/upwork/sniffi/official_work/sniffi/install/motor_driver:/home/lordcruise/Documents/upwork/sniffi/official_work/sniffi/install/lidar_gui /usr/bin/cmake --install /home/lordcruise/Documents/upwork/sniffi/official_work/sniffi/build/sniffi_sim
