[0.065s] DEBUG:colcon:Command line arguments: ['/usr/bin/colcon', 'build', '--symlink-install', '--packages-select', 'sniffi_safety', 'sniffi_power', 'sniffi_sim']
[0.065s] DEBUG:colcon:Parsed command line arguments: Namespace(log_base=None, log_level=None, verb_name='build', build_base='build', install_base='install', merge_install=False, symlink_install=True, test_result_base=None, continue_on_error=False, executor='parallel', parallel_workers=24, event_handlers=None, ignore_user_meta=False, metas=['./colcon.meta'], base_paths=['.'], packages_ignore=None, packages_ignore_regex=None, paths=None, packages_up_to=None, packages_up_to_regex=None, packages_above=None, packages_above_and_dependencies=None, packages_above_depth=None, packages_select_by_dep=None, packages_skip_by_dep=None, packages_skip_up_to=None, packages_select_build_failed=False, packages_skip_build_finished=False, packages_select_test_failures=False, packages_skip_test_passed=False, packages_select=['sniffi_safety', 'sniffi_power', 'sniffi_sim'], packages_skip=None, packages_select_regex=None, packages_skip_regex=None, packages_start=None, packages_end=None, allow_overriding=[], cmake_args=None, cmake_target=None, cmake_target_skip_unavailable=False, cmake_clean_cache=False, cmake_clean_first=False, cmake_force_configure=False, ament_cmake_args=None, catkin_cmake_args=None, catkin_skip_building_tests=False, verb_parser=<colcon_defaults.argument_parser.defaults.DefaultArgumentsDecorator object at 0x701b29936a10>, verb_extension=<colcon_core.verb.build.BuildVerb object at 0x701b298f4370>, main=<bound method BuildVerb.main of <colcon_core.verb.build.BuildVerb object at 0x701b298f4370>>)
[0.090s] Level 1:colcon.colcon_core.package_discovery:discover_packages(colcon_meta) check parameters
[0.090s] Level 1:colcon.colcon_core.package_discovery:discover_packages(recursive) check parameters
[0.090s] Level 1:colcon.colcon_core.package_discovery:discover_packages(ignore) check parameters
[0.090s] Level 1:colcon.colcon_core.package_discovery:discover_packages(path) check parameters
[0.090s] Level 1:colcon.colcon_core.package_discovery:discover_packages(colcon_meta) discover
[0.090s] Level 1:colcon.colcon_core.package_discovery:discover_packages(recursive) discover
[0.090s] INFO:colcon.colcon_core.package_discovery:Crawling recursively for packages in '/home/lordcruise/Documents/upwork/sniffi/official_work/sniffi'
[0.090s] Level 1:colcon.colcon_core.package_identification:_identify(.) by extensions ['ignore', 'ignore_ament_install']
[0.091s] Level 1:colcon.colcon_core.package_identification:_identify(.) by extension 'ignore'
[0.091s] Level 1:colcon.colcon_core.package_identification:_identify(.) by extension 'ignore_ament_install'
[0.091s] Level 1:colcon.colcon_core.package_identification:_identify(.) by extensions ['colcon_pkg']
[0.091s] Level 1:colcon.colcon_core.package_identification:_identify(.) by extension 'colcon_pkg'
[0.091s] Level 1:colcon.colcon_core.package_identification:_identify(.) by extensions ['colcon_meta']
[0.091s] Level 1:colcon.colcon_core.package_identification:_identify(.) by extension 'colcon_meta'
[0.091s] Level 1:colcon.colcon_core.package_identification:_identify(.) by extensions ['ros']
[0.091s] Level 1:colcon.colcon_core.package_identification:_identify(.) by extension 'ros'
[0.100s] Level 1:colcon.colcon_core.package_identification:_identify(.) by extensions ['cmake', 'python']
[0.100s] Level 1:colcon.colcon_core.package_identification:_identify(.) by extension 'cmake'
[0.100s] Level 1:colcon.colcon_core.package_identification:_identify(.) by extension 'python'
[0.100s] Level 1:colcon.colcon_core.package_identification:_identify(.) by extensions ['python_setup_py']
[0.100s] Level 1:colcon.colcon_core.package_identification:_identify(.) by extension 'python_setup_py'
[0.100s] Level 1:colcon.colcon_core.package_identification:_identify(build) by extensions ['ignore', 'ignore_ament_install']
[0.100s] Level 1:colcon.colcon_core.package_identification:_identify(build) by extension 'ignore'
[0.100s] Level 1:colcon.colcon_core.package_identification:_identify(build) ignored
[0.101s] Level 1:colcon.colcon_core.package_identification:_identify(docs) by extensions ['ignore', 'ignore_ament_install']
[0.101s] Level 1:colcon.colcon_core.package_identification:_identify(docs) by extension 'ignore'
[0.101s] Level 1:colcon.colcon_core.package_identification:_identify(docs) by extension 'ignore_ament_install'
[0.101s] Level 1:colcon.colcon_core.package_identification:_identify(docs) by extensions ['colcon_pkg']
[0.101s] Level 1:colcon.colcon_core.package_identification:_identify(docs) by extension 'colcon_pkg'
[0.101s] Level 1:colcon.colcon_core.package_identification:_identify(docs) by extensions ['colcon_meta']
[0.101s] Level 1:colcon.colcon_core.package_identification:_identify(docs) by extension 'colcon_meta'
[0.101s] Level 1:colcon.colcon_core.package_identification:_identify(docs) by extensions ['ros']
[0.101s] Level 1:colcon.colcon_core.package_identification:_identify(docs) by extension 'ros'
[0.101s] Level 1:colcon.colcon_core.package_identification:_identify(docs) by extensions ['cmake', 'python']
[0.101s] Level 1:colcon.colcon_core.package_identification:_identify(docs) by extension 'cmake'
[0.101s] Level 1:colcon.colcon_core.package_identification:_identify(docs) by extension 'python'
[0.101s] Level 1:colcon.colcon_core.package_identification:_identify(docs) by extensions ['python_setup_py']
[0.101s] Level 1:colcon.colcon_core.package_identification:_identify(docs) by extension 'python_setup_py'
[0.101s] Level 1:colcon.colcon_core.package_identification:_identify(install) by extensions ['ignore', 'ignore_ament_install']
[0.101s] Level 1:colcon.colcon_core.package_identification:_identify(install) by extension 'ignore'
[0.101s] Level 1:colcon.colcon_core.package_identification:_identify(install) ignored
[0.101s] Level 1:colcon.colcon_core.package_identification:_identify(log) by extensions ['ignore', 'ignore_ament_install']
[0.101s] Level 1:colcon.colcon_core.package_identification:_identify(log) by extension 'ignore'
[0.101s] Level 1:colcon.colcon_core.package_identification:_identify(log) ignored
[0.101s] Level 1:colcon.colcon_core.package_identification:_identify(src) by extensions ['ignore', 'ignore_ament_install']
[0.101s] Level 1:colcon.colcon_core.package_identification:_identify(src) by extension 'ignore'
[0.101s] Level 1:colcon.colcon_core.package_identification:_identify(src) by extension 'ignore_ament_install'
[0.101s] Level 1:colcon.colcon_core.package_identification:_identify(src) by extensions ['colcon_pkg']
[0.101s] Level 1:colcon.colcon_core.package_identification:_identify(src) by extension 'colcon_pkg'
[0.101s] Level 1:colcon.colcon_core.package_identification:_identify(src) by extensions ['colcon_meta']
[0.101s] Level 1:colcon.colcon_core.package_identification:_identify(src) by extension 'colcon_meta'
[0.101s] Level 1:colcon.colcon_core.package_identification:_identify(src) by extensions ['ros']
[0.101s] Level 1:colcon.colcon_core.package_identification:_identify(src) by extension 'ros'
[0.101s] Level 1:colcon.colcon_core.package_identification:_identify(src) by extensions ['cmake', 'python']
[0.101s] Level 1:colcon.colcon_core.package_identification:_identify(src) by extension 'cmake'
[0.101s] Level 1:colcon.colcon_core.package_identification:_identify(src) by extension 'python'
[0.101s] Level 1:colcon.colcon_core.package_identification:_identify(src) by extensions ['python_setup_py']
[0.101s] Level 1:colcon.colcon_core.package_identification:_identify(src) by extension 'python_setup_py'
[0.101s] Level 1:colcon.colcon_core.package_identification:_identify(src/lidar_gui) by extensions ['ignore', 'ignore_ament_install']
[0.102s] Level 1:colcon.colcon_core.package_identification:_identify(src/lidar_gui) by extension 'ignore'
[0.102s] Level 1:colcon.colcon_core.package_identification:_identify(src/lidar_gui) by extension 'ignore_ament_install'
[0.102s] Level 1:colcon.colcon_core.package_identification:_identify(src/lidar_gui) by extensions ['colcon_pkg']
[0.102s] Level 1:colcon.colcon_core.package_identification:_identify(src/lidar_gui) by extension 'colcon_pkg'
[0.102s] Level 1:colcon.colcon_core.package_identification:_identify(src/lidar_gui) by extensions ['colcon_meta']
[0.102s] Level 1:colcon.colcon_core.package_identification:_identify(src/lidar_gui) by extension 'colcon_meta'
[0.102s] Level 1:colcon.colcon_core.package_identification:_identify(src/lidar_gui) by extensions ['ros']
[0.102s] Level 1:colcon.colcon_core.package_identification:_identify(src/lidar_gui) by extension 'ros'
[0.103s] DEBUG:colcon.colcon_core.package_identification:Package 'src/lidar_gui' with type 'ros.ament_cmake' and name 'lidar_gui'
[0.103s] Level 1:colcon.colcon_core.package_identification:_identify(src/motor_driver) by extensions ['ignore', 'ignore_ament_install']
[0.104s] Level 1:colcon.colcon_core.package_identification:_identify(src/motor_driver) by extension 'ignore'
[0.104s] Level 1:colcon.colcon_core.package_identification:_identify(src/motor_driver) by extension 'ignore_ament_install'
[0.104s] Level 1:colcon.colcon_core.package_identification:_identify(src/motor_driver) by extensions ['colcon_pkg']
[0.104s] Level 1:colcon.colcon_core.package_identification:_identify(src/motor_driver) by extension 'colcon_pkg'
[0.104s] Level 1:colcon.colcon_core.package_identification:_identify(src/motor_driver) by extensions ['colcon_meta']
[0.104s] Level 1:colcon.colcon_core.package_identification:_identify(src/motor_driver) by extension 'colcon_meta'
[0.104s] Level 1:colcon.colcon_core.package_identification:_identify(src/motor_driver) by extensions ['ros']
[0.104s] Level 1:colcon.colcon_core.package_identification:_identify(src/motor_driver) by extension 'ros'
[0.104s] DEBUG:colcon.colcon_core.package_identification:Package 'src/motor_driver' with type 'ros.ament_cmake' and name 'motor_driver'
[0.104s] Level 1:colcon.colcon_core.package_identification:_identify(src/sniffi_bringup) by extensions ['ignore', 'ignore_ament_install']
[0.104s] Level 1:colcon.colcon_core.package_identification:_identify(src/sniffi_bringup) by extension 'ignore'
[0.104s] Level 1:colcon.colcon_core.package_identification:_identify(src/sniffi_bringup) by extension 'ignore_ament_install'
[0.104s] Level 1:colcon.colcon_core.package_identification:_identify(src/sniffi_bringup) by extensions ['colcon_pkg']
[0.104s] Level 1:colcon.colcon_core.package_identification:_identify(src/sniffi_bringup) by extension 'colcon_pkg'
[0.104s] Level 1:colcon.colcon_core.package_identification:_identify(src/sniffi_bringup) by extensions ['colcon_meta']
[0.104s] Level 1:colcon.colcon_core.package_identification:_identify(src/sniffi_bringup) by extension 'colcon_meta'
[0.104s] Level 1:colcon.colcon_core.package_identification:_identify(src/sniffi_bringup) by extensions ['ros']
[0.104s] Level 1:colcon.colcon_core.package_identification:_identify(src/sniffi_bringup) by extension 'ros'
[0.105s] DEBUG:colcon.colcon_core.package_identification:Package 'src/sniffi_bringup' with type 'ros.ament_cmake' and name 'sniffi_bringup'
[0.105s] Level 1:colcon.colcon_core.package_identification:_identify(src/sniffi_description) by extensions ['ignore', 'ignore_ament_install']
[0.105s] Level 1:colcon.colcon_core.package_identification:_identify(src/sniffi_description) by extension 'ignore'
[0.105s] Level 1:colcon.colcon_core.package_identification:_identify(src/sniffi_description) by extension 'ignore_ament_install'
[0.105s] Level 1:colcon.colcon_core.package_identification:_identify(src/sniffi_description) by extensions ['colcon_pkg']
[0.105s] Level 1:colcon.colcon_core.package_identification:_identify(src/sniffi_description) by extension 'colcon_pkg'
[0.105s] Level 1:colcon.colcon_core.package_identification:_identify(src/sniffi_description) by extensions ['colcon_meta']
[0.105s] Level 1:colcon.colcon_core.package_identification:_identify(src/sniffi_description) by extension 'colcon_meta'
[0.105s] Level 1:colcon.colcon_core.package_identification:_identify(src/sniffi_description) by extensions ['ros']
[0.105s] Level 1:colcon.colcon_core.package_identification:_identify(src/sniffi_description) by extension 'ros'
[0.105s] DEBUG:colcon.colcon_core.package_identification:Package 'src/sniffi_description' with type 'ros.ament_cmake' and name 'sniffi_description'
[0.105s] Level 1:colcon.colcon_core.package_identification:_identify(src/sniffi_msgs) by extensions ['ignore', 'ignore_ament_install']
[0.105s] Level 1:colcon.colcon_core.package_identification:_identify(src/sniffi_msgs) by extension 'ignore'
[0.105s] Level 1:colcon.colcon_core.package_identification:_identify(src/sniffi_msgs) by extension 'ignore_ament_install'
[0.105s] Level 1:colcon.colcon_core.package_identification:_identify(src/sniffi_msgs) by extensions ['colcon_pkg']
[0.105s] Level 1:colcon.colcon_core.package_identification:_identify(src/sniffi_msgs) by extension 'colcon_pkg'
[0.105s] Level 1:colcon.colcon_core.package_identification:_identify(src/sniffi_msgs) by extensions ['colcon_meta']
[0.105s] Level 1:colcon.colcon_core.package_identification:_identify(src/sniffi_msgs) by extension 'colcon_meta'
[0.105s] Level 1:colcon.colcon_core.package_identification:_identify(src/sniffi_msgs) by extensions ['ros']
[0.105s] Level 1:colcon.colcon_core.package_identification:_identify(src/sniffi_msgs) by extension 'ros'
[0.106s] DEBUG:colcon.colcon_core.package_identification:Package 'src/sniffi_msgs' with type 'ros.ament_cmake' and name 'sniffi_msgs'
[0.106s] Level 1:colcon.colcon_core.package_identification:_identify(src/sniffi_power) by extensions ['ignore', 'ignore_ament_install']
[0.106s] Level 1:colcon.colcon_core.package_identification:_identify(src/sniffi_power) by extension 'ignore'
[0.106s] Level 1:colcon.colcon_core.package_identification:_identify(src/sniffi_power) by extension 'ignore_ament_install'
[0.106s] Level 1:colcon.colcon_core.package_identification:_identify(src/sniffi_power) by extensions ['colcon_pkg']
[0.106s] Level 1:colcon.colcon_core.package_identification:_identify(src/sniffi_power) by extension 'colcon_pkg'
[0.106s] Level 1:colcon.colcon_core.package_identification:_identify(src/sniffi_power) by extensions ['colcon_meta']
[0.106s] Level 1:colcon.colcon_core.package_identification:_identify(src/sniffi_power) by extension 'colcon_meta'
[0.106s] Level 1:colcon.colcon_core.package_identification:_identify(src/sniffi_power) by extensions ['ros']
[0.106s] Level 1:colcon.colcon_core.package_identification:_identify(src/sniffi_power) by extension 'ros'
[0.106s] DEBUG:colcon.colcon_core.package_identification:Package 'src/sniffi_power' with type 'ros.ament_cmake' and name 'sniffi_power'
[0.106s] Level 1:colcon.colcon_core.package_identification:_identify(src/sniffi_safety) by extensions ['ignore', 'ignore_ament_install']
[0.106s] Level 1:colcon.colcon_core.package_identification:_identify(src/sniffi_safety) by extension 'ignore'
[0.106s] Level 1:colcon.colcon_core.package_identification:_identify(src/sniffi_safety) by extension 'ignore_ament_install'
[0.106s] Level 1:colcon.colcon_core.package_identification:_identify(src/sniffi_safety) by extensions ['colcon_pkg']
[0.106s] Level 1:colcon.colcon_core.package_identification:_identify(src/sniffi_safety) by extension 'colcon_pkg'
[0.106s] Level 1:colcon.colcon_core.package_identification:_identify(src/sniffi_safety) by extensions ['colcon_meta']
[0.106s] Level 1:colcon.colcon_core.package_identification:_identify(src/sniffi_safety) by extension 'colcon_meta'
[0.107s] Level 1:colcon.colcon_core.package_identification:_identify(src/sniffi_safety) by extensions ['ros']
[0.107s] Level 1:colcon.colcon_core.package_identification:_identify(src/sniffi_safety) by extension 'ros'
[0.107s] DEBUG:colcon.colcon_core.package_identification:Package 'src/sniffi_safety' with type 'ros.ament_cmake' and name 'sniffi_safety'
[0.107s] Level 1:colcon.colcon_core.package_identification:_identify(src/sniffi_sim) by extensions ['ignore', 'ignore_ament_install']
[0.107s] Level 1:colcon.colcon_core.package_identification:_identify(src/sniffi_sim) by extension 'ignore'
[0.107s] Level 1:colcon.colcon_core.package_identification:_identify(src/sniffi_sim) by extension 'ignore_ament_install'
[0.107s] Level 1:colcon.colcon_core.package_identification:_identify(src/sniffi_sim) by extensions ['colcon_pkg']
[0.107s] Level 1:colcon.colcon_core.package_identification:_identify(src/sniffi_sim) by extension 'colcon_pkg'
[0.107s] Level 1:colcon.colcon_core.package_identification:_identify(src/sniffi_sim) by extensions ['colcon_meta']
[0.107s] Level 1:colcon.colcon_core.package_identification:_identify(src/sniffi_sim) by extension 'colcon_meta'
[0.107s] Level 1:colcon.colcon_core.package_identification:_identify(src/sniffi_sim) by extensions ['ros']
[0.107s] Level 1:colcon.colcon_core.package_identification:_identify(src/sniffi_sim) by extension 'ros'
[0.107s] DEBUG:colcon.colcon_core.package_identification:Package 'src/sniffi_sim' with type 'ros.catkin' and name 'sniffi_sim'
[0.107s] Level 1:colcon.colcon_core.package_discovery:discover_packages(recursive) using defaults
[0.107s] Level 1:colcon.colcon_core.package_discovery:discover_packages(ignore) discover
[0.108s] Level 1:colcon.colcon_core.package_discovery:discover_packages(ignore) using defaults
[0.108s] Level 1:colcon.colcon_core.package_discovery:discover_packages(path) discover
[0.108s] Level 1:colcon.colcon_core.package_discovery:discover_packages(path) using defaults
[0.122s] INFO:colcon.colcon_core.package_selection:Skipping not selected package 'lidar_gui' in 'src/lidar_gui'
[0.122s] INFO:colcon.colcon_core.package_selection:Skipping not selected package 'motor_driver' in 'src/motor_driver'
[0.122s] INFO:colcon.colcon_core.package_selection:Skipping not selected package 'sniffi_bringup' in 'src/sniffi_bringup'
[0.122s] INFO:colcon.colcon_core.package_selection:Skipping not selected package 'sniffi_description' in 'src/sniffi_description'
[0.122s] INFO:colcon.colcon_core.package_selection:Skipping not selected package 'sniffi_msgs' in 'src/sniffi_msgs'
[0.123s] Level 1:colcon.colcon_core.package_discovery:discover_packages(prefix_path) check parameters
[0.123s] Level 1:colcon.colcon_core.package_discovery:discover_packages(prefix_path) discover
[0.124s] DEBUG:colcon.colcon_installed_package_information.package_discovery:Found 8 installed packages in /home/lordcruise/Documents/upwork/sniffi/official_work/sniffi/install
[0.125s] DEBUG:colcon.colcon_installed_package_information.package_discovery:Found 329 installed packages in /opt/ros/humble
[0.125s] Level 1:colcon.colcon_core.package_discovery:discover_packages(prefix_path) using defaults
[0.149s] Level 5:colcon.colcon_core.verb:set package 'sniffi_power' build argument 'cmake_args' from command line to 'None'
[0.149s] Level 5:colcon.colcon_core.verb:set package 'sniffi_power' build argument 'cmake_target' from command line to 'None'
[0.149s] Level 5:colcon.colcon_core.verb:set package 'sniffi_power' build argument 'cmake_target_skip_unavailable' from command line to 'False'
[0.149s] Level 5:colcon.colcon_core.verb:set package 'sniffi_power' build argument 'cmake_clean_cache' from command line to 'False'
[0.149s] Level 5:colcon.colcon_core.verb:set package 'sniffi_power' build argument 'cmake_clean_first' from command line to 'False'
[0.149s] Level 5:colcon.colcon_core.verb:set package 'sniffi_power' build argument 'cmake_force_configure' from command line to 'False'
[0.149s] Level 5:colcon.colcon_core.verb:set package 'sniffi_power' build argument 'ament_cmake_args' from command line to 'None'
[0.149s] Level 5:colcon.colcon_core.verb:set package 'sniffi_power' build argument 'catkin_cmake_args' from command line to 'None'
[0.149s] Level 5:colcon.colcon_core.verb:set package 'sniffi_power' build argument 'catkin_skip_building_tests' from command line to 'False'
[0.149s] DEBUG:colcon.colcon_core.verb:Building package 'sniffi_power' with the following arguments: {'ament_cmake_args': None, 'build_base': '/home/lordcruise/Documents/upwork/sniffi/official_work/sniffi/build/sniffi_power', 'catkin_cmake_args': None, 'catkin_skip_building_tests': False, 'cmake_args': None, 'cmake_clean_cache': False, 'cmake_clean_first': False, 'cmake_force_configure': False, 'cmake_target': None, 'cmake_target_skip_unavailable': False, 'install_base': '/home/lordcruise/Documents/upwork/sniffi/official_work/sniffi/install/sniffi_power', 'merge_install': False, 'path': '/home/lordcruise/Documents/upwork/sniffi/official_work/sniffi/src/sniffi_power', 'symlink_install': True, 'test_result_base': None}
[0.149s] Level 5:colcon.colcon_core.verb:set package 'sniffi_safety' build argument 'cmake_args' from command line to 'None'
[0.149s] Level 5:colcon.colcon_core.verb:set package 'sniffi_safety' build argument 'cmake_target' from command line to 'None'
[0.149s] Level 5:colcon.colcon_core.verb:set package 'sniffi_safety' build argument 'cmake_target_skip_unavailable' from command line to 'False'
[0.149s] Level 5:colcon.colcon_core.verb:set package 'sniffi_safety' build argument 'cmake_clean_cache' from command line to 'False'
[0.149s] Level 5:colcon.colcon_core.verb:set package 'sniffi_safety' build argument 'cmake_clean_first' from command line to 'False'
[0.149s] Level 5:colcon.colcon_core.verb:set package 'sniffi_safety' build argument 'cmake_force_configure' from command line to 'False'
[0.149s] Level 5:colcon.colcon_core.verb:set package 'sniffi_safety' build argument 'ament_cmake_args' from command line to 'None'
[0.149s] Level 5:colcon.colcon_core.verb:set package 'sniffi_safety' build argument 'catkin_cmake_args' from command line to 'None'
[0.149s] Level 5:colcon.colcon_core.verb:set package 'sniffi_safety' build argument 'catkin_skip_building_tests' from command line to 'False'
[0.149s] DEBUG:colcon.colcon_core.verb:Building package 'sniffi_safety' with the following arguments: {'ament_cmake_args': None, 'build_base': '/home/lordcruise/Documents/upwork/sniffi/official_work/sniffi/build/sniffi_safety', 'catkin_cmake_args': None, 'catkin_skip_building_tests': False, 'cmake_args': None, 'cmake_clean_cache': False, 'cmake_clean_first': False, 'cmake_force_configure': False, 'cmake_target': None, 'cmake_target_skip_unavailable': False, 'install_base': '/home/lordcruise/Documents/upwork/sniffi/official_work/sniffi/install/sniffi_safety', 'merge_install': False, 'path': '/home/lordcruise/Documents/upwork/sniffi/official_work/sniffi/src/sniffi_safety', 'symlink_install': True, 'test_result_base': None}
[0.149s] Level 5:colcon.colcon_core.verb:set package 'sniffi_sim' build argument 'cmake_args' from command line to 'None'
[0.149s] Level 5:colcon.colcon_core.verb:set package 'sniffi_sim' build argument 'cmake_target' from command line to 'None'
[0.149s] Level 5:colcon.colcon_core.verb:set package 'sniffi_sim' build argument 'cmake_target_skip_unavailable' from command line to 'False'
[0.149s] Level 5:colcon.colcon_core.verb:set package 'sniffi_sim' build argument 'cmake_clean_cache' from command line to 'False'
[0.149s] Level 5:colcon.colcon_core.verb:set package 'sniffi_sim' build argument 'cmake_clean_first' from command line to 'False'
[0.149s] Level 5:colcon.colcon_core.verb:set package 'sniffi_sim' build argument 'cmake_force_configure' from command line to 'False'
[0.149s] Level 5:colcon.colcon_core.verb:set package 'sniffi_sim' build argument 'ament_cmake_args' from command line to 'None'
[0.149s] Level 5:colcon.colcon_core.verb:set package 'sniffi_sim' build argument 'catkin_cmake_args' from command line to 'None'
[0.149s] Level 5:colcon.colcon_core.verb:set package 'sniffi_sim' build argument 'catkin_skip_building_tests' from command line to 'False'
[0.149s] DEBUG:colcon.colcon_core.verb:Building package 'sniffi_sim' with the following arguments: {'ament_cmake_args': None, 'build_base': '/home/lordcruise/Documents/upwork/sniffi/official_work/sniffi/build/sniffi_sim', 'catkin_cmake_args': None, 'catkin_skip_building_tests': False, 'cmake_args': None, 'cmake_clean_cache': False, 'cmake_clean_first': False, 'cmake_force_configure': False, 'cmake_target': None, 'cmake_target_skip_unavailable': False, 'install_base': '/home/lordcruise/Documents/upwork/sniffi/official_work/sniffi/install/sniffi_sim', 'merge_install': False, 'path': '/home/lordcruise/Documents/upwork/sniffi/official_work/sniffi/src/sniffi_sim', 'symlink_install': True, 'test_result_base': None}
[0.149s] INFO:colcon.colcon_core.executor:Executing jobs using 'parallel' executor
[0.151s] DEBUG:colcon.colcon_parallel_executor.executor.parallel:run_until_complete
[0.151s] INFO:colcon.colcon_ros.task.ament_cmake.build:Building ROS package in '/home/lordcruise/Documents/upwork/sniffi/official_work/sniffi/src/sniffi_power' with build type 'ament_cmake'
[0.152s] INFO:colcon.colcon_cmake.task.cmake.build:Building CMake package in '/home/lordcruise/Documents/upwork/sniffi/official_work/sniffi/src/sniffi_power'
[0.153s] INFO:colcon.colcon_core.plugin_system:Skipping extension 'colcon_core.shell.bat': Not used on non-Windows systems
[0.153s] INFO:colcon.colcon_core.shell:Skip shell extension 'powershell' for command environment: Not usable outside of PowerShell
[0.153s] DEBUG:colcon.colcon_core.shell:Skip shell extension 'dsv' for command environment
[0.156s] INFO:colcon.colcon_ros.task.ament_cmake.build:Building ROS package in '/home/lordcruise/Documents/upwork/sniffi/official_work/sniffi/src/sniffi_safety' with build type 'ament_cmake'
[0.156s] INFO:colcon.colcon_cmake.task.cmake.build:Building CMake package in '/home/lordcruise/Documents/upwork/sniffi/official_work/sniffi/src/sniffi_safety'
[0.157s] INFO:colcon.colcon_core.shell:Skip shell extension 'powershell' for command environment: Not usable outside of PowerShell
[0.157s] DEBUG:colcon.colcon_core.shell:Skip shell extension 'dsv' for command environment
[0.164s] DEBUG:colcon.colcon_core.event_handler.log_command:Invoking command in '/home/lordcruise/Documents/upwork/sniffi/official_work/sniffi/build/sniffi_power': CMAKE_PREFIX_PATH=/home/lordcruise/Documents/upwork/sniffi/official_work/sniffi/install/sniffi_msgs:/home/lordcruise/Documents/upwork/sniffi/official_work/sniffi/install/sniffi_sim:/home/lordcruise/Documents/upwork/sniffi/official_work/sniffi/install/sniffi_safety:/home/lordcruise/Documents/upwork/sniffi/official_work/sniffi/install/sniffi_power:/home/lordcruise/Documents/upwork/sniffi/official_work/sniffi/install/sniffi_description:/home/lordcruise/Documents/upwork/sniffi/official_work/sniffi/install/sniffi_bringup:/home/lordcruise/Documents/upwork/sniffi/official_work/sniffi/install/motor_driver:/home/lordcruise/Documents/upwork/sniffi/official_work/sniffi/install/lidar_gui:/opt/ros/humble /usr/bin/cmake --build /home/lordcruise/Documents/upwork/sniffi/official_work/sniffi/build/sniffi_power -- -j24 -l24
[0.167s] DEBUG:colcon.colcon_core.event_handler.log_command:Invoking command in '/home/lordcruise/Documents/upwork/sniffi/official_work/sniffi/build/sniffi_safety': CMAKE_PREFIX_PATH=/home/lordcruise/Documents/upwork/sniffi/official_work/sniffi/install/sniffi_msgs:/home/lordcruise/Documents/upwork/sniffi/official_work/sniffi/install/sniffi_sim:/home/lordcruise/Documents/upwork/sniffi/official_work/sniffi/install/sniffi_safety:/home/lordcruise/Documents/upwork/sniffi/official_work/sniffi/install/sniffi_power:/home/lordcruise/Documents/upwork/sniffi/official_work/sniffi/install/sniffi_description:/home/lordcruise/Documents/upwork/sniffi/official_work/sniffi/install/sniffi_bringup:/home/lordcruise/Documents/upwork/sniffi/official_work/sniffi/install/motor_driver:/home/lordcruise/Documents/upwork/sniffi/official_work/sniffi/install/lidar_gui:/opt/ros/humble /usr/bin/cmake --build /home/lordcruise/Documents/upwork/sniffi/official_work/sniffi/build/sniffi_safety -- -j24 -l24
[0.197s] DEBUG:colcon.colcon_core.event_handler.log_command:Invoked command in '/home/lordcruise/Documents/upwork/sniffi/official_work/sniffi/build/sniffi_safety' returned '0': CMAKE_PREFIX_PATH=/home/lordcruise/Documents/upwork/sniffi/official_work/sniffi/install/sniffi_msgs:/home/lordcruise/Documents/upwork/sniffi/official_work/sniffi/install/sniffi_sim:/home/lordcruise/Documents/upwork/sniffi/official_work/sniffi/install/sniffi_safety:/home/lordcruise/Documents/upwork/sniffi/official_work/sniffi/install/sniffi_power:/home/lordcruise/Documents/upwork/sniffi/official_work/sniffi/install/sniffi_description:/home/lordcruise/Documents/upwork/sniffi/official_work/sniffi/install/sniffi_bringup:/home/lordcruise/Documents/upwork/sniffi/official_work/sniffi/install/motor_driver:/home/lordcruise/Documents/upwork/sniffi/official_work/sniffi/install/lidar_gui:/opt/ros/humble /usr/bin/cmake --build /home/lordcruise/Documents/upwork/sniffi/official_work/sniffi/build/sniffi_safety -- -j24 -l24
[0.206s] DEBUG:colcon.colcon_core.event_handler.log_command:Invoking command in '/home/lordcruise/Documents/upwork/sniffi/official_work/sniffi/build/sniffi_safety': CMAKE_PREFIX_PATH=/home/lordcruise/Documents/upwork/sniffi/official_work/sniffi/install/sniffi_msgs:/home/lordcruise/Documents/upwork/sniffi/official_work/sniffi/install/sniffi_sim:/home/lordcruise/Documents/upwork/sniffi/official_work/sniffi/install/sniffi_safety:/home/lordcruise/Documents/upwork/sniffi/official_work/sniffi/install/sniffi_power:/home/lordcruise/Documents/upwork/sniffi/official_work/sniffi/install/sniffi_description:/home/lordcruise/Documents/upwork/sniffi/official_work/sniffi/install/sniffi_bringup:/home/lordcruise/Documents/upwork/sniffi/official_work/sniffi/install/motor_driver:/home/lordcruise/Documents/upwork/sniffi/official_work/sniffi/install/lidar_gui:/opt/ros/humble /usr/bin/cmake --install /home/lordcruise/Documents/upwork/sniffi/official_work/sniffi/build/sniffi_safety
[0.208s] DEBUG:colcon.colcon_core.event_handler.log_command:Invoked command in '/home/lordcruise/Documents/upwork/sniffi/official_work/sniffi/build/sniffi_power' returned '0': CMAKE_PREFIX_PATH=/home/lordcruise/Documents/upwork/sniffi/official_work/sniffi/install/sniffi_msgs:/home/lordcruise/Documents/upwork/sniffi/official_work/sniffi/install/sniffi_sim:/home/lordcruise/Documents/upwork/sniffi/official_work/sniffi/install/sniffi_safety:/home/lordcruise/Documents/upwork/sniffi/official_work/sniffi/install/sniffi_power:/home/lordcruise/Documents/upwork/sniffi/official_work/sniffi/install/sniffi_description:/home/lordcruise/Documents/upwork/sniffi/official_work/sniffi/install/sniffi_bringup:/home/lordcruise/Documents/upwork/sniffi/official_work/sniffi/install/motor_driver:/home/lordcruise/Documents/upwork/sniffi/official_work/sniffi/install/lidar_gui:/opt/ros/humble /usr/bin/cmake --build /home/lordcruise/Documents/upwork/sniffi/official_work/sniffi/build/sniffi_power -- -j24 -l24
[0.210s] DEBUG:colcon.colcon_core.event_handler.log_command:Invoking command in '/home/lordcruise/Documents/upwork/sniffi/official_work/sniffi/build/sniffi_power': CMAKE_PREFIX_PATH=/home/lordcruise/Documents/upwork/sniffi/official_work/sniffi/install/sniffi_msgs:/home/lordcruise/Documents/upwork/sniffi/official_work/sniffi/install/sniffi_sim:/home/lordcruise/Documents/upwork/sniffi/official_work/sniffi/install/sniffi_safety:/home/lordcruise/Documents/upwork/sniffi/official_work/sniffi/install/sniffi_power:/home/lordcruise/Documents/upwork/sniffi/official_work/sniffi/install/sniffi_description:/home/lordcruise/Documents/upwork/sniffi/official_work/sniffi/install/sniffi_bringup:/home/lordcruise/Documents/upwork/sniffi/official_work/sniffi/install/motor_driver:/home/lordcruise/Documents/upwork/sniffi/official_work/sniffi/install/lidar_gui:/opt/ros/humble /usr/bin/cmake --install /home/lordcruise/Documents/upwork/sniffi/official_work/sniffi/build/sniffi_power
[0.220s] Level 1:colcon.colcon_core.environment:create_environment_scripts_only(sniffi_safety)
[0.220s] DEBUG:colcon.colcon_core.event_handler.log_command:Invoked command in '/home/lordcruise/Documents/upwork/sniffi/official_work/sniffi/build/sniffi_safety' returned '0': CMAKE_PREFIX_PATH=/home/lordcruise/Documents/upwork/sniffi/official_work/sniffi/install/sniffi_msgs:/home/lordcruise/Documents/upwork/sniffi/official_work/sniffi/install/sniffi_sim:/home/lordcruise/Documents/upwork/sniffi/official_work/sniffi/install/sniffi_safety:/home/lordcruise/Documents/upwork/sniffi/official_work/sniffi/install/sniffi_power:/home/lordcruise/Documents/upwork/sniffi/official_work/sniffi/install/sniffi_description:/home/lordcruise/Documents/upwork/sniffi/official_work/sniffi/install/sniffi_bringup:/home/lordcruise/Documents/upwork/sniffi/official_work/sniffi/install/motor_driver:/home/lordcruise/Documents/upwork/sniffi/official_work/sniffi/install/lidar_gui:/opt/ros/humble /usr/bin/cmake --install /home/lordcruise/Documents/upwork/sniffi/official_work/sniffi/build/sniffi_safety
[0.221s] Level 1:colcon.colcon_core.environment:checking '/home/lordcruise/Documents/upwork/sniffi/official_work/sniffi/install/sniffi_safety' for CMake module files
[0.222s] Level 1:colcon.colcon_core.environment:checking '/home/lordcruise/Documents/upwork/sniffi/official_work/sniffi/install/sniffi_safety' for CMake config files
[0.222s] Level 1:colcon.colcon_core.shell:create_environment_hook('sniffi_safety', 'cmake_prefix_path')
[0.222s] INFO:colcon.colcon_core.shell:Creating environment hook '/home/lordcruise/Documents/upwork/sniffi/official_work/sniffi/install/sniffi_safety/share/sniffi_safety/hook/cmake_prefix_path.ps1'
[0.223s] INFO:colcon.colcon_core.shell:Creating environment descriptor '/home/lordcruise/Documents/upwork/sniffi/official_work/sniffi/install/sniffi_safety/share/sniffi_safety/hook/cmake_prefix_path.dsv'
[0.223s] INFO:colcon.colcon_core.shell:Creating environment hook '/home/lordcruise/Documents/upwork/sniffi/official_work/sniffi/install/sniffi_safety/share/sniffi_safety/hook/cmake_prefix_path.sh'
[0.223s] Level 1:colcon.colcon_core.environment:checking '/home/lordcruise/Documents/upwork/sniffi/official_work/sniffi/install/sniffi_safety/bin'
[0.223s] Level 1:colcon.colcon_core.environment:checking '/home/lordcruise/Documents/upwork/sniffi/official_work/sniffi/install/sniffi_safety/lib/pkgconfig/sniffi_safety.pc'
[0.224s] Level 1:colcon.colcon_core.environment:checking '/home/lordcruise/Documents/upwork/sniffi/official_work/sniffi/install/sniffi_safety/lib/python3.10/site-packages'
[0.224s] Level 1:colcon.colcon_core.environment:checking '/home/lordcruise/Documents/upwork/sniffi/official_work/sniffi/install/sniffi_safety/bin'
[0.224s] INFO:colcon.colcon_core.shell:Creating package script '/home/lordcruise/Documents/upwork/sniffi/official_work/sniffi/install/sniffi_safety/share/sniffi_safety/package.ps1'
[0.225s] INFO:colcon.colcon_core.shell:Creating package descriptor '/home/lordcruise/Documents/upwork/sniffi/official_work/sniffi/install/sniffi_safety/share/sniffi_safety/package.dsv'
[0.225s] INFO:colcon.colcon_core.shell:Creating package script '/home/lordcruise/Documents/upwork/sniffi/official_work/sniffi/install/sniffi_safety/share/sniffi_safety/package.sh'
[0.226s] INFO:colcon.colcon_core.shell:Creating package script '/home/lordcruise/Documents/upwork/sniffi/official_work/sniffi/install/sniffi_safety/share/sniffi_safety/package.bash'
[0.226s] INFO:colcon.colcon_core.shell:Creating package script '/home/lordcruise/Documents/upwork/sniffi/official_work/sniffi/install/sniffi_safety/share/sniffi_safety/package.zsh'
[0.227s] Level 1:colcon.colcon_core.environment:create_file_with_runtime_dependencies(/home/lordcruise/Documents/upwork/sniffi/official_work/sniffi/install/sniffi_safety/share/colcon-core/packages/sniffi_safety)
[0.227s] Level 1:colcon.colcon_core.environment:create_environment_scripts_only(sniffi_safety)
[0.227s] Level 1:colcon.colcon_core.environment:checking '/home/lordcruise/Documents/upwork/sniffi/official_work/sniffi/install/sniffi_safety' for CMake module files
[0.228s] Level 1:colcon.colcon_core.environment:checking '/home/lordcruise/Documents/upwork/sniffi/official_work/sniffi/install/sniffi_safety' for CMake config files
[0.228s] Level 1:colcon.colcon_core.shell:create_environment_hook('sniffi_safety', 'cmake_prefix_path')
[0.228s] INFO:colcon.colcon_core.shell:Creating environment hook '/home/lordcruise/Documents/upwork/sniffi/official_work/sniffi/install/sniffi_safety/share/sniffi_safety/hook/cmake_prefix_path.ps1'
[0.228s] INFO:colcon.colcon_core.shell:Creating environment descriptor '/home/lordcruise/Documents/upwork/sniffi/official_work/sniffi/install/sniffi_safety/share/sniffi_safety/hook/cmake_prefix_path.dsv'
[0.228s] INFO:colcon.colcon_core.shell:Creating environment hook '/home/lordcruise/Documents/upwork/sniffi/official_work/sniffi/install/sniffi_safety/share/sniffi_safety/hook/cmake_prefix_path.sh'
[0.228s] Level 1:colcon.colcon_core.environment:checking '/home/lordcruise/Documents/upwork/sniffi/official_work/sniffi/install/sniffi_safety/bin'
[0.228s] Level 1:colcon.colcon_core.environment:checking '/home/lordcruise/Documents/upwork/sniffi/official_work/sniffi/install/sniffi_safety/lib/pkgconfig/sniffi_safety.pc'
[0.229s] Level 1:colcon.colcon_core.environment:checking '/home/lordcruise/Documents/upwork/sniffi/official_work/sniffi/install/sniffi_safety/lib/python3.10/site-packages'
[0.229s] Level 1:colcon.colcon_core.environment:checking '/home/lordcruise/Documents/upwork/sniffi/official_work/sniffi/install/sniffi_safety/bin'
[0.229s] INFO:colcon.colcon_core.shell:Creating package script '/home/lordcruise/Documents/upwork/sniffi/official_work/sniffi/install/sniffi_safety/share/sniffi_safety/package.ps1'
[0.229s] INFO:colcon.colcon_core.shell:Creating package descriptor '/home/lordcruise/Documents/upwork/sniffi/official_work/sniffi/install/sniffi_safety/share/sniffi_safety/package.dsv'
[0.229s] INFO:colcon.colcon_core.shell:Creating package script '/home/lordcruise/Documents/upwork/sniffi/official_work/sniffi/install/sniffi_safety/share/sniffi_safety/package.sh'
[0.230s] INFO:colcon.colcon_core.shell:Creating package script '/home/lordcruise/Documents/upwork/sniffi/official_work/sniffi/install/sniffi_safety/share/sniffi_safety/package.bash'
[0.230s] INFO:colcon.colcon_core.shell:Creating package script '/home/lordcruise/Documents/upwork/sniffi/official_work/sniffi/install/sniffi_safety/share/sniffi_safety/package.zsh'
[0.230s] Level 1:colcon.colcon_core.environment:create_file_with_runtime_dependencies(/home/lordcruise/Documents/upwork/sniffi/official_work/sniffi/install/sniffi_safety/share/colcon-core/packages/sniffi_safety)
[0.231s] Level 1:colcon.colcon_core.environment:create_environment_scripts_only(sniffi_power)
[0.231s] Level 1:colcon.colcon_core.environment:checking '/home/lordcruise/Documents/upwork/sniffi/official_work/sniffi/install/sniffi_power' for CMake module files
[0.232s] DEBUG:colcon.colcon_core.event_handler.log_command:Invoked command in '/home/lordcruise/Documents/upwork/sniffi/official_work/sniffi/build/sniffi_power' returned '0': CMAKE_PREFIX_PATH=/home/lordcruise/Documents/upwork/sniffi/official_work/sniffi/install/sniffi_msgs:/home/lordcruise/Documents/upwork/sniffi/official_work/sniffi/install/sniffi_sim:/home/lordcruise/Documents/upwork/sniffi/official_work/sniffi/install/sniffi_safety:/home/lordcruise/Documents/upwork/sniffi/official_work/sniffi/install/sniffi_power:/home/lordcruise/Documents/upwork/sniffi/official_work/sniffi/install/sniffi_description:/home/lordcruise/Documents/upwork/sniffi/official_work/sniffi/install/sniffi_bringup:/home/lordcruise/Documents/upwork/sniffi/official_work/sniffi/install/motor_driver:/home/lordcruise/Documents/upwork/sniffi/official_work/sniffi/install/lidar_gui:/opt/ros/humble /usr/bin/cmake --install /home/lordcruise/Documents/upwork/sniffi/official_work/sniffi/build/sniffi_power
[0.232s] Level 1:colcon.colcon_core.environment:checking '/home/lordcruise/Documents/upwork/sniffi/official_work/sniffi/install/sniffi_power' for CMake config files
[0.232s] Level 1:colcon.colcon_core.shell:create_environment_hook('sniffi_power', 'cmake_prefix_path')
[0.232s] INFO:colcon.colcon_core.shell:Creating environment hook '/home/lordcruise/Documents/upwork/sniffi/official_work/sniffi/install/sniffi_power/share/sniffi_power/hook/cmake_prefix_path.ps1'
[0.232s] INFO:colcon.colcon_core.shell:Creating environment descriptor '/home/lordcruise/Documents/upwork/sniffi/official_work/sniffi/install/sniffi_power/share/sniffi_power/hook/cmake_prefix_path.dsv'
[0.233s] INFO:colcon.colcon_core.shell:Creating environment hook '/home/lordcruise/Documents/upwork/sniffi/official_work/sniffi/install/sniffi_power/share/sniffi_power/hook/cmake_prefix_path.sh'
[0.233s] Level 1:colcon.colcon_core.environment:checking '/home/lordcruise/Documents/upwork/sniffi/official_work/sniffi/install/sniffi_power/bin'
[0.233s] Level 1:colcon.colcon_core.environment:checking '/home/lordcruise/Documents/upwork/sniffi/official_work/sniffi/install/sniffi_power/lib/pkgconfig/sniffi_power.pc'
[0.233s] Level 1:colcon.colcon_core.environment:checking '/home/lordcruise/Documents/upwork/sniffi/official_work/sniffi/install/sniffi_power/lib/python3.10/site-packages'
[0.233s] Level 1:colcon.colcon_core.environment:checking '/home/lordcruise/Documents/upwork/sniffi/official_work/sniffi/install/sniffi_power/bin'
[0.233s] INFO:colcon.colcon_core.shell:Creating package script '/home/lordcruise/Documents/upwork/sniffi/official_work/sniffi/install/sniffi_power/share/sniffi_power/package.ps1'
[0.234s] INFO:colcon.colcon_core.shell:Creating package descriptor '/home/lordcruise/Documents/upwork/sniffi/official_work/sniffi/install/sniffi_power/share/sniffi_power/package.dsv'
[0.234s] INFO:colcon.colcon_core.shell:Creating package script '/home/lordcruise/Documents/upwork/sniffi/official_work/sniffi/install/sniffi_power/share/sniffi_power/package.sh'
[0.234s] INFO:colcon.colcon_core.shell:Creating package script '/home/lordcruise/Documents/upwork/sniffi/official_work/sniffi/install/sniffi_power/share/sniffi_power/package.bash'
[0.234s] INFO:colcon.colcon_core.shell:Creating package script '/home/lordcruise/Documents/upwork/sniffi/official_work/sniffi/install/sniffi_power/share/sniffi_power/package.zsh'
[0.235s] Level 1:colcon.colcon_core.environment:create_file_with_runtime_dependencies(/home/lordcruise/Documents/upwork/sniffi/official_work/sniffi/install/sniffi_power/share/colcon-core/packages/sniffi_power)
[0.235s] Level 1:colcon.colcon_core.environment:create_environment_scripts_only(sniffi_power)
[0.235s] Level 1:colcon.colcon_core.environment:checking '/home/lordcruise/Documents/upwork/sniffi/official_work/sniffi/install/sniffi_power' for CMake module files
[0.235s] Level 1:colcon.colcon_core.environment:checking '/home/lordcruise/Documents/upwork/sniffi/official_work/sniffi/install/sniffi_power' for CMake config files
[0.235s] Level 1:colcon.colcon_core.shell:create_environment_hook('sniffi_power', 'cmake_prefix_path')
[0.236s] INFO:colcon.colcon_core.shell:Creating environment hook '/home/lordcruise/Documents/upwork/sniffi/official_work/sniffi/install/sniffi_power/share/sniffi_power/hook/cmake_prefix_path.ps1'
[0.236s] INFO:colcon.colcon_core.shell:Creating environment descriptor '/home/lordcruise/Documents/upwork/sniffi/official_work/sniffi/install/sniffi_power/share/sniffi_power/hook/cmake_prefix_path.dsv'
[0.236s] INFO:colcon.colcon_core.shell:Creating environment hook '/home/lordcruise/Documents/upwork/sniffi/official_work/sniffi/install/sniffi_power/share/sniffi_power/hook/cmake_prefix_path.sh'
[0.236s] Level 1:colcon.colcon_core.environment:checking '/home/lordcruise/Documents/upwork/sniffi/official_work/sniffi/install/sniffi_power/bin'
[0.236s] Level 1:colcon.colcon_core.environment:checking '/home/lordcruise/Documents/upwork/sniffi/official_work/sniffi/install/sniffi_power/lib/pkgconfig/sniffi_power.pc'
[0.236s] Level 1:colcon.colcon_core.environment:checking '/home/lordcruise/Documents/upwork/sniffi/official_work/sniffi/install/sniffi_power/lib/python3.10/site-packages'
[0.237s] Level 1:colcon.colcon_core.environment:checking '/home/lordcruise/Documents/upwork/sniffi/official_work/sniffi/install/sniffi_power/bin'
[0.237s] INFO:colcon.colcon_core.shell:Creating package script '/home/lordcruise/Documents/upwork/sniffi/official_work/sniffi/install/sniffi_power/share/sniffi_power/package.ps1'
[0.237s] INFO:colcon.colcon_core.shell:Creating package descriptor '/home/lordcruise/Documents/upwork/sniffi/official_work/sniffi/install/sniffi_power/share/sniffi_power/package.dsv'
[0.237s] INFO:colcon.colcon_core.shell:Creating package script '/home/lordcruise/Documents/upwork/sniffi/official_work/sniffi/install/sniffi_power/share/sniffi_power/package.sh'
[0.237s] INFO:colcon.colcon_core.shell:Creating package script '/home/lordcruise/Documents/upwork/sniffi/official_work/sniffi/install/sniffi_power/share/sniffi_power/package.bash'
[0.238s] INFO:colcon.colcon_core.shell:Creating package script '/home/lordcruise/Documents/upwork/sniffi/official_work/sniffi/install/sniffi_power/share/sniffi_power/package.zsh'
[0.238s] Level 1:colcon.colcon_core.environment:create_file_with_runtime_dependencies(/home/lordcruise/Documents/upwork/sniffi/official_work/sniffi/install/sniffi_power/share/colcon-core/packages/sniffi_power)
[0.238s] INFO:colcon.colcon_ros.task.catkin.build:Building ROS package in '/home/lordcruise/Documents/upwork/sniffi/official_work/sniffi/src/sniffi_sim' with build type 'catkin'
[0.238s] INFO:colcon.colcon_cmake.task.cmake.build:Building CMake package in '/home/lordcruise/Documents/upwork/sniffi/official_work/sniffi/src/sniffi_sim'
[0.238s] INFO:colcon.colcon_core.shell:Skip shell extension 'powershell' for command environment: Not usable outside of PowerShell
[0.238s] DEBUG:colcon.colcon_core.shell:Skip shell extension 'dsv' for command environment
[0.248s] DEBUG:colcon.colcon_core.event_handler.log_command:Invoking command in '/home/lordcruise/Documents/upwork/sniffi/official_work/sniffi/build/sniffi_sim': CMAKE_PREFIX_PATH=/home/lordcruise/Documents/upwork/sniffi/official_work/sniffi/install/sniffi_safety:/home/lordcruise/Documents/upwork/sniffi/official_work/sniffi/install/sniffi_power:/home/lordcruise/Documents/upwork/sniffi/official_work/sniffi/install/sniffi_msgs:/home/lordcruise/Documents/upwork/sniffi/official_work/sniffi/install/sniffi_bringup:/home/lordcruise/Documents/upwork/sniffi/official_work/sniffi/install/sniffi_sim:/home/lordcruise/Documents/upwork/sniffi/official_work/sniffi/install/sniffi_description:/home/lordcruise/Documents/upwork/sniffi/official_work/sniffi/install/motor_driver:/home/lordcruise/Documents/upwork/sniffi/official_work/sniffi/install/lidar_gui /usr/bin/cmake /home/lordcruise/Documents/upwork/sniffi/official_work/sniffi/src/sniffi_sim -DCATKIN_INSTALL_INTO_PREFIX_ROOT=0 -DCATKIN_SYMLINK_INSTALL=ON -DCMAKE_INSTALL_PREFIX=/home/lordcruise/Documents/upwork/sniffi/official_work/sniffi/install/sniffi_sim
[0.407s] DEBUG:colcon.colcon_core.event_handler.log_command:Invoked command in '/home/lordcruise/Documents/upwork/sniffi/official_work/sniffi/build/sniffi_sim' returned '0': CMAKE_PREFIX_PATH=/home/lordcruise/Documents/upwork/sniffi/official_work/sniffi/install/sniffi_safety:/home/lordcruise/Documents/upwork/sniffi/official_work/sniffi/install/sniffi_power:/home/lordcruise/Documents/upwork/sniffi/official_work/sniffi/install/sniffi_msgs:/home/lordcruise/Documents/upwork/sniffi/official_work/sniffi/install/sniffi_bringup:/home/lordcruise/Documents/upwork/sniffi/official_work/sniffi/install/sniffi_sim:/home/lordcruise/Documents/upwork/sniffi/official_work/sniffi/install/sniffi_description:/home/lordcruise/Documents/upwork/sniffi/official_work/sniffi/install/motor_driver:/home/lordcruise/Documents/upwork/sniffi/official_work/sniffi/install/lidar_gui /usr/bin/cmake /home/lordcruise/Documents/upwork/sniffi/official_work/sniffi/src/sniffi_sim -DCATKIN_INSTALL_INTO_PREFIX_ROOT=0 -DCATKIN_SYMLINK_INSTALL=ON -DCMAKE_INSTALL_PREFIX=/home/lordcruise/Documents/upwork/sniffi/official_work/sniffi/install/sniffi_sim
[0.407s] DEBUG:colcon.colcon_core.event_handler.log_command:Invoking command in '/home/lordcruise/Documents/upwork/sniffi/official_work/sniffi/build/sniffi_sim': CMAKE_PREFIX_PATH=/home/lordcruise/Documents/upwork/sniffi/official_work/sniffi/install/sniffi_safety:/home/lordcruise/Documents/upwork/sniffi/official_work/sniffi/install/sniffi_power:/home/lordcruise/Documents/upwork/sniffi/official_work/sniffi/install/sniffi_msgs:/home/lordcruise/Documents/upwork/sniffi/official_work/sniffi/install/sniffi_bringup:/home/lordcruise/Documents/upwork/sniffi/official_work/sniffi/install/sniffi_sim:/home/lordcruise/Documents/upwork/sniffi/official_work/sniffi/install/sniffi_description:/home/lordcruise/Documents/upwork/sniffi/official_work/sniffi/install/motor_driver:/home/lordcruise/Documents/upwork/sniffi/official_work/sniffi/install/lidar_gui /usr/bin/cmake --build /home/lordcruise/Documents/upwork/sniffi/official_work/sniffi/build/sniffi_sim -- -j24 -l24
[0.440s] DEBUG:colcon.colcon_core.event_handler.log_command:Invoked command in '/home/lordcruise/Documents/upwork/sniffi/official_work/sniffi/build/sniffi_sim' returned '0': CMAKE_PREFIX_PATH=/home/lordcruise/Documents/upwork/sniffi/official_work/sniffi/install/sniffi_safety:/home/lordcruise/Documents/upwork/sniffi/official_work/sniffi/install/sniffi_power:/home/lordcruise/Documents/upwork/sniffi/official_work/sniffi/install/sniffi_msgs:/home/lordcruise/Documents/upwork/sniffi/official_work/sniffi/install/sniffi_bringup:/home/lordcruise/Documents/upwork/sniffi/official_work/sniffi/install/sniffi_sim:/home/lordcruise/Documents/upwork/sniffi/official_work/sniffi/install/sniffi_description:/home/lordcruise/Documents/upwork/sniffi/official_work/sniffi/install/motor_driver:/home/lordcruise/Documents/upwork/sniffi/official_work/sniffi/install/lidar_gui /usr/bin/cmake --build /home/lordcruise/Documents/upwork/sniffi/official_work/sniffi/build/sniffi_sim -- -j24 -l24
[0.444s] DEBUG:colcon.colcon_core.event_handler.log_command:Invoking command in '/home/lordcruise/Documents/upwork/sniffi/official_work/sniffi/build/sniffi_sim': CMAKE_PREFIX_PATH=/home/lordcruise/Documents/upwork/sniffi/official_work/sniffi/install/sniffi_safety:/home/lordcruise/Documents/upwork/sniffi/official_work/sniffi/install/sniffi_power:/home/lordcruise/Documents/upwork/sniffi/official_work/sniffi/install/sniffi_msgs:/home/lordcruise/Documents/upwork/sniffi/official_work/sniffi/install/sniffi_bringup:/home/lordcruise/Documents/upwork/sniffi/official_work/sniffi/install/sniffi_sim:/home/lordcruise/Documents/upwork/sniffi/official_work/sniffi/install/sniffi_description:/home/lordcruise/Documents/upwork/sniffi/official_work/sniffi/install/motor_driver:/home/lordcruise/Documents/upwork/sniffi/official_work/sniffi/install/lidar_gui /usr/bin/cmake --install /home/lordcruise/Documents/upwork/sniffi/official_work/sniffi/build/sniffi_sim
[0.461s] DEBUG:colcon.colcon_core.event_handler.log_command:Invoked command in '/home/lordcruise/Documents/upwork/sniffi/official_work/sniffi/build/sniffi_sim' returned '0': CMAKE_PREFIX_PATH=/home/lordcruise/Documents/upwork/sniffi/official_work/sniffi/install/sniffi_safety:/home/lordcruise/Documents/upwork/sniffi/official_work/sniffi/install/sniffi_power:/home/lordcruise/Documents/upwork/sniffi/official_work/sniffi/install/sniffi_msgs:/home/lordcruise/Documents/upwork/sniffi/official_work/sniffi/install/sniffi_bringup:/home/lordcruise/Documents/upwork/sniffi/official_work/sniffi/install/sniffi_sim:/home/lordcruise/Documents/upwork/sniffi/official_work/sniffi/install/sniffi_description:/home/lordcruise/Documents/upwork/sniffi/official_work/sniffi/install/motor_driver:/home/lordcruise/Documents/upwork/sniffi/official_work/sniffi/install/lidar_gui /usr/bin/cmake --install /home/lordcruise/Documents/upwork/sniffi/official_work/sniffi/build/sniffi_sim
[0.461s] Level 1:colcon.colcon_core.shell:create_environment_hook('sniffi_sim', 'ros_package_path')
[0.461s] INFO:colcon.colcon_core.shell:Creating environment hook '/home/lordcruise/Documents/upwork/sniffi/official_work/sniffi/install/sniffi_sim/share/sniffi_sim/hook/ros_package_path.ps1'
[0.461s] INFO:colcon.colcon_core.shell:Creating environment descriptor '/home/lordcruise/Documents/upwork/sniffi/official_work/sniffi/install/sniffi_sim/share/sniffi_sim/hook/ros_package_path.dsv'
[0.462s] INFO:colcon.colcon_core.shell:Creating environment hook '/home/lordcruise/Documents/upwork/sniffi/official_work/sniffi/install/sniffi_sim/share/sniffi_sim/hook/ros_package_path.sh'
[0.462s] Level 1:colcon.colcon_core.shell:create_environment_hook('sniffi_sim', 'pkg_config_path')
[0.462s] INFO:colcon.colcon_core.shell:Creating environment hook '/home/lordcruise/Documents/upwork/sniffi/official_work/sniffi/install/sniffi_sim/share/sniffi_sim/hook/pkg_config_path.ps1'
[0.462s] INFO:colcon.colcon_core.shell:Creating environment descriptor '/home/lordcruise/Documents/upwork/sniffi/official_work/sniffi/install/sniffi_sim/share/sniffi_sim/hook/pkg_config_path.dsv'
[0.462s] INFO:colcon.colcon_core.shell:Creating environment hook '/home/lordcruise/Documents/upwork/sniffi/official_work/sniffi/install/sniffi_sim/share/sniffi_sim/hook/pkg_config_path.sh'
[0.467s] Level 1:colcon.colcon_core.shell:create_environment_hook('sniffi_sim', 'pkg_config_path_multiarch')
[0.468s] INFO:colcon.colcon_core.shell:Creating environment hook '/home/lordcruise/Documents/upwork/sniffi/official_work/sniffi/install/sniffi_sim/share/sniffi_sim/hook/pkg_config_path_multiarch.ps1'
[0.468s] INFO:colcon.colcon_core.shell:Creating environment descriptor '/home/lordcruise/Documents/upwork/sniffi/official_work/sniffi/install/sniffi_sim/share/sniffi_sim/hook/pkg_config_path_multiarch.dsv'
[0.468s] INFO:colcon.colcon_core.shell:Creating environment hook '/home/lordcruise/Documents/upwork/sniffi/official_work/sniffi/install/sniffi_sim/share/sniffi_sim/hook/pkg_config_path_multiarch.sh'
[0.469s] Level 1:colcon.colcon_core.environment:create_environment_scripts_only(sniffi_sim)
[0.469s] Level 1:colcon.colcon_core.environment:checking '/home/lordcruise/Documents/upwork/sniffi/official_work/sniffi/install/sniffi_sim' for CMake module files
[0.469s] Level 1:colcon.colcon_core.environment:checking '/home/lordcruise/Documents/upwork/sniffi/official_work/sniffi/install/sniffi_sim' for CMake config files
[0.470s] Level 1:colcon.colcon_core.shell:create_environment_hook('sniffi_sim', 'cmake_prefix_path')
[0.470s] INFO:colcon.colcon_core.shell:Creating environment hook '/home/lordcruise/Documents/upwork/sniffi/official_work/sniffi/install/sniffi_sim/share/sniffi_sim/hook/cmake_prefix_path.ps1'
[0.470s] INFO:colcon.colcon_core.shell:Creating environment descriptor '/home/lordcruise/Documents/upwork/sniffi/official_work/sniffi/install/sniffi_sim/share/sniffi_sim/hook/cmake_prefix_path.dsv'
[0.471s] INFO:colcon.colcon_core.shell:Creating environment hook '/home/lordcruise/Documents/upwork/sniffi/official_work/sniffi/install/sniffi_sim/share/sniffi_sim/hook/cmake_prefix_path.sh'
[0.472s] Level 1:colcon.colcon_core.environment:checking '/home/lordcruise/Documents/upwork/sniffi/official_work/sniffi/install/sniffi_sim/bin'
[0.472s] Level 1:colcon.colcon_core.environment:checking '/home/lordcruise/Documents/upwork/sniffi/official_work/sniffi/install/sniffi_sim/lib/pkgconfig/sniffi_sim.pc'
[0.472s] Level 1:colcon.colcon_core.environment:checking '/home/lordcruise/Documents/upwork/sniffi/official_work/sniffi/install/sniffi_sim/lib/python3.10/site-packages'
[0.472s] Level 1:colcon.colcon_core.environment:checking '/home/lordcruise/Documents/upwork/sniffi/official_work/sniffi/install/sniffi_sim/bin'
[0.473s] INFO:colcon.colcon_core.shell:Creating package script '/home/lordcruise/Documents/upwork/sniffi/official_work/sniffi/install/sniffi_sim/share/sniffi_sim/package.ps1'
[0.473s] INFO:colcon.colcon_core.shell:Creating package descriptor '/home/lordcruise/Documents/upwork/sniffi/official_work/sniffi/install/sniffi_sim/share/sniffi_sim/package.dsv'
[0.473s] INFO:colcon.colcon_core.shell:Creating package script '/home/lordcruise/Documents/upwork/sniffi/official_work/sniffi/install/sniffi_sim/share/sniffi_sim/package.sh'
[0.474s] INFO:colcon.colcon_core.shell:Creating package script '/home/lordcruise/Documents/upwork/sniffi/official_work/sniffi/install/sniffi_sim/share/sniffi_sim/package.bash'
[0.474s] INFO:colcon.colcon_core.shell:Creating package script '/home/lordcruise/Documents/upwork/sniffi/official_work/sniffi/install/sniffi_sim/share/sniffi_sim/package.zsh'
[0.474s] Level 1:colcon.colcon_core.environment:create_file_with_runtime_dependencies(/home/lordcruise/Documents/upwork/sniffi/official_work/sniffi/install/sniffi_sim/share/colcon-core/packages/sniffi_sim)
[0.474s] DEBUG:colcon.colcon_parallel_executor.executor.parallel:closing loop
[0.474s] DEBUG:colcon.colcon_parallel_executor.executor.parallel:loop closed
[0.474s] DEBUG:colcon.colcon_parallel_executor.executor.parallel:run_until_complete finished with '0'
[0.474s] DEBUG:colcon.colcon_core.event_reactor:joining thread
[0.483s] INFO:colcon.colcon_core.plugin_system:Skipping extension 'colcon_notification.desktop_notification.terminal_notifier': Not used on non-Darwin systems
[0.483s] INFO:colcon.colcon_core.plugin_system:Skipping extension 'colcon_notification.desktop_notification.win32': Not used on non-Windows systems
[0.483s] INFO:colcon.colcon_notification.desktop_notification:Sending desktop notification using 'notify2'
[0.493s] DEBUG:colcon.colcon_core.event_reactor:joined thread
[0.493s] INFO:colcon.colcon_core.shell:Creating prefix script '/home/lordcruise/Documents/upwork/sniffi/official_work/sniffi/install/local_setup.ps1'
[0.495s] INFO:colcon.colcon_core.shell:Creating prefix util module '/home/lordcruise/Documents/upwork/sniffi/official_work/sniffi/install/_local_setup_util_ps1.py'
[0.496s] INFO:colcon.colcon_core.shell:Creating prefix chain script '/home/lordcruise/Documents/upwork/sniffi/official_work/sniffi/install/setup.ps1'
[0.497s] INFO:colcon.colcon_core.shell:Creating prefix script '/home/lordcruise/Documents/upwork/sniffi/official_work/sniffi/install/local_setup.sh'
[0.497s] INFO:colcon.colcon_core.shell:Creating prefix util module '/home/lordcruise/Documents/upwork/sniffi/official_work/sniffi/install/_local_setup_util_sh.py'
[0.498s] INFO:colcon.colcon_core.shell:Creating prefix chain script '/home/lordcruise/Documents/upwork/sniffi/official_work/sniffi/install/setup.sh'
[0.499s] INFO:colcon.colcon_core.shell:Creating prefix script '/home/lordcruise/Documents/upwork/sniffi/official_work/sniffi/install/local_setup.bash'
[0.500s] INFO:colcon.colcon_core.shell:Creating prefix chain script '/home/lordcruise/Documents/upwork/sniffi/official_work/sniffi/install/setup.bash'
[0.500s] INFO:colcon.colcon_core.shell:Creating prefix script '/home/lordcruise/Documents/upwork/sniffi/official_work/sniffi/install/local_setup.zsh'
[0.501s] INFO:colcon.colcon_core.shell:Creating prefix chain script '/home/lordcruise/Documents/upwork/sniffi/official_work/sniffi/install/setup.zsh'
