[0.007s] Invoking command in '/home/lordcruise/Documents/upwork/sniffi/official_work/sniffi/build/sniffi_safety': AMENT_PREFIX_PATH=/home/lordcruise/Documents/upwork/sniffi/official_work/sniffi/install/sniffi_msgs:${AMENT_PREFIX_PATH} CMAKE_PREFIX_PATH=/home/lordcruise/Documents/upwork/sniffi/official_work/sniffi/install/sniffi_msgs:/opt/ros/humble /usr/bin/cmake /home/lordcruise/Documents/upwork/sniffi/official_work/sniffi/src/sniffi_safety -DAMENT_CMAKE_SYMLINK_INSTALL=1 -DCMAKE_INSTALL_PREFIX=/home/lordcruise/Documents/upwork/sniffi/official_work/sniffi/install/sniffi_safety
[0.047s] -- The C compiler identification is GNU 11.4.0
[0.089s] -- The CXX compiler identification is GNU 11.4.0
[0.095s] -- Detecting C compiler ABI info
[0.137s] -- Detecting C compiler ABI info - done
[0.141s] -- Check for working C compiler: /usr/lib/ccache/cc - skipped
[0.141s] -- Detecting C compile features
[0.142s] -- Detecting C compile features - done
[0.143s] -- Detecting CXX compiler ABI info
[0.185s] -- Detecting CXX compiler ABI info - done
[0.189s] -- Check for working CXX compiler: /usr/lib/ccache/c++ - skipped
[0.189s] -- Detecting CXX compile features
[0.189s] -- Detecting CXX compile features - done
[0.191s] -- Found ament_cmake: 1.3.11 (/opt/ros/humble/share/ament_cmake/cmake)
[0.403s] -- Found Python3: /usr/bin/python3 (found version "3.10.12") found components: Interpreter 
[0.434s] -- Override CMake install command with custom implementation using symlinks instead of copying resources
[0.447s] -- Found rclcpp: 16.0.12 (/opt/ros/humble/share/rclcpp/cmake)
[0.467s] -- Found rosidl_generator_c: 3.1.6 (/opt/ros/humble/share/rosidl_generator_c/cmake)
[0.469s] -- Found rosidl_adapter: 3.1.6 (/opt/ros/humble/share/rosidl_adapter/cmake)
[0.473s] -- Found rosidl_generator_cpp: 3.1.6 (/opt/ros/humble/share/rosidl_generator_cpp/cmake)
[0.479s] -- Using all available rosidl_typesupport_c: rosidl_typesupport_fastrtps_c;rosidl_typesupport_introspection_c
[0.487s] -- Using all available rosidl_typesupport_cpp: rosidl_typesupport_fastrtps_cpp;rosidl_typesupport_introspection_cpp
[0.509s] -- Found rmw_implementation_cmake: 6.1.2 (/opt/ros/humble/share/rmw_implementation_cmake/cmake)
[0.510s] -- Found rmw_fastrtps_cpp: 6.2.7 (/opt/ros/humble/share/rmw_fastrtps_cpp/cmake)
[0.573s] -- Found OpenSSL: /usr/lib/x86_64-linux-gnu/libcrypto.so (found version "3.0.2")  
[0.588s] -- Found FastRTPS: /opt/ros/humble/include  
[0.612s] -- Using RMW implementation 'rmw_fastrtps_cpp' as default
[0.615s] -- Looking for pthread.h
[0.673s] -- Looking for pthread.h - found
[0.673s] -- Performing Test CMAKE_HAVE_LIBC_PTHREAD
[0.737s] -- Performing Test CMAKE_HAVE_LIBC_PTHREAD - Success
[0.738s] -- Found Threads: TRUE  
[0.766s] -- Found geometry_msgs: 4.8.0 (/opt/ros/humble/share/geometry_msgs/cmake)
[0.772s] -- Found sniffi_msgs: 0.0.0 (/home/lordcruise/Documents/upwork/sniffi/official_work/sniffi/install/sniffi_msgs/share/sniffi_msgs/cmake)
[0.773s] -- Found ament_lint_auto: 0.12.12 (/opt/ros/humble/share/ament_lint_auto/cmake)
[0.816s] -- Added test 'cppcheck' to perform static code analysis on C / C++ code
[0.816s] -- Configured cppcheck include dirs: 
[0.816s] -- Configured cppcheck exclude dirs and/or files: 
[0.816s] -- Added test 'lint_cmake' to check CMake code style
[0.816s] -- Added test 'uncrustify' to check C / C++ code style
[0.816s] -- Configured uncrustify additional arguments: 
[0.816s] -- Added test 'xmllint' to check XML markup files
[0.817s] -- Configuring done
[0.819s] -- Generating done
[0.821s] -- Build files have been written to: /home/lordcruise/Documents/upwork/sniffi/official_work/sniffi/build/sniffi_safety
[0.829s] Invoked command in '/home/lordcruise/Documents/upwork/sniffi/official_work/sniffi/build/sniffi_safety' returned '0': AMENT_PREFIX_PATH=/home/lordcruise/Documents/upwork/sniffi/official_work/sniffi/install/sniffi_msgs:${AMENT_PREFIX_PATH} CMAKE_PREFIX_PATH=/home/lordcruise/Documents/upwork/sniffi/official_work/sniffi/install/sniffi_msgs:/opt/ros/humble /usr/bin/cmake /home/lordcruise/Documents/upwork/sniffi/official_work/sniffi/src/sniffi_safety -DAMENT_CMAKE_SYMLINK_INSTALL=1 -DCMAKE_INSTALL_PREFIX=/home/lordcruise/Documents/upwork/sniffi/official_work/sniffi/install/sniffi_safety
[0.830s] Invoking command in '/home/lordcruise/Documents/upwork/sniffi/official_work/sniffi/build/sniffi_safety': AMENT_PREFIX_PATH=/home/lordcruise/Documents/upwork/sniffi/official_work/sniffi/install/sniffi_msgs:${AMENT_PREFIX_PATH} CMAKE_PREFIX_PATH=/home/lordcruise/Documents/upwork/sniffi/official_work/sniffi/install/sniffi_msgs:/opt/ros/humble /usr/bin/cmake --build /home/lordcruise/Documents/upwork/sniffi/official_work/sniffi/build/sniffi_safety -- -j24 -l24
[0.858s] Invoked command in '/home/lordcruise/Documents/upwork/sniffi/official_work/sniffi/build/sniffi_safety' returned '0': AMENT_PREFIX_PATH=/home/lordcruise/Documents/upwork/sniffi/official_work/sniffi/install/sniffi_msgs:${AMENT_PREFIX_PATH} CMAKE_PREFIX_PATH=/home/lordcruise/Documents/upwork/sniffi/official_work/sniffi/install/sniffi_msgs:/opt/ros/humble /usr/bin/cmake --build /home/lordcruise/Documents/upwork/sniffi/official_work/sniffi/build/sniffi_safety -- -j24 -l24
[0.860s] Invoking command in '/home/lordcruise/Documents/upwork/sniffi/official_work/sniffi/build/sniffi_safety': AMENT_PREFIX_PATH=/home/lordcruise/Documents/upwork/sniffi/official_work/sniffi/install/sniffi_msgs:${AMENT_PREFIX_PATH} CMAKE_PREFIX_PATH=/home/lordcruise/Documents/upwork/sniffi/official_work/sniffi/install/sniffi_msgs:/opt/ros/humble /usr/bin/cmake --install /home/lordcruise/Documents/upwork/sniffi/official_work/sniffi/build/sniffi_safety
[0.865s] -- Install configuration: ""
[0.865s] -- Execute custom install script
[0.865s] -- Symlinking: /home/lordcruise/Documents/upwork/sniffi/official_work/sniffi/install/sniffi_safety/share/ament_index/resource_index/package_run_dependencies/sniffi_safety
[0.871s] -- Symlinking: /home/lordcruise/Documents/upwork/sniffi/official_work/sniffi/install/sniffi_safety/share/ament_index/resource_index/parent_prefix_path/sniffi_safety
[0.876s] -- Symlinking: /home/lordcruise/Documents/upwork/sniffi/official_work/sniffi/install/sniffi_safety/share/sniffi_safety/environment/ament_prefix_path.sh
[0.882s] -- Symlinking: /home/lordcruise/Documents/upwork/sniffi/official_work/sniffi/install/sniffi_safety/share/sniffi_safety/environment/ament_prefix_path.dsv
[0.887s] -- Symlinking: /home/lordcruise/Documents/upwork/sniffi/official_work/sniffi/install/sniffi_safety/share/sniffi_safety/environment/path.sh
[0.893s] -- Symlinking: /home/lordcruise/Documents/upwork/sniffi/official_work/sniffi/install/sniffi_safety/share/sniffi_safety/environment/path.dsv
[0.897s] -- Symlinking: /home/lordcruise/Documents/upwork/sniffi/official_work/sniffi/install/sniffi_safety/share/sniffi_safety/local_setup.bash
[0.903s] -- Symlinking: /home/lordcruise/Documents/upwork/sniffi/official_work/sniffi/install/sniffi_safety/share/sniffi_safety/local_setup.sh
[0.908s] -- Symlinking: /home/lordcruise/Documents/upwork/sniffi/official_work/sniffi/install/sniffi_safety/share/sniffi_safety/local_setup.zsh
[0.913s] -- Symlinking: /home/lordcruise/Documents/upwork/sniffi/official_work/sniffi/install/sniffi_safety/share/sniffi_safety/local_setup.dsv
[0.918s] -- Symlinking: /home/lordcruise/Documents/upwork/sniffi/official_work/sniffi/install/sniffi_safety/share/sniffi_safety/package.dsv
[0.924s] -- Symlinking: /home/lordcruise/Documents/upwork/sniffi/official_work/sniffi/install/sniffi_safety/share/ament_index/resource_index/packages/sniffi_safety
[0.928s] -- Symlinking: /home/lordcruise/Documents/upwork/sniffi/official_work/sniffi/install/sniffi_safety/share/sniffi_safety/cmake/sniffi_safetyConfig.cmake
[0.932s] -- Symlinking: /home/lordcruise/Documents/upwork/sniffi/official_work/sniffi/install/sniffi_safety/share/sniffi_safety/cmake/sniffi_safetyConfig-version.cmake
[0.937s] -- Symlinking: /home/lordcruise/Documents/upwork/sniffi/official_work/sniffi/install/sniffi_safety/share/sniffi_safety/package.xml
[0.950s] Invoked command in '/home/lordcruise/Documents/upwork/sniffi/official_work/sniffi/build/sniffi_safety' returned '0': AMENT_PREFIX_PATH=/home/lordcruise/Documents/upwork/sniffi/official_work/sniffi/install/sniffi_msgs:${AMENT_PREFIX_PATH} CMAKE_PREFIX_PATH=/home/lordcruise/Documents/upwork/sniffi/official_work/sniffi/install/sniffi_msgs:/opt/ros/humble /usr/bin/cmake --install /home/lordcruise/Documents/upwork/sniffi/official_work/sniffi/build/sniffi_safety
