-- The C compiler identification is GNU 11.4.0
-- The CXX compiler identification is GNU 11.4.0
-- Detecting C compiler ABI info
-- Detecting C compiler ABI info - done
-- Check for working C compiler: /usr/lib/ccache/cc - skipped
-- Detecting C compile features
-- Detecting C compile features - done
-- Detecting CXX compiler ABI info
-- Detecting CXX compiler ABI info - done
-- Check for working CXX compiler: /usr/lib/ccache/c++ - skipped
-- Detecting CXX compile features
-- Detecting CXX compile features - done
-- Found ament_cmake: 1.3.11 (/opt/ros/humble/share/ament_cmake/cmake)
-- Found Python3: /usr/bin/python3 (found version "3.10.12") found components: Interpreter 
-- Found rclcpp: 16.0.12 (/opt/ros/humble/share/rclcpp/cmake)
-- Found rosidl_generator_c: 3.1.6 (/opt/ros/humble/share/rosidl_generator_c/cmake)
-- Found rosidl_adapter: 3.1.6 (/opt/ros/humble/share/rosidl_adapter/cmake)
-- Found rosidl_generator_cpp: 3.1.6 (/opt/ros/humble/share/rosidl_generator_cpp/cmake)
-- Using all available rosidl_typesupport_c: rosidl_typesupport_fastrtps_c;rosidl_typesupport_introspection_c
-- Using all available rosidl_typesupport_cpp: rosidl_typesupport_fastrtps_cpp;rosidl_typesupport_introspection_cpp
-- Found rmw_implementation_cmake: 6.1.2 (/opt/ros/humble/share/rmw_implementation_cmake/cmake)
-- Found rmw_fastrtps_cpp: 6.2.7 (/opt/ros/humble/share/rmw_fastrtps_cpp/cmake)
-- Found OpenSSL: /usr/lib/x86_64-linux-gnu/libcrypto.so (found version "3.0.2")  
-- Found FastRTPS: /opt/ros/humble/include  
-- Using RMW implementation 'rmw_fastrtps_cpp' as default
-- Looking for pthread.h
-- Looking for pthread.h - found
-- Performing Test CMAKE_HAVE_LIBC_PTHREAD
-- Performing Test CMAKE_HAVE_LIBC_PTHREAD - Success
-- Found Threads: TRUE  
-- Found geometry_msgs: 4.8.0 (/opt/ros/humble/share/geometry_msgs/cmake)
-- Configuring done
-- Generating done
[33mCMake Warning:
  Manually-specified variables were not used by the project:

    CATKIN_INSTALL_INTO_PREFIX_ROOT
    CATKIN_SYMLINK_INSTALL

[0m
-- Build files have been written to: /home/lordcruise/Documents/upwork/sniffi/official_work/sniffi/build/sniffi_safety
[ 50%] [32mBuilding CXX object CMakeFiles/safety_node.dir/src/safety_node.cpp.o[0m
[100%] [32m[1mLinking CXX executable safety_node[0m
[100%] Built target safety_node
-- Install configuration: ""
-- Installing: /home/lordcruise/Documents/upwork/sniffi/official_work/sniffi/install/sniffi_safety/lib/sniffi_safety/safety_node
-- Set runtime path of "/home/lordcruise/Documents/upwork/sniffi/official_work/sniffi/install/sniffi_safety/lib/sniffi_safety/safety_node" to ""
-- Installing: /home/lordcruise/Documents/upwork/sniffi/official_work/sniffi/install/sniffi_safety/share/ament_index/resource_index/package_run_dependencies/sniffi_safety
-- Installing: /home/lordcruise/Documents/upwork/sniffi/official_work/sniffi/install/sniffi_safety/share/ament_index/resource_index/parent_prefix_path/sniffi_safety
-- Installing: /home/lordcruise/Documents/upwork/sniffi/official_work/sniffi/install/sniffi_safety/share/sniffi_safety/environment/ament_prefix_path.sh
-- Installing: /home/lordcruise/Documents/upwork/sniffi/official_work/sniffi/install/sniffi_safety/share/sniffi_safety/environment/ament_prefix_path.dsv
-- Installing: /home/lordcruise/Documents/upwork/sniffi/official_work/sniffi/install/sniffi_safety/share/sniffi_safety/environment/path.sh
-- Installing: /home/lordcruise/Documents/upwork/sniffi/official_work/sniffi/install/sniffi_safety/share/sniffi_safety/environment/path.dsv
-- Installing: /home/lordcruise/Documents/upwork/sniffi/official_work/sniffi/install/sniffi_safety/share/sniffi_safety/local_setup.bash
-- Installing: /home/lordcruise/Documents/upwork/sniffi/official_work/sniffi/install/sniffi_safety/share/sniffi_safety/local_setup.sh
-- Installing: /home/lordcruise/Documents/upwork/sniffi/official_work/sniffi/install/sniffi_safety/share/sniffi_safety/local_setup.zsh
-- Installing: /home/lordcruise/Documents/upwork/sniffi/official_work/sniffi/install/sniffi_safety/share/sniffi_safety/local_setup.dsv
-- Installing: /home/lordcruise/Documents/upwork/sniffi/official_work/sniffi/install/sniffi_safety/share/sniffi_safety/package.dsv
-- Installing: /home/lordcruise/Documents/upwork/sniffi/official_work/sniffi/install/sniffi_safety/share/ament_index/resource_index/packages/sniffi_safety
-- Installing: /home/lordcruise/Documents/upwork/sniffi/official_work/sniffi/install/sniffi_safety/share/sniffi_safety/cmake/sniffi_safetyConfig.cmake
-- Installing: /home/lordcruise/Documents/upwork/sniffi/official_work/sniffi/install/sniffi_safety/share/sniffi_safety/cmake/sniffi_safetyConfig-version.cmake
-- Installing: /home/lordcruise/Documents/upwork/sniffi/official_work/sniffi/install/sniffi_safety/share/sniffi_safety/package.xml
