[0.008s] Invoking command in '/home/lordcruise/Documents/upwork/sniffi/official_work/sniffi/build/sniffi_safety': /usr/bin/cmake /home/lordcruise/Documents/upwork/sniffi/official_work/sniffi/src/sniffi_safety -DCATKIN_INSTALL_INTO_PREFIX_ROOT=0 -DCATKIN_SYMLINK_INSTALL=ON -DCMAKE_INSTALL_PREFIX=/home/lordcruise/Documents/upwork/sniffi/official_work/sniffi/install/sniffi_safety
[0.061s] -- The C compiler identification is GNU 11.4.0
[0.102s] -- The CXX compiler identification is GNU 11.4.0
[0.114s] -- Detecting C compiler ABI info
[0.161s] -- Detecting C compiler ABI info - done
[0.169s] -- Check for working C compiler: /usr/lib/ccache/cc - skipped
[0.169s] -- Detecting C compile features
[0.169s] -- Detecting C compile features - done
[0.171s] -- Detecting CXX compiler ABI info
[0.217s] -- Detecting CXX compiler ABI info - done
[0.220s] -- Check for working CXX compiler: /usr/lib/ccache/c++ - skipped
[0.221s] -- Detecting CXX compile features
[0.222s] -- Detecting CXX compile features - done
[0.223s] -- Found ament_cmake: 1.3.11 (/opt/ros/humble/share/ament_cmake/cmake)
[0.460s] -- Found Python3: /usr/bin/python3 (found version "3.10.12") found components: Interpreter 
[0.524s] -- Found rclcpp: 16.0.12 (/opt/ros/humble/share/rclcpp/cmake)
[0.550s] -- Found rosidl_generator_c: 3.1.6 (/opt/ros/humble/share/rosidl_generator_c/cmake)
[0.553s] -- Found rosidl_adapter: 3.1.6 (/opt/ros/humble/share/rosidl_adapter/cmake)
[0.560s] -- Found rosidl_generator_cpp: 3.1.6 (/opt/ros/humble/share/rosidl_generator_cpp/cmake)
[0.568s] -- Using all available rosidl_typesupport_c: rosidl_typesupport_fastrtps_c;rosidl_typesupport_introspection_c
[0.578s] -- Using all available rosidl_typesupport_cpp: rosidl_typesupport_fastrtps_cpp;rosidl_typesupport_introspection_cpp
[0.609s] -- Found rmw_implementation_cmake: 6.1.2 (/opt/ros/humble/share/rmw_implementation_cmake/cmake)
[0.609s] -- Found rmw_fastrtps_cpp: 6.2.7 (/opt/ros/humble/share/rmw_fastrtps_cpp/cmake)
[0.687s] -- Found OpenSSL: /usr/lib/x86_64-linux-gnu/libcrypto.so (found version "3.0.2")  
[0.707s] -- Found FastRTPS: /opt/ros/humble/include  
[0.737s] -- Using RMW implementation 'rmw_fastrtps_cpp' as default
[0.741s] -- Looking for pthread.h
[0.787s] -- Looking for pthread.h - found
[0.787s] -- Performing Test CMAKE_HAVE_LIBC_PTHREAD
[0.830s] -- Performing Test CMAKE_HAVE_LIBC_PTHREAD - Success
[0.831s] -- Found Threads: TRUE  
[0.865s] -- Found geometry_msgs: 4.8.0 (/opt/ros/humble/share/geometry_msgs/cmake)
[0.918s] -- Configuring done
[0.922s] -- Generating done
[0.922s] [33mCMake Warning:
[0.922s]   Manually-specified variables were not used by the project:
[0.922s] 
[0.922s]     CATKIN_INSTALL_INTO_PREFIX_ROOT
[0.922s]     CATKIN_SYMLINK_INSTALL
[0.922s] 
[0.922s] [0m
[0.923s] -- Build files have been written to: /home/lordcruise/Documents/upwork/sniffi/official_work/sniffi/build/sniffi_safety
[0.930s] Invoked command in '/home/lordcruise/Documents/upwork/sniffi/official_work/sniffi/build/sniffi_safety' returned '0': /usr/bin/cmake /home/lordcruise/Documents/upwork/sniffi/official_work/sniffi/src/sniffi_safety -DCATKIN_INSTALL_INTO_PREFIX_ROOT=0 -DCATKIN_SYMLINK_INSTALL=ON -DCMAKE_INSTALL_PREFIX=/home/lordcruise/Documents/upwork/sniffi/official_work/sniffi/install/sniffi_safety
[0.931s] Invoking command in '/home/lordcruise/Documents/upwork/sniffi/official_work/sniffi/build/sniffi_safety': /usr/bin/cmake --build /home/lordcruise/Documents/upwork/sniffi/official_work/sniffi/build/sniffi_safety -- -j24 -l24
[0.962s] [ 50%] [32mBuilding CXX object CMakeFiles/safety_node.dir/src/safety_node.cpp.o[0m
[7.053s] [100%] [32m[1mLinking CXX executable safety_node[0m
[7.363s] [100%] Built target safety_node
[7.370s] Invoked command in '/home/lordcruise/Documents/upwork/sniffi/official_work/sniffi/build/sniffi_safety' returned '0': /usr/bin/cmake --build /home/lordcruise/Documents/upwork/sniffi/official_work/sniffi/build/sniffi_safety -- -j24 -l24
[7.376s] Invoking command in '/home/lordcruise/Documents/upwork/sniffi/official_work/sniffi/build/sniffi_safety': /usr/bin/cmake --install /home/lordcruise/Documents/upwork/sniffi/official_work/sniffi/build/sniffi_safety
[7.381s] -- Install configuration: ""
[7.381s] -- Installing: /home/lordcruise/Documents/upwork/sniffi/official_work/sniffi/install/sniffi_safety/lib/sniffi_safety/safety_node
[7.384s] -- Set runtime path of "/home/lordcruise/Documents/upwork/sniffi/official_work/sniffi/install/sniffi_safety/lib/sniffi_safety/safety_node" to ""
[7.384s] -- Installing: /home/lordcruise/Documents/upwork/sniffi/official_work/sniffi/install/sniffi_safety/share/ament_index/resource_index/package_run_dependencies/sniffi_safety
[7.384s] -- Installing: /home/lordcruise/Documents/upwork/sniffi/official_work/sniffi/install/sniffi_safety/share/ament_index/resource_index/parent_prefix_path/sniffi_safety
[7.384s] -- Installing: /home/lordcruise/Documents/upwork/sniffi/official_work/sniffi/install/sniffi_safety/share/sniffi_safety/environment/ament_prefix_path.sh
[7.384s] -- Installing: /home/lordcruise/Documents/upwork/sniffi/official_work/sniffi/install/sniffi_safety/share/sniffi_safety/environment/ament_prefix_path.dsv
[7.384s] -- Installing: /home/lordcruise/Documents/upwork/sniffi/official_work/sniffi/install/sniffi_safety/share/sniffi_safety/environment/path.sh
[7.384s] -- Installing: /home/lordcruise/Documents/upwork/sniffi/official_work/sniffi/install/sniffi_safety/share/sniffi_safety/environment/path.dsv
[7.385s] -- Installing: /home/lordcruise/Documents/upwork/sniffi/official_work/sniffi/install/sniffi_safety/share/sniffi_safety/local_setup.bash
[7.385s] -- Installing: /home/lordcruise/Documents/upwork/sniffi/official_work/sniffi/install/sniffi_safety/share/sniffi_safety/local_setup.sh
[7.385s] -- Installing: /home/lordcruise/Documents/upwork/sniffi/official_work/sniffi/install/sniffi_safety/share/sniffi_safety/local_setup.zsh
[7.385s] -- Installing: /home/lordcruise/Documents/upwork/sniffi/official_work/sniffi/install/sniffi_safety/share/sniffi_safety/local_setup.dsv
[7.385s] -- Installing: /home/lordcruise/Documents/upwork/sniffi/official_work/sniffi/install/sniffi_safety/share/sniffi_safety/package.dsv
[7.385s] -- Installing: /home/lordcruise/Documents/upwork/sniffi/official_work/sniffi/install/sniffi_safety/share/ament_index/resource_index/packages/sniffi_safety
[7.385s] -- Installing: /home/lordcruise/Documents/upwork/sniffi/official_work/sniffi/install/sniffi_safety/share/sniffi_safety/cmake/sniffi_safetyConfig.cmake
[7.385s] -- Installing: /home/lordcruise/Documents/upwork/sniffi/official_work/sniffi/install/sniffi_safety/share/sniffi_safety/cmake/sniffi_safetyConfig-version.cmake
[7.385s] -- Installing: /home/lordcruise/Documents/upwork/sniffi/official_work/sniffi/install/sniffi_safety/share/sniffi_safety/package.xml
[7.386s] Invoked command in '/home/lordcruise/Documents/upwork/sniffi/official_work/sniffi/build/sniffi_safety' returned '0': /usr/bin/cmake --install /home/lordcruise/Documents/upwork/sniffi/official_work/sniffi/build/sniffi_safety
