[0.056s] DEBUG:colcon:Command line arguments: ['/usr/bin/colcon', 'list', '-p', '--base-paths', '/home/lordcruise/Documents/upwork/sniffi/official_work/sniffi']
[0.056s] DEBUG:colcon:Parsed command line arguments: Namespace(log_base=None, log_level=None, verb_name='list', build_base='build', ignore_user_meta=False, metas=['./colcon.meta'], base_paths=['/home/lordcruise/Documents/upwork/sniffi/official_work/sniffi'], packages_ignore=None, packages_ignore_regex=None, paths=None, packages_up_to=None, packages_up_to_regex=None, packages_above=None, packages_above_and_dependencies=None, packages_above_depth=None, packages_select_by_dep=None, packages_skip_by_dep=None, packages_skip_up_to=None, packages_select_build_failed=False, packages_skip_build_finished=False, packages_select_test_failures=False, packages_skip_test_passed=False, packages_select=None, packages_skip=None, packages_select_regex=None, packages_skip_regex=None, packages_start=None, packages_end=None, allow_overriding=[], topological_order=False, names_only=False, paths_only=True, topological_graph=False, topological_graph_dot=False, topological_graph_density=False, topological_graph_legend=False, topological_graph_dot_cluster=False, topological_graph_dot_include_skipped=False, verb_parser=<colcon_defaults.argument_parser.defaults.DefaultArgumentsDecorator object at 0x7561e472f610>, verb_extension=<colcon_package_information.verb.list.ListVerb object at 0x7561e48b0850>, main=<bound method ListVerb.main of <colcon_package_information.verb.list.ListVerb object at 0x7561e48b0850>>)
[0.080s] Level 1:colcon.colcon_core.package_discovery:discover_packages(colcon_meta) check parameters
[0.081s] Level 1:colcon.colcon_core.package_discovery:discover_packages(recursive) check parameters
[0.081s] Level 1:colcon.colcon_core.package_discovery:discover_packages(ignore) check parameters
[0.081s] Level 1:colcon.colcon_core.package_discovery:discover_packages(path) check parameters
[0.081s] Level 1:colcon.colcon_core.package_discovery:discover_packages(recursive) discover
[0.081s] INFO:colcon.colcon_core.package_discovery:Crawling recursively for packages in '/home/lordcruise/Documents/upwork/sniffi/official_work/sniffi'
[0.081s] Level 1:colcon.colcon_core.package_identification:_identify(/home/lordcruise/Documents/upwork/sniffi/official_work/sniffi) by extensions ['ignore', 'ignore_ament_install']
[0.081s] Level 1:colcon.colcon_core.package_identification:_identify(/home/lordcruise/Documents/upwork/sniffi/official_work/sniffi) by extension 'ignore'
[0.081s] Level 1:colcon.colcon_core.package_identification:_identify(/home/lordcruise/Documents/upwork/sniffi/official_work/sniffi) by extension 'ignore_ament_install'
[0.081s] Level 1:colcon.colcon_core.package_identification:_identify(/home/lordcruise/Documents/upwork/sniffi/official_work/sniffi) by extensions ['colcon_pkg']
[0.081s] Level 1:colcon.colcon_core.package_identification:_identify(/home/lordcruise/Documents/upwork/sniffi/official_work/sniffi) by extension 'colcon_pkg'
[0.081s] Level 1:colcon.colcon_core.package_identification:_identify(/home/lordcruise/Documents/upwork/sniffi/official_work/sniffi) by extensions ['colcon_meta']
[0.081s] Level 1:colcon.colcon_core.package_identification:_identify(/home/lordcruise/Documents/upwork/sniffi/official_work/sniffi) by extension 'colcon_meta'
[0.081s] Level 1:colcon.colcon_core.package_identification:_identify(/home/lordcruise/Documents/upwork/sniffi/official_work/sniffi) by extensions ['ros']
[0.081s] Level 1:colcon.colcon_core.package_identification:_identify(/home/lordcruise/Documents/upwork/sniffi/official_work/sniffi) by extension 'ros'
[0.090s] Level 1:colcon.colcon_core.package_identification:_identify(/home/lordcruise/Documents/upwork/sniffi/official_work/sniffi) by extensions ['cmake', 'python']
[0.090s] Level 1:colcon.colcon_core.package_identification:_identify(/home/lordcruise/Documents/upwork/sniffi/official_work/sniffi) by extension 'cmake'
[0.090s] Level 1:colcon.colcon_core.package_identification:_identify(/home/lordcruise/Documents/upwork/sniffi/official_work/sniffi) by extension 'python'
[0.090s] Level 1:colcon.colcon_core.package_identification:_identify(/home/lordcruise/Documents/upwork/sniffi/official_work/sniffi) by extensions ['python_setup_py']
[0.090s] Level 1:colcon.colcon_core.package_identification:_identify(/home/lordcruise/Documents/upwork/sniffi/official_work/sniffi) by extension 'python_setup_py'
[0.090s] Level 1:colcon.colcon_core.package_identification:_identify(/home/lordcruise/Documents/upwork/sniffi/official_work/sniffi/docs) by extensions ['ignore', 'ignore_ament_install']
[0.090s] Level 1:colcon.colcon_core.package_identification:_identify(/home/lordcruise/Documents/upwork/sniffi/official_work/sniffi/docs) by extension 'ignore'
[0.090s] Level 1:colcon.colcon_core.package_identification:_identify(/home/lordcruise/Documents/upwork/sniffi/official_work/sniffi/docs) by extension 'ignore_ament_install'
[0.090s] Level 1:colcon.colcon_core.package_identification:_identify(/home/lordcruise/Documents/upwork/sniffi/official_work/sniffi/docs) by extensions ['colcon_pkg']
[0.090s] Level 1:colcon.colcon_core.package_identification:_identify(/home/lordcruise/Documents/upwork/sniffi/official_work/sniffi/docs) by extension 'colcon_pkg'
[0.090s] Level 1:colcon.colcon_core.package_identification:_identify(/home/lordcruise/Documents/upwork/sniffi/official_work/sniffi/docs) by extensions ['colcon_meta']
[0.090s] Level 1:colcon.colcon_core.package_identification:_identify(/home/lordcruise/Documents/upwork/sniffi/official_work/sniffi/docs) by extension 'colcon_meta'
[0.090s] Level 1:colcon.colcon_core.package_identification:_identify(/home/lordcruise/Documents/upwork/sniffi/official_work/sniffi/docs) by extensions ['ros']
[0.090s] Level 1:colcon.colcon_core.package_identification:_identify(/home/lordcruise/Documents/upwork/sniffi/official_work/sniffi/docs) by extension 'ros'
[0.090s] Level 1:colcon.colcon_core.package_identification:_identify(/home/lordcruise/Documents/upwork/sniffi/official_work/sniffi/docs) by extensions ['cmake', 'python']
[0.090s] Level 1:colcon.colcon_core.package_identification:_identify(/home/lordcruise/Documents/upwork/sniffi/official_work/sniffi/docs) by extension 'cmake'
[0.090s] Level 1:colcon.colcon_core.package_identification:_identify(/home/lordcruise/Documents/upwork/sniffi/official_work/sniffi/docs) by extension 'python'
[0.090s] Level 1:colcon.colcon_core.package_identification:_identify(/home/lordcruise/Documents/upwork/sniffi/official_work/sniffi/docs) by extensions ['python_setup_py']
[0.090s] Level 1:colcon.colcon_core.package_identification:_identify(/home/lordcruise/Documents/upwork/sniffi/official_work/sniffi/docs) by extension 'python_setup_py'
[0.090s] Level 1:colcon.colcon_core.package_identification:_identify(/home/lordcruise/Documents/upwork/sniffi/official_work/sniffi/log) by extensions ['ignore', 'ignore_ament_install']
[0.090s] Level 1:colcon.colcon_core.package_identification:_identify(/home/lordcruise/Documents/upwork/sniffi/official_work/sniffi/log) by extension 'ignore'
[0.090s] Level 1:colcon.colcon_core.package_identification:_identify(/home/lordcruise/Documents/upwork/sniffi/official_work/sniffi/log) ignored
[0.090s] Level 1:colcon.colcon_core.package_identification:_identify(/home/lordcruise/Documents/upwork/sniffi/official_work/sniffi/ref-src) by extensions ['ignore', 'ignore_ament_install']
[0.090s] Level 1:colcon.colcon_core.package_identification:_identify(/home/lordcruise/Documents/upwork/sniffi/official_work/sniffi/ref-src) by extension 'ignore'
[0.090s] Level 1:colcon.colcon_core.package_identification:_identify(/home/lordcruise/Documents/upwork/sniffi/official_work/sniffi/ref-src) by extension 'ignore_ament_install'
[0.090s] Level 1:colcon.colcon_core.package_identification:_identify(/home/lordcruise/Documents/upwork/sniffi/official_work/sniffi/ref-src) by extensions ['colcon_pkg']
[0.090s] Level 1:colcon.colcon_core.package_identification:_identify(/home/lordcruise/Documents/upwork/sniffi/official_work/sniffi/ref-src) by extension 'colcon_pkg'
[0.090s] Level 1:colcon.colcon_core.package_identification:_identify(/home/lordcruise/Documents/upwork/sniffi/official_work/sniffi/ref-src) by extensions ['colcon_meta']
[0.090s] Level 1:colcon.colcon_core.package_identification:_identify(/home/lordcruise/Documents/upwork/sniffi/official_work/sniffi/ref-src) by extension 'colcon_meta'
[0.090s] Level 1:colcon.colcon_core.package_identification:_identify(/home/lordcruise/Documents/upwork/sniffi/official_work/sniffi/ref-src) by extensions ['ros']
[0.090s] Level 1:colcon.colcon_core.package_identification:_identify(/home/lordcruise/Documents/upwork/sniffi/official_work/sniffi/ref-src) by extension 'ros'
[0.090s] Level 1:colcon.colcon_core.package_identification:_identify(/home/lordcruise/Documents/upwork/sniffi/official_work/sniffi/ref-src) by extensions ['cmake', 'python']
[0.090s] Level 1:colcon.colcon_core.package_identification:_identify(/home/lordcruise/Documents/upwork/sniffi/official_work/sniffi/ref-src) by extension 'cmake'
[0.090s] Level 1:colcon.colcon_core.package_identification:_identify(/home/lordcruise/Documents/upwork/sniffi/official_work/sniffi/ref-src) by extension 'python'
[0.091s] Level 1:colcon.colcon_core.package_identification:_identify(/home/lordcruise/Documents/upwork/sniffi/official_work/sniffi/ref-src) by extensions ['python_setup_py']
[0.091s] Level 1:colcon.colcon_core.package_identification:_identify(/home/lordcruise/Documents/upwork/sniffi/official_work/sniffi/ref-src) by extension 'python_setup_py'
[0.091s] Level 1:colcon.colcon_core.package_identification:_identify(/home/lordcruise/Documents/upwork/sniffi/official_work/sniffi/ref-src/src) by extensions ['ignore', 'ignore_ament_install']
[0.091s] Level 1:colcon.colcon_core.package_identification:_identify(/home/lordcruise/Documents/upwork/sniffi/official_work/sniffi/ref-src/src) by extension 'ignore'
[0.091s] Level 1:colcon.colcon_core.package_identification:_identify(/home/lordcruise/Documents/upwork/sniffi/official_work/sniffi/ref-src/src) by extension 'ignore_ament_install'
[0.091s] Level 1:colcon.colcon_core.package_identification:_identify(/home/lordcruise/Documents/upwork/sniffi/official_work/sniffi/ref-src/src) by extensions ['colcon_pkg']
[0.091s] Level 1:colcon.colcon_core.package_identification:_identify(/home/lordcruise/Documents/upwork/sniffi/official_work/sniffi/ref-src/src) by extension 'colcon_pkg'
[0.091s] Level 1:colcon.colcon_core.package_identification:_identify(/home/lordcruise/Documents/upwork/sniffi/official_work/sniffi/ref-src/src) by extensions ['colcon_meta']
[0.091s] Level 1:colcon.colcon_core.package_identification:_identify(/home/lordcruise/Documents/upwork/sniffi/official_work/sniffi/ref-src/src) by extension 'colcon_meta'
[0.091s] Level 1:colcon.colcon_core.package_identification:_identify(/home/lordcruise/Documents/upwork/sniffi/official_work/sniffi/ref-src/src) by extensions ['ros']
[0.091s] Level 1:colcon.colcon_core.package_identification:_identify(/home/lordcruise/Documents/upwork/sniffi/official_work/sniffi/ref-src/src) by extension 'ros'
[0.091s] Level 1:colcon.colcon_core.package_identification:_identify(/home/lordcruise/Documents/upwork/sniffi/official_work/sniffi/ref-src/src) by extensions ['cmake', 'python']
[0.091s] Level 1:colcon.colcon_core.package_identification:_identify(/home/lordcruise/Documents/upwork/sniffi/official_work/sniffi/ref-src/src) by extension 'cmake'
[0.091s] Level 1:colcon.colcon_core.package_identification:_identify(/home/lordcruise/Documents/upwork/sniffi/official_work/sniffi/ref-src/src) by extension 'python'
[0.091s] Level 1:colcon.colcon_core.package_identification:_identify(/home/lordcruise/Documents/upwork/sniffi/official_work/sniffi/ref-src/src) by extensions ['python_setup_py']
[0.091s] Level 1:colcon.colcon_core.package_identification:_identify(/home/lordcruise/Documents/upwork/sniffi/official_work/sniffi/ref-src/src) by extension 'python_setup_py'
[0.091s] Level 1:colcon.colcon_core.package_identification:_identify(/home/lordcruise/Documents/upwork/sniffi/official_work/sniffi/ref-src/src/lidar_gui) by extensions ['ignore', 'ignore_ament_install']
[0.091s] Level 1:colcon.colcon_core.package_identification:_identify(/home/lordcruise/Documents/upwork/sniffi/official_work/sniffi/ref-src/src/lidar_gui) by extension 'ignore'
[0.091s] Level 1:colcon.colcon_core.package_identification:_identify(/home/lordcruise/Documents/upwork/sniffi/official_work/sniffi/ref-src/src/lidar_gui) by extension 'ignore_ament_install'
[0.091s] Level 1:colcon.colcon_core.package_identification:_identify(/home/lordcruise/Documents/upwork/sniffi/official_work/sniffi/ref-src/src/lidar_gui) by extensions ['colcon_pkg']
[0.091s] Level 1:colcon.colcon_core.package_identification:_identify(/home/lordcruise/Documents/upwork/sniffi/official_work/sniffi/ref-src/src/lidar_gui) by extension 'colcon_pkg'
[0.091s] Level 1:colcon.colcon_core.package_identification:_identify(/home/lordcruise/Documents/upwork/sniffi/official_work/sniffi/ref-src/src/lidar_gui) by extensions ['colcon_meta']
[0.091s] Level 1:colcon.colcon_core.package_identification:_identify(/home/lordcruise/Documents/upwork/sniffi/official_work/sniffi/ref-src/src/lidar_gui) by extension 'colcon_meta'
[0.091s] Level 1:colcon.colcon_core.package_identification:_identify(/home/lordcruise/Documents/upwork/sniffi/official_work/sniffi/ref-src/src/lidar_gui) by extensions ['ros']
[0.091s] Level 1:colcon.colcon_core.package_identification:_identify(/home/lordcruise/Documents/upwork/sniffi/official_work/sniffi/ref-src/src/lidar_gui) by extension 'ros'
[0.093s] DEBUG:colcon.colcon_core.package_identification:Package '/home/lordcruise/Documents/upwork/sniffi/official_work/sniffi/ref-src/src/lidar_gui' with type 'ros.ament_python' and name 'lidar_gui'
[0.093s] Level 1:colcon.colcon_core.package_identification:_identify(/home/lordcruise/Documents/upwork/sniffi/official_work/sniffi/ref-src/src/motor_driver) by extensions ['ignore', 'ignore_ament_install']
[0.093s] Level 1:colcon.colcon_core.package_identification:_identify(/home/lordcruise/Documents/upwork/sniffi/official_work/sniffi/ref-src/src/motor_driver) by extension 'ignore'
[0.093s] Level 1:colcon.colcon_core.package_identification:_identify(/home/lordcruise/Documents/upwork/sniffi/official_work/sniffi/ref-src/src/motor_driver) by extension 'ignore_ament_install'
[0.093s] Level 1:colcon.colcon_core.package_identification:_identify(/home/lordcruise/Documents/upwork/sniffi/official_work/sniffi/ref-src/src/motor_driver) by extensions ['colcon_pkg']
[0.093s] Level 1:colcon.colcon_core.package_identification:_identify(/home/lordcruise/Documents/upwork/sniffi/official_work/sniffi/ref-src/src/motor_driver) by extension 'colcon_pkg'
[0.093s] Level 1:colcon.colcon_core.package_identification:_identify(/home/lordcruise/Documents/upwork/sniffi/official_work/sniffi/ref-src/src/motor_driver) by extensions ['colcon_meta']
[0.093s] Level 1:colcon.colcon_core.package_identification:_identify(/home/lordcruise/Documents/upwork/sniffi/official_work/sniffi/ref-src/src/motor_driver) by extension 'colcon_meta'
[0.093s] Level 1:colcon.colcon_core.package_identification:_identify(/home/lordcruise/Documents/upwork/sniffi/official_work/sniffi/ref-src/src/motor_driver) by extensions ['ros']
[0.093s] Level 1:colcon.colcon_core.package_identification:_identify(/home/lordcruise/Documents/upwork/sniffi/official_work/sniffi/ref-src/src/motor_driver) by extension 'ros'
[0.094s] DEBUG:colcon.colcon_core.package_identification:Package '/home/lordcruise/Documents/upwork/sniffi/official_work/sniffi/ref-src/src/motor_driver' with type 'ros.ament_python' and name 'motor_driver'
[0.094s] Level 1:colcon.colcon_core.package_identification:_identify(/home/lordcruise/Documents/upwork/sniffi/official_work/sniffi/ref-src/src/sllidar_ros2) by extensions ['ignore', 'ignore_ament_install']
[0.094s] Level 1:colcon.colcon_core.package_identification:_identify(/home/lordcruise/Documents/upwork/sniffi/official_work/sniffi/ref-src/src/sllidar_ros2) by extension 'ignore'
[0.094s] Level 1:colcon.colcon_core.package_identification:_identify(/home/lordcruise/Documents/upwork/sniffi/official_work/sniffi/ref-src/src/sllidar_ros2) by extension 'ignore_ament_install'
[0.094s] Level 1:colcon.colcon_core.package_identification:_identify(/home/lordcruise/Documents/upwork/sniffi/official_work/sniffi/ref-src/src/sllidar_ros2) by extensions ['colcon_pkg']
[0.094s] Level 1:colcon.colcon_core.package_identification:_identify(/home/lordcruise/Documents/upwork/sniffi/official_work/sniffi/ref-src/src/sllidar_ros2) by extension 'colcon_pkg'
[0.094s] Level 1:colcon.colcon_core.package_identification:_identify(/home/lordcruise/Documents/upwork/sniffi/official_work/sniffi/ref-src/src/sllidar_ros2) by extensions ['colcon_meta']
[0.094s] Level 1:colcon.colcon_core.package_identification:_identify(/home/lordcruise/Documents/upwork/sniffi/official_work/sniffi/ref-src/src/sllidar_ros2) by extension 'colcon_meta'
[0.094s] Level 1:colcon.colcon_core.package_identification:_identify(/home/lordcruise/Documents/upwork/sniffi/official_work/sniffi/ref-src/src/sllidar_ros2) by extensions ['ros']
[0.094s] Level 1:colcon.colcon_core.package_identification:_identify(/home/lordcruise/Documents/upwork/sniffi/official_work/sniffi/ref-src/src/sllidar_ros2) by extension 'ros'
[0.095s] DEBUG:colcon.colcon_core.package_identification:Package '/home/lordcruise/Documents/upwork/sniffi/official_work/sniffi/ref-src/src/sllidar_ros2' with type 'ros.ament_cmake' and name 'sllidar_ros2'
[0.095s] Level 1:colcon.colcon_core.package_identification:_identify(/home/lordcruise/Documents/upwork/sniffi/official_work/sniffi/src) by extensions ['ignore', 'ignore_ament_install']
[0.095s] Level 1:colcon.colcon_core.package_identification:_identify(/home/lordcruise/Documents/upwork/sniffi/official_work/sniffi/src) by extension 'ignore'
[0.095s] Level 1:colcon.colcon_core.package_identification:_identify(/home/lordcruise/Documents/upwork/sniffi/official_work/sniffi/src) by extension 'ignore_ament_install'
[0.095s] Level 1:colcon.colcon_core.package_identification:_identify(/home/lordcruise/Documents/upwork/sniffi/official_work/sniffi/src) by extensions ['colcon_pkg']
[0.095s] Level 1:colcon.colcon_core.package_identification:_identify(/home/lordcruise/Documents/upwork/sniffi/official_work/sniffi/src) by extension 'colcon_pkg'
[0.095s] Level 1:colcon.colcon_core.package_identification:_identify(/home/lordcruise/Documents/upwork/sniffi/official_work/sniffi/src) by extensions ['colcon_meta']
[0.095s] Level 1:colcon.colcon_core.package_identification:_identify(/home/lordcruise/Documents/upwork/sniffi/official_work/sniffi/src) by extension 'colcon_meta'
[0.095s] Level 1:colcon.colcon_core.package_identification:_identify(/home/lordcruise/Documents/upwork/sniffi/official_work/sniffi/src) by extensions ['ros']
[0.095s] Level 1:colcon.colcon_core.package_identification:_identify(/home/lordcruise/Documents/upwork/sniffi/official_work/sniffi/src) by extension 'ros'
[0.095s] Level 1:colcon.colcon_core.package_identification:_identify(/home/lordcruise/Documents/upwork/sniffi/official_work/sniffi/src) by extensions ['cmake', 'python']
[0.095s] Level 1:colcon.colcon_core.package_identification:_identify(/home/lordcruise/Documents/upwork/sniffi/official_work/sniffi/src) by extension 'cmake'
[0.095s] Level 1:colcon.colcon_core.package_identification:_identify(/home/lordcruise/Documents/upwork/sniffi/official_work/sniffi/src) by extension 'python'
[0.095s] Level 1:colcon.colcon_core.package_identification:_identify(/home/lordcruise/Documents/upwork/sniffi/official_work/sniffi/src) by extensions ['python_setup_py']
[0.095s] Level 1:colcon.colcon_core.package_identification:_identify(/home/lordcruise/Documents/upwork/sniffi/official_work/sniffi/src) by extension 'python_setup_py'
[0.095s] Level 1:colcon.colcon_core.package_identification:_identify(/home/lordcruise/Documents/upwork/sniffi/official_work/sniffi/src/lidar_gui) by extensions ['ignore', 'ignore_ament_install']
[0.095s] Level 1:colcon.colcon_core.package_identification:_identify(/home/lordcruise/Documents/upwork/sniffi/official_work/sniffi/src/lidar_gui) by extension 'ignore'
[0.095s] Level 1:colcon.colcon_core.package_identification:_identify(/home/lordcruise/Documents/upwork/sniffi/official_work/sniffi/src/lidar_gui) by extension 'ignore_ament_install'
[0.095s] Level 1:colcon.colcon_core.package_identification:_identify(/home/lordcruise/Documents/upwork/sniffi/official_work/sniffi/src/lidar_gui) by extensions ['colcon_pkg']
[0.095s] Level 1:colcon.colcon_core.package_identification:_identify(/home/lordcruise/Documents/upwork/sniffi/official_work/sniffi/src/lidar_gui) by extension 'colcon_pkg'
[0.095s] Level 1:colcon.colcon_core.package_identification:_identify(/home/lordcruise/Documents/upwork/sniffi/official_work/sniffi/src/lidar_gui) by extensions ['colcon_meta']
[0.095s] Level 1:colcon.colcon_core.package_identification:_identify(/home/lordcruise/Documents/upwork/sniffi/official_work/sniffi/src/lidar_gui) by extension 'colcon_meta'
[0.095s] Level 1:colcon.colcon_core.package_identification:_identify(/home/lordcruise/Documents/upwork/sniffi/official_work/sniffi/src/lidar_gui) by extensions ['ros']
[0.095s] Level 1:colcon.colcon_core.package_identification:_identify(/home/lordcruise/Documents/upwork/sniffi/official_work/sniffi/src/lidar_gui) by extension 'ros'
[0.096s] DEBUG:colcon.colcon_core.package_identification:Package '/home/lordcruise/Documents/upwork/sniffi/official_work/sniffi/src/lidar_gui' with type 'ros.ament_cmake' and name 'lidar_gui'
[0.096s] Level 1:colcon.colcon_core.package_identification:_identify(/home/lordcruise/Documents/upwork/sniffi/official_work/sniffi/src/motor_driver) by extensions ['ignore', 'ignore_ament_install']
[0.096s] Level 1:colcon.colcon_core.package_identification:_identify(/home/lordcruise/Documents/upwork/sniffi/official_work/sniffi/src/motor_driver) by extension 'ignore'
[0.096s] Level 1:colcon.colcon_core.package_identification:_identify(/home/lordcruise/Documents/upwork/sniffi/official_work/sniffi/src/motor_driver) by extension 'ignore_ament_install'
[0.096s] Level 1:colcon.colcon_core.package_identification:_identify(/home/lordcruise/Documents/upwork/sniffi/official_work/sniffi/src/motor_driver) by extensions ['colcon_pkg']
[0.096s] Level 1:colcon.colcon_core.package_identification:_identify(/home/lordcruise/Documents/upwork/sniffi/official_work/sniffi/src/motor_driver) by extension 'colcon_pkg'
[0.096s] Level 1:colcon.colcon_core.package_identification:_identify(/home/lordcruise/Documents/upwork/sniffi/official_work/sniffi/src/motor_driver) by extensions ['colcon_meta']
[0.096s] Level 1:colcon.colcon_core.package_identification:_identify(/home/lordcruise/Documents/upwork/sniffi/official_work/sniffi/src/motor_driver) by extension 'colcon_meta'
[0.096s] Level 1:colcon.colcon_core.package_identification:_identify(/home/lordcruise/Documents/upwork/sniffi/official_work/sniffi/src/motor_driver) by extensions ['ros']
[0.096s] Level 1:colcon.colcon_core.package_identification:_identify(/home/lordcruise/Documents/upwork/sniffi/official_work/sniffi/src/motor_driver) by extension 'ros'
[0.096s] DEBUG:colcon.colcon_core.package_identification:Package '/home/lordcruise/Documents/upwork/sniffi/official_work/sniffi/src/motor_driver' with type 'ros.ament_cmake' and name 'motor_driver'
[0.096s] Level 1:colcon.colcon_core.package_identification:_identify(/home/lordcruise/Documents/upwork/sniffi/official_work/sniffi/src/sniffi_description) by extensions ['ignore', 'ignore_ament_install']
[0.096s] Level 1:colcon.colcon_core.package_identification:_identify(/home/lordcruise/Documents/upwork/sniffi/official_work/sniffi/src/sniffi_description) by extension 'ignore'
[0.096s] Level 1:colcon.colcon_core.package_identification:_identify(/home/lordcruise/Documents/upwork/sniffi/official_work/sniffi/src/sniffi_description) by extension 'ignore_ament_install'
[0.096s] Level 1:colcon.colcon_core.package_identification:_identify(/home/lordcruise/Documents/upwork/sniffi/official_work/sniffi/src/sniffi_description) by extensions ['colcon_pkg']
[0.096s] Level 1:colcon.colcon_core.package_identification:_identify(/home/lordcruise/Documents/upwork/sniffi/official_work/sniffi/src/sniffi_description) by extension 'colcon_pkg'
[0.096s] Level 1:colcon.colcon_core.package_identification:_identify(/home/lordcruise/Documents/upwork/sniffi/official_work/sniffi/src/sniffi_description) by extensions ['colcon_meta']
[0.096s] Level 1:colcon.colcon_core.package_identification:_identify(/home/lordcruise/Documents/upwork/sniffi/official_work/sniffi/src/sniffi_description) by extension 'colcon_meta'
[0.096s] Level 1:colcon.colcon_core.package_identification:_identify(/home/lordcruise/Documents/upwork/sniffi/official_work/sniffi/src/sniffi_description) by extensions ['ros']
[0.096s] Level 1:colcon.colcon_core.package_identification:_identify(/home/lordcruise/Documents/upwork/sniffi/official_work/sniffi/src/sniffi_description) by extension 'ros'
[0.097s] DEBUG:colcon.colcon_core.package_identification:Package '/home/lordcruise/Documents/upwork/sniffi/official_work/sniffi/src/sniffi_description' with type 'ros.ament_cmake' and name 'sniffi_description'
[0.097s] Level 1:colcon.colcon_core.package_discovery:discover_packages(recursive) using defaults
